#
# There is insufficient memory for the Java Runtime Environment to continue.
# Native memory allocation (malloc) failed to allocate 10216 bytes for ChunkPool::allocate
# Possible reasons:
#   The system is out of physical RAM or swap space
#   In 32 bit mode, the process size limit was hit
# Possible solutions:
#   Reduce memory load on the system
#   Increase physical memory or swap space
#   Check if swap backing store is full
#   Use 64 bit Java on a 64 bit OS
#   Decrease Java heap size (-Xmx/-Xms)
#   Decrease number of Java threads
#   Decrease Java thread stack sizes (-Xss)
#   Set larger code cache with -XX:ReservedCodeCacheSize=
# This output file may be truncated or incomplete.
#
#  Out of Memory Error (allocation.cpp:273), pid=8292, tid=9312
#
# JRE version: Java(TM) SE Runtime Environment (8.0_45-b14) (build 1.8.0_45-b14)
# Java VM: Java HotSpot(TM) 64-Bit Server VM (25.45-b02 mixed mode windows-amd64 compressed oops)
# Failed to write core dump. Minidumps are not enabled by default on client versions of Windows
#

---------------  T H R E A D  ---------------

Current thread (0x000000001522f000):  JavaThread "C2 CompilerThread0" daemon [_thread_in_vm, id=9312, stack(0x0000000016cb0000,0x0000000016db0000)]

Stack: [0x0000000016cb0000,0x0000000016db0000]
Native frames: (J=compiled Java code, j=interpreted, Vv=VM code, C=native code)
V  [jvm.dll+0x32b57a]


---------------  P R O C E S S  ---------------

Java Threads: ( => current thread )
  0x0000000016558000 JavaThread "C1 CompilerThread2" daemon [_thread_new, id=9520, stack(0x0000000000000000,0x0000000000000000)]
  0x0000000016557000 JavaThread "C2 CompilerThread1" daemon [_thread_new, id=3620, stack(0x0000000000000000,0x0000000000000000)]
=>0x000000001522f000 JavaThread "C2 CompilerThread0" daemon [_thread_in_vm, id=9312, stack(0x0000000016cb0000,0x0000000016db0000)]
  0x000000001522c000 JavaThread "Attach Listener" daemon [_thread_new, id=8832, stack(0x0000000000000000,0x0000000000000000)]
  0x000000001654a800 JavaThread "Signal Dispatcher" daemon [_thread_new, id=9392, stack(0x0000000000000000,0x0000000000000000)]
  0x00000000151c1000 JavaThread "Finalizer" daemon [_thread_blocked, id=7668, stack(0x0000000016440000,0x0000000016540000)]
  0x00000000151bf800 JavaThread "Reference Handler" daemon [_thread_blocked, id=6804, stack(0x0000000016120000,0x0000000016220000)]
  0x000000000029f000 JavaThread "main" [_thread_in_vm, id=9272, stack(0x0000000002900000,0x0000000002a00000)]

Other Threads:
  0x00000000151bc000 VMThread [stack: 0x00000000162b0000,0x00000000163b0000] [id=8004]

VM state:not at safepoint (normal execution)

VM Mutex/Monitor currently owned by a thread: None

Heap:
 PSYoungGen      total 38400K, used 1331K [0x00000000eab00000, 0x00000000ed580000, 0x0000000100000000)
  eden space 33280K, 4% used [0x00000000eab00000,0x00000000eac4cd80,0x00000000ecb80000)
  from space 5120K, 0% used [0x00000000ed080000,0x00000000ed080000,0x00000000ed580000)
  to   space 5120K, 0% used [0x00000000ecb80000,0x00000000ecb80000,0x00000000ed080000)
 ParOldGen       total 87552K, used 0K [0x00000000c0000000, 0x00000000c5580000, 0x00000000eab00000)
  object space 87552K, 0% used [0x00000000c0000000,0x00000000c0000000,0x00000000c5580000)
 Metaspace       used 2231K, capacity 4480K, committed 4480K, reserved 1056768K
  class space    used 242K, capacity 384K, committed 384K, reserved 1048576K

Card table byte_map: [0x0000000011dc0000,0x0000000011fd0000] byte_map_base: 0x00000000117c0000

Marking Bits: (ParMarkBitMap*) 0x00000000547c4040
 Begin Bits: [0x0000000012630000, 0x0000000013630000)
 End Bits:   [0x0000000013630000, 0x0000000014630000)

Polling page: 0x0000000000130000

CodeCache: size=245760Kb used=438Kb max_used=440Kb free=245322Kb
 bounds [0x0000000002a00000, 0x0000000002c70000, 0x0000000011a00000]
 total_blobs=172 nmethods=0 adapters=137
 compilation: enabled

Compilation events (0 events):
No events

GC Heap History (0 events):
No events

Deoptimization events (0 events):
No events

Internal exceptions (2 events):
Event: 0.043 Thread 0x000000000029f000 Exception <a 'java/lang/NoSuchMethodError': Method sun.misc.Unsafe.defineClass(Ljava/lang/String;[BII)Ljava/lang/Class; name or signature does not match> (0x00000000eab12f30) thrown at [C:\re\workspace\8-2-build-windows-amd64-cygwin\jdk8u45\3457\hotspot\sréýª‚l1¦?
Event: 0.043 Thread 0x000000000029f000 Exception <a 'java/lang/NoSuchMethodError': Method sun.misc.Unsafe.prefetchRead(Ljava/lang/Object;J)V name or signature does not match> (0x00000000eab131c0) thrown at [C:\re\workspace\8-2-build-windows-amd64-cygwin\jdk8u45\3457\hotspot\src\share\vm\prims\j

Events (10 events):
Event: 0.092 loading class java/lang/invoke/MethodHandleImpl done
Event: 0.092 loading class java/lang/invoke/MethodHandleImpl$1
Event: 0.092 loading class java/lang/invoke/MethodHandleImpl$1 done
Event: 0.092 loading class java/lang/invoke/MethodHandleImpl$2
Event: 0.092 loading class java/util/function/Function
Event: 0.092 loading class java/util/function/Function done
Event: 0.092 loading class java/lang/invoke/MethodHandleImpl$2 done
Event: 0.092 loading class java/lang/invoke/MethodHandleImpl$3
Event: 0.092 loading class java/lang/invoke/MethodHandleImpl$3 done
Event: 0.092 loading class java/lang/invoke/MethodHandleImpl$4


Dynamic libraries:
0x000000013fba0000 - 0x000000013fbd7000 	C:\Program Files\Java\jdk1.8.0_45\bin\java.exe
0x0000000076ef0000 - 0x000000007709a000 	C:\Windows\SYSTEM32\ntdll.dll
0x0000000076dd0000 - 0x0000000076eef000 	C:\Windows\system32\kernel32.dll
0x000007fefcfa0000 - 0x000007fefd00b000 	C:\Windows\system32\KERNELBASE.dll
0x000007fefd8e0000 - 0x000007fefd9bb000 	C:\Windows\system32\ADVAPI32.dll
0x000007fefedc0000 - 0x000007fefee5f000 	C:\Windows\system32\msvcrt.dll
0x000007feff0e0000 - 0x000007feff0ff000 	C:\Windows\SYSTEM32\sechost.dll
0x000007fefd620000 - 0x000007fefd74d000 	C:\Windows\system32\RPCRT4.dll
0x0000000076cd0000 - 0x0000000076dca000 	C:\Windows\system32\USER32.dll
0x000007fefee60000 - 0x000007fefeec7000 	C:\Windows\system32\GDI32.dll
0x000007fefd9c0000 - 0x000007fefd9ce000 	C:\Windows\system32\LPK.dll
0x000007fefd280000 - 0x000007fefd34a000 	C:\Windows\system32\USP10.dll
0x000007fefb270000 - 0x000007fefb464000 	C:\Windows\WinSxS\amd64_microsoft.windows.common-controls_6595b64144ccf1df_6.0.7601.18837_none_fa3b1e3d17594757\COMCTL32.dll
0x000007fefe970000 - 0x000007fefe9e1000 	C:\Windows\system32\SHLWAPI.dll
0x000007fefd9d0000 - 0x000007fefd9fe000 	C:\Windows\system32\IMM32.DLL
0x000007fefd170000 - 0x000007fefd279000 	C:\Windows\system32\MSCTF.dll
0x000000006ba10000 - 0x000000006bae2000 	C:\Program Files\Java\jdk1.8.0_45\jre\bin\msvcr100.dll
0x0000000053fc0000 - 0x0000000054843000 	C:\Program Files\Java\jdk1.8.0_45\jre\bin\server\jvm.dll
0x000007fef9580000 - 0x000007fef9589000 	C:\Windows\system32\WSOCK32.dll
0x000007feff110000 - 0x000007feff15d000 	C:\Windows\system32\WS2_32.dll
0x000007feff100000 - 0x000007feff108000 	C:\Windows\system32\NSI.dll
0x000007fefae90000 - 0x000007fefaecb000 	C:\Windows\system32\WINMM.dll
0x000007fefbdf0000 - 0x000007fefbdfc000 	C:\Windows\system32\VERSION.dll
0x00000000770c0000 - 0x00000000770c7000 	C:\Windows\system32\PSAPI.DLL
0x0000000074800000 - 0x000000007480f000 	C:\Program Files\Java\jdk1.8.0_45\jre\bin\verify.dll
0x00000000747d0000 - 0x00000000747f9000 	C:\Program Files\Java\jdk1.8.0_45\jre\bin\java.dll
0x0000000074790000 - 0x00000000747a6000 	C:\Program Files\Java\jdk1.8.0_45\jre\bin\zip.dll
0x000007fefdbe0000 - 0x000007fefe96a000 	C:\Windows\system32\SHELL32.dll
0x000007fefeed0000 - 0x000007feff0d3000 	C:\Windows\system32\ole32.dll
0x000007fefcc80000 - 0x000007fefcc8f000 	C:\Windows\system32\profapi.dll

VM Arguments:
jvm_args: -Djava.awt.headless=true -Xmx1024M -Dfile.encoding=x-windows-949 -Duser.country=KR -Duser.language=ko -Duser.variant 
java_command: com.android.dx.command.Main --dex --num-threads=4 --output D:\Project\Android\Test\InterviewApp\app\build\intermediates\pre-dexed\debug\debug_1d551ee5f306aa44ac7f808d61a0b198d716ddac.jar D:\Project\Android\Test\InterviewApp\app\build\intermediates\classes\debug
java_class_path (initial): C:\Users\SISCOS\AppData\Local\Android\sdk\build-tools\23.0.2\lib\dx.jar
Launcher Type: SUN_STANDARD

Environment Variables:
JAVA_HOME=C:\Program Files\Java\jdk1.8.0_45
PATH=C:\ProgramData\Oracle\Java\javapath;C:\Program Files (x86)\Wizvera\Delfino;C:\Program Files (x86)\Intel\iCLS Client\;C:\Program Files\Intel\iCLS Client\;C:\Windows\system32;C:\Windows;C:\Windows\System32\Wbem;C:\Windows\System32\WindowsPowerShell\v1.0\;C:\Program Files\Intel\Intel(R) Management Engine Components\DAL;C:\Program Files\Intel\Intel(R) Management Engine Components\IPT;C:\Program Files (x86)\Intel\Intel(R) Management Engine Components\DAL;C:\Program Files (x86)\Intel\Intel(R) Management Engine Components\IPT;C:\Program Files\Microsoft SQL Server\110\Tools\Binn\;C:\Program Files (x86)\Intel\OpenCL SDK\2.0\bin\x86;C:\Program Files (x86)\Intel\OpenCL SDK\2.0\bin\x64;C:\Python33;C:\Program Files\Java\jdk1.8.0_45\bin;C:\Program Files\Java\jre1.8.0_45\bin;C:\Program Files (x86)\Microsoft SQL Server\100\Tools\Binn\;C:\Program Files\Microsoft SQL Server\100\Tools\Binn\;C:\Program Files\Microsoft SQL Server\100\DTS\Binn\;C:\Program Files (x86)\Skype\Phone\;C:\Program Files (x86)\GnuWin32\bin;C:\Users\SISCOS\AppData\Local\Android\sdk\platform-tools;C:\Program Files (x86)\ESTsoft\ALSee\x64
USERNAME=SISCOS
OS=Windows_NT
PROCESSOR_IDENTIFIER=Intel64 Family 6 Model 58 Stepping 9, GenuineIntel



---------------  S Y S T E M  ---------------

OS: Windows 7 , 64 bit Build 7601 (6.1.7601.19135)

CPU:total 4 (4 cores per cpu, 1 threads per core) family 6 model 58 stepping 9, cmov, cx8, fxsr, mmx, sse, sse2, sse3, ssse3, sse4.1, sse4.2, popcnt, avx, aes, clmul, erms, tsc, tscinvbit, tscinv

Memory: 4k page, physical 8273604k(2179980k free), swap 10346392k(204412k free)

vm_info: Java HotSpot(TM) 64-Bit Server VM (25.45-b02) for windows-amd64 JRE (1.8.0_45-b14), built on Apr 10 2015 10:34:15 by "java_re" with MS VC++ 10.0 (VS2010)

time: Wed Mar 09 16:03:22 2016
elapsed time: 0 seconds (0d 0h 0m 0s)

