#
# There is insufficient memory for the Java Runtime Environment to continue.
# Native memory allocation (malloc) failed to allocate 42256 bytes for Chunk::new
# Possible reasons:
#   The system is out of physical RAM or swap space
#   In 32 bit mode, the process size limit was hit
# Possible solutions:
#   Reduce memory load on the system
#   Increase physical memory or swap space
#   Check if swap backing store is full
#   Use 64 bit Java on a 64 bit OS
#   Decrease Java heap size (-Xmx/-Xms)
#   Decrease number of Java threads
#   Decrease Java thread stack sizes (-Xss)
#   Set larger code cache with -XX:ReservedCodeCacheSize=
# This output file may be truncated or incomplete.
#
#  Out of Memory Error (allocation.cpp:390), pid=9928, tid=7712
#
# JRE version: Java(TM) SE Runtime Environment (8.0_45-b14) (build 1.8.0_45-b14)
# Java VM: Java HotSpot(TM) 64-Bit Server VM (25.45-b02 mixed mode windows-amd64 compressed oops)
# Failed to write core dump. Minidumps are not enabled by default on client versions of Windows
#

---------------  T H R E A D  ---------------

Current thread (0x00000000153dd000):  JavaThread "C2 CompilerThread0" daemon [_thread_in_native, id=7712, stack(0x0000000016f50000,0x0000000017050000)]

Stack: [0x0000000016f50000,0x0000000017050000]
Native frames: (J=compiled Java code, j=interpreted, Vv=VM code, C=native code)
V  [jvm.dll+0x32b57a]


Current CompileTask:
C2:   3387 1502       4       java.util.TreeMap::getEntry (84 bytes)


---------------  P R O C E S S  ---------------

Java Threads: ( => current thread )
  0x0000000016aef800 JavaThread "pool-1-thread-4" [_thread_blocked, id=9232, stack(0x0000000017ee0000,0x0000000017fe0000)]
  0x0000000016ae5000 JavaThread "pool-1-thread-3" [_thread_blocked, id=8360, stack(0x0000000018070000,0x0000000018170000)]
  0x0000000016aeb800 JavaThread "pool-1-thread-2" [_thread_blocked, id=8616, stack(0x0000000017db0000,0x0000000017eb0000)]
  0x0000000016ae1000 JavaThread "pool-2-thread-1" [_thread_blocked, id=1120, stack(0x0000000017c40000,0x0000000017d40000)]
  0x0000000016ade000 JavaThread "pool-1-thread-1" [_thread_blocked, id=1396, stack(0x0000000017ad0000,0x0000000017bd0000)]
  0x00000000167bf800 JavaThread "Service Thread" daemon [_thread_blocked, id=856, stack(0x0000000017180000,0x0000000017280000)]
  0x0000000016735800 JavaThread "C1 CompilerThread2" daemon [_thread_blocked, id=3488, stack(0x0000000017080000,0x0000000017180000)]
  0x0000000016735000 JavaThread "C2 CompilerThread1" daemon [_thread_blocked, id=1636, stack(0x0000000016e30000,0x0000000016f30000)]
=>0x00000000153dd000 JavaThread "C2 CompilerThread0" daemon [_thread_in_native, id=7712, stack(0x0000000016f50000,0x0000000017050000)]
  0x000000001672a800 JavaThread "Attach Listener" daemon [_thread_blocked, id=8752, stack(0x0000000016d00000,0x0000000016e00000)]
  0x00000000153cc800 JavaThread "Signal Dispatcher" daemon [_thread_blocked, id=7532, stack(0x0000000016bf0000,0x0000000016cf0000)]
  0x0000000015371800 JavaThread "Finalizer" daemon [_thread_blocked, id=9384, stack(0x0000000016620000,0x0000000016720000)]
  0x0000000015370800 JavaThread "Reference Handler" daemon [_thread_blocked, id=7172, stack(0x00000000164f0000,0x00000000165f0000)]
  0x000000000263f000 JavaThread "main" [_thread_blocked, id=8208, stack(0x0000000002920000,0x0000000002a20000)]

Other Threads:
  0x000000001536b000 VMThread [stack: 0x0000000016300000,0x0000000016400000] [id=9824]
  0x00000000167cb000 WatcherThread [stack: 0x00000000161b0000,0x00000000162b0000] [id=1996]

VM state:not at safepoint (normal execution)

VM Mutex/Monitor currently owned by a thread: None

Heap:
 PSYoungGen      total 38400K, used 29477K [0x00000000eab00000, 0x00000000ef600000, 0x0000000100000000)
  eden space 33280K, 73% used [0x00000000eab00000,0x00000000ec2cecc8,0x00000000ecb80000)
  from space 5120K, 99% used [0x00000000ecb80000,0x00000000ed07a9c0,0x00000000ed080000)
  to   space 5120K, 0% used [0x00000000ef100000,0x00000000ef100000,0x00000000ef600000)
 ParOldGen       total 87552K, used 1150K [0x00000000c0000000, 0x00000000c5580000, 0x00000000eab00000)
  object space 87552K, 1% used [0x00000000c0000000,0x00000000c011fb78,0x00000000c5580000)
 Metaspace       used 6100K, capacity 7024K, committed 7296K, reserved 1056768K
  class space    used 595K, capacity 616K, committed 640K, reserved 1048576K

Card table byte_map: [0x0000000011de0000,0x0000000011ff0000] byte_map_base: 0x00000000117e0000

Marking Bits: (ParMarkBitMap*) 0x00000000547c4040
 Begin Bits: [0x00000000127e0000, 0x00000000137e0000)
 End Bits:   [0x00000000137e0000, 0x00000000147e0000)

Polling page: 0x0000000000230000

CodeCache: size=245760Kb used=5999Kb max_used=6012Kb free=239760Kb
 bounds [0x0000000002a20000, 0x0000000003010000, 0x0000000011a20000]
 total_blobs=1774 nmethods=1503 adapters=184
 compilation: enabled

Compilation events (10 events):
Event: 3.380 Thread 0x0000000016735800 1501       3       java.util.concurrent.locks.AbstractQueuedSynchronizer::compareAndSetWaitStatus (13 bytes)
Event: 3.380 Thread 0x0000000016735800 nmethod 1501 0x0000000002fd6f90 code [0x0000000002fd70e0, 0x0000000002fd7230]
Event: 3.380 Thread 0x00000000153dd000 1502       4       java.util.TreeMap::getEntry (84 bytes)
Event: 3.382 Thread 0x0000000016735800 1503       3       java.util.concurrent.locks.AbstractQueuedSynchronizer::release (33 bytes)
Event: 3.383 Thread 0x0000000016735800 nmethod 1503 0x0000000002fee610 code [0x0000000002fee780, 0x0000000002feea98]
Event: 3.383 Thread 0x0000000016735800 1504       3       java.util.concurrent.locks.AbstractQueuedSynchronizer::compareAndSetState (13 bytes)
Event: 3.383 Thread 0x0000000016735800 nmethod 1504 0x0000000002fcea50 code [0x0000000002fceba0, 0x0000000002fced10]
Event: 3.383 Thread 0x0000000016735800 1505       3       java.util.concurrent.locks.LockSupport::setBlocker (12 bytes)
Event: 3.383 Thread 0x0000000016735800 nmethod 1505 0x0000000002fd87d0 code [0x0000000002fd8920, 0x0000000002fd8a70]
Event: 3.384 Thread 0x0000000016735800 1506       3       com.android.dx.rop.cst.StdConstantPool::get0Ok (12 bytes)

GC Heap History (2 events):
Event: 1.574 GC heap before
{Heap before GC invocations=1 (full 0):
 PSYoungGen      total 38400K, used 33280K [0x00000000eab00000, 0x00000000ed580000, 0x0000000100000000)
  eden space 33280K, 100% used [0x00000000eab00000,0x00000000ecb80000,0x00000000ecb80000)
  from space 5120K, 0% used [0x00000000ed080000,0x00000000ed080000,0x00000000ed580000)
  to   space 5120K, 0% used [0x00000000ecb80000,0x00000000ecb80000,0x00000000ed080000)
 ParOldGen       total 87552K, used 0K [0x00000000c0000000, 0x00000000c5580000, 0x00000000eab00000)
  object space 87552K, 0% used [0x00000000c0000000,0x00000000c0000000,0x00000000c5580000)
 Metaspace       used 6028K, capacity 6960K, committed 7040K, reserved 1056768K
  class space    used 595K, capacity 616K, committed 640K, reserved 1048576K
Event: 1.767 GC heap after
Heap after GC invocations=1 (full 0):
 PSYoungGen      total 38400K, used 5098K [0x00000000eab00000, 0x00000000ef600000, 0x0000000100000000)
  eden space 33280K, 0% used [0x00000000eab00000,0x00000000eab00000,0x00000000ecb80000)
  from space 5120K, 99% used [0x00000000ecb80000,0x00000000ed07a9c0,0x00000000ed080000)
  to   space 5120K, 0% used [0x00000000ef100000,0x00000000ef100000,0x00000000ef600000)
 ParOldGen       total 87552K, used 1150K [0x00000000c0000000, 0x00000000c5580000, 0x00000000eab00000)
  object space 87552K, 1% used [0x00000000c0000000,0x00000000c011fb78,0x00000000c5580000)
 Metaspace       used 6028K, capacity 6960K, committed 7040K, reserved 1056768K
  class space    used 595K, capacity 616K, committed 640K, reserved 1048576K
}

Deoptimization events (10 events):
Event: 0.842 Thread 0x0000000016aeb800 Uncommon trap: reason=unstable_if action=reinterpret pc=0x0000000002ca0120 method=java.util.BitSet.nextSetBit(I)I @ 87
Event: 1.015 Thread 0x0000000016aef800 Uncommon trap: reason=unstable_if action=reinterpret pc=0x0000000002cae4bc method=java.util.HashMap.getNode(ILjava/lang/Object;)Ljava/util/HashMap$Node; @ 129
Event: 1.103 Thread 0x000000000263f000 Uncommon trap: reason=null_check action=make_not_entrant pc=0x0000000002ce3190 method=com.android.dx.rop.type.Type.equals(Ljava/lang/Object;)Z @ 8
Event: 1.167 Thread 0x0000000016ade000 Uncommon trap: reason=unstable_if action=reinterpret pc=0x0000000002d5eacc method=com.android.dx.ssa.SsaMethod.updateOneDefinition(Lcom/android/dx/ssa/SsaInsn;Lcom/android/dx/rop/code/RegisterSpec;)V @ 4
Event: 2.257 Thread 0x0000000016ae5000 Uncommon trap: reason=unstable_if action=reinterpret pc=0x0000000002e37a2c method=com.android.dx.util.IntList.binarysearch(I)I @ 105
Event: 2.337 Thread 0x0000000016aef800 Uncommon trap: reason=unstable_if action=reinterpret pc=0x0000000002ddfc10 method=com.android.dx.ssa.SsaRenamer$BlockRenamer.addMapping(ILcom/android/dx/rop/code/RegisterSpec;)V @ 120
Event: 2.400 Thread 0x0000000016ae5000 Uncommon trap: reason=unstable_if action=reinterpret pc=0x0000000002cfd0dc method=com.android.dx.rop.code.RegisterSpecSet.put(Lcom/android/dx/rop/code/RegisterSpec;)V @ 77
Event: 2.400 Thread 0x0000000016ae5000 Uncommon trap: reason=unstable_if action=reinterpret pc=0x0000000002d4e944 method=com.android.dx.rop.code.RegisterSpecSet.put(Lcom/android/dx/rop/code/RegisterSpec;)V @ 77
Event: 2.402 Thread 0x0000000016ae5000 Uncommon trap: reason=unstable_if action=reinterpret pc=0x0000000002d54884 method=com.android.dx.rop.cst.Constant.compareTo(Lcom/android/dx/rop/cst/Constant;)I @ 12
Event: 2.402 Thread 0x0000000016ae5000 Uncommon trap: reason=class_check action=maybe_recompile pc=0x0000000002e1a570 method=java.util.HashMap.putVal(ILjava/lang/Object;Ljava/lang/Object;ZZ)Ljava/lang/Object; @ 203

Internal exceptions (3 events):
Event: 0.152 Thread 0x000000000263f000 Exception <a 'java/lang/NoSuchMethodError': Method sun.misc.Unsafe.defineClass(Ljava/lang/String;[BII)Ljava/lang/Class; name or signature does not match> (0x00000000eab12f30) thrown at [C:\re\workspace\8-2-build-windows-amd64-cygwin\jdk8u45\3457\hotspot\sr7øùái√?
Event: 0.152 Thread 0x000000000263f000 Exception <a 'java/lang/NoSuchMethodError': Method sun.misc.Unsafe.prefetchRead(Ljava/lang/Object;J)V name or signature does not match> (0x00000000eab131c0) thrown at [C:\re\workspace\8-2-build-windows-amd64-cygwin\jdk8u45\3457\hotspot\src\share\vm\prims\j®l∑~§Ò?
Event: 1.103 Thread 0x000000000263f000 Implicit null exception at 0x0000000002ce3092 to 0x0000000002ce3182

Events (10 events):
Event: 2.400 Thread 0x0000000016ae5000 DEOPT UNPACKING pc=0x0000000002a6582a sp=0x000000001816ec18 mode 2
Event: 2.400 Thread 0x0000000016ae5000 Uncommon trap: trap_request=0xffffff65 fr.pc=0x0000000002d4e944
Event: 2.400 Thread 0x0000000016ae5000 DEOPT PACKING pc=0x0000000002d4e944 sp=0x000000001816ec80
Event: 2.400 Thread 0x0000000016ae5000 DEOPT UNPACKING pc=0x0000000002a6582a sp=0x000000001816eba0 mode 2
Event: 2.402 Thread 0x0000000016ae5000 Uncommon trap: trap_request=0xffffff65 fr.pc=0x0000000002d54884
Event: 2.402 Thread 0x0000000016ae5000 DEOPT PACKING pc=0x0000000002d54884 sp=0x000000001816e920
Event: 2.402 Thread 0x0000000016ae5000 DEOPT UNPACKING pc=0x0000000002a6582a sp=0x000000001816e8c0 mode 2
Event: 2.402 Thread 0x0000000016ae5000 Uncommon trap: trap_request=0xffffffde fr.pc=0x0000000002e1a570
Event: 2.402 Thread 0x0000000016ae5000 DEOPT PACKING pc=0x0000000002e1a570 sp=0x000000001816ed50
Event: 2.402 Thread 0x0000000016ae5000 DEOPT UNPACKING pc=0x0000000002a6582a sp=0x000000001816ec88 mode 2


Dynamic libraries:
0x000000013fba0000 - 0x000000013fbd7000 	C:\Program Files\Java\jdk1.8.0_45\bin\java.exe
0x0000000076ef0000 - 0x000000007709a000 	C:\Windows\SYSTEM32\ntdll.dll
0x0000000076dd0000 - 0x0000000076eef000 	C:\Windows\system32\kernel32.dll
0x000007fefcfa0000 - 0x000007fefd00b000 	C:\Windows\system32\KERNELBASE.dll
0x000007fefd8e0000 - 0x000007fefd9bb000 	C:\Windows\system32\ADVAPI32.dll
0x000007fefedc0000 - 0x000007fefee5f000 	C:\Windows\system32\msvcrt.dll
0x000007feff0e0000 - 0x000007feff0ff000 	C:\Windows\SYSTEM32\sechost.dll
0x000007fefd620000 - 0x000007fefd74d000 	C:\Windows\system32\RPCRT4.dll
0x0000000076cd0000 - 0x0000000076dca000 	C:\Windows\system32\USER32.dll
0x000007fefee60000 - 0x000007fefeec7000 	C:\Windows\system32\GDI32.dll
0x000007fefd9c0000 - 0x000007fefd9ce000 	C:\Windows\system32\LPK.dll
0x000007fefd280000 - 0x000007fefd34a000 	C:\Windows\system32\USP10.dll
0x000007fefb270000 - 0x000007fefb464000 	C:\Windows\WinSxS\amd64_microsoft.windows.common-controls_6595b64144ccf1df_6.0.7601.18837_none_fa3b1e3d17594757\COMCTL32.dll
0x000007fefe970000 - 0x000007fefe9e1000 	C:\Windows\system32\SHLWAPI.dll
0x000007fefd9d0000 - 0x000007fefd9fe000 	C:\Windows\system32\IMM32.DLL
0x000007fefd170000 - 0x000007fefd279000 	C:\Windows\system32\MSCTF.dll
0x000000006ba10000 - 0x000000006bae2000 	C:\Program Files\Java\jdk1.8.0_45\jre\bin\msvcr100.dll
0x0000000053fc0000 - 0x0000000054843000 	C:\Program Files\Java\jdk1.8.0_45\jre\bin\server\jvm.dll
0x000007fef9580000 - 0x000007fef9589000 	C:\Windows\system32\WSOCK32.dll
0x000007feff110000 - 0x000007feff15d000 	C:\Windows\system32\WS2_32.dll
0x000007feff100000 - 0x000007feff108000 	C:\Windows\system32\NSI.dll
0x000007fefae90000 - 0x000007fefaecb000 	C:\Windows\system32\WINMM.dll
0x000007fefbdf0000 - 0x000007fefbdfc000 	C:\Windows\system32\VERSION.dll
0x00000000770c0000 - 0x00000000770c7000 	C:\Windows\system32\PSAPI.DLL
0x0000000074800000 - 0x000000007480f000 	C:\Program Files\Java\jdk1.8.0_45\jre\bin\verify.dll
0x00000000747d0000 - 0x00000000747f9000 	C:\Program Files\Java\jdk1.8.0_45\jre\bin\java.dll
0x0000000074790000 - 0x00000000747a6000 	C:\Program Files\Java\jdk1.8.0_45\jre\bin\zip.dll
0x000007fefdbe0000 - 0x000007fefe96a000 	C:\Windows\system32\SHELL32.dll
0x000007fefeed0000 - 0x000007feff0d3000 	C:\Windows\system32\ole32.dll
0x000007fefcc80000 - 0x000007fefcc8f000 	C:\Windows\system32\profapi.dll

VM Arguments:
jvm_args: -Djava.awt.headless=true -Xmx1024M -Dfile.encoding=x-windows-949 -Duser.country=KR -Duser.language=ko -Duser.variant 
java_command: com.android.dx.command.Main --dex --num-threads=4 --output D:\Project\Android\Test\InterviewApp\app\build\intermediates\pre-dexed\debug\com.facebook.android-facebook-android-sdk-4.10.0_16f6aa270e88c994f25fe953a8dee7ed2662fee6.jar D:\Project\Android\Test\InterviewApp\app\build\intermediates\exploded-aar\com.facebook.android\facebook-android-sdk\4.10.0\jars\classes.jar
java_class_path (initial): C:\Users\SISCOS\AppData\Local\Android\sdk\build-tools\23.0.2\lib\dx.jar
Launcher Type: SUN_STANDARD

Environment Variables:
JAVA_HOME=C:\Program Files\Java\jdk1.8.0_45
PATH=C:\ProgramData\Oracle\Java\javapath;C:\Program Files (x86)\Wizvera\Delfino;C:\Program Files (x86)\Intel\iCLS Client\;C:\Program Files\Intel\iCLS Client\;C:\Windows\system32;C:\Windows;C:\Windows\System32\Wbem;C:\Windows\System32\WindowsPowerShell\v1.0\;C:\Program Files\Intel\Intel(R) Management Engine Components\DAL;C:\Program Files\Intel\Intel(R) Management Engine Components\IPT;C:\Program Files (x86)\Intel\Intel(R) Management Engine Components\DAL;C:\Program Files (x86)\Intel\Intel(R) Management Engine Components\IPT;C:\Program Files\Microsoft SQL Server\110\Tools\Binn\;C:\Program Files (x86)\Intel\OpenCL SDK\2.0\bin\x86;C:\Program Files (x86)\Intel\OpenCL SDK\2.0\bin\x64;C:\Python33;C:\Program Files\Java\jdk1.8.0_45\bin;C:\Program Files\Java\jre1.8.0_45\bin;C:\Program Files (x86)\Microsoft SQL Server\100\Tools\Binn\;C:\Program Files\Microsoft SQL Server\100\Tools\Binn\;C:\Program Files\Microsoft SQL Server\100\DTS\Binn\;C:\Program Files (x86)\Skype\Phone\;C:\Program Files (x86)\GnuWin32\bin;C:\Users\SISCOS\AppData\Local\Android\sdk\platform-tools;C:\Program Files (x86)\ESTsoft\ALSee\x64
USERNAME=SISCOS
OS=Windows_NT
PROCESSOR_IDENTIFIER=Intel64 Family 6 Model 58 Stepping 9, GenuineIntel



---------------  S Y S T E M  ---------------

OS: Windows 7 , 64 bit Build 7601 (6.1.7601.19135)

CPU:total 4 (4 cores per cpu, 1 threads per core) family 6 model 58 stepping 9, cmov, cx8, fxsr, mmx, sse, sse2, sse3, ssse3, sse4.1, sse4.2, popcnt, avx, aes, clmul, erms, tsc, tscinvbit, tscinv

Memory: 4k page, physical 8273604k(1886504k free), swap 10346392k(5032k free)

vm_info: Java HotSpot(TM) 64-Bit Server VM (25.45-b02) for windows-amd64 JRE (1.8.0_45-b14), built on Apr 10 2015 10:34:15 by "java_re" with MS VC++ 10.0 (VS2010)

time: Wed Mar 09 16:03:28 2016
elapsed time: 3 seconds (0d 0h 0m 3s)

