#
# There is insufficient memory for the Java Runtime Environment to continue.
# Native memory allocation (malloc) failed to allocate 265040 bytes for Chunk::new
# Possible reasons:
#   The system is out of physical RAM or swap space
#   In 32 bit mode, the process size limit was hit
# Possible solutions:
#   Reduce memory load on the system
#   Increase physical memory or swap space
#   Check if swap backing store is full
#   Use 64 bit Java on a 64 bit OS
#   Decrease Java heap size (-Xmx/-Xms)
#   Decrease number of Java threads
#   Decrease Java thread stack sizes (-Xss)
#   Set larger code cache with -XX:ReservedCodeCacheSize=
# This output file may be truncated or incomplete.
#
#  Out of Memory Error (allocation.cpp:390), pid=10220, tid=10020
#
# JRE version: Java(TM) SE Runtime Environment (8.0_45-b14) (build 1.8.0_45-b14)
# Java VM: Java HotSpot(TM) 64-Bit Server VM (25.45-b02 mixed mode windows-amd64 compressed oops)
# Failed to write core dump. Minidumps are not enabled by default on client versions of Windows
#

---------------  T H R E A D  ---------------

Current thread (0x0000000016448800):  JavaThread "C2 CompilerThread0" daemon [_thread_in_native, id=10020, stack(0x0000000016b60000,0x0000000016c60000)]

Stack: [0x0000000016b60000,0x0000000016c60000]
Native frames: (J=compiled Java code, j=interpreted, Vv=VM code, C=native code)
V  [jvm.dll+0x32b57a]


Current CompileTask:
C2:   7161 1826 %     4       com.android.dx.ssa.SCCP::run @ 211 (298 bytes)


---------------  P R O C E S S  ---------------

Java Threads: ( => current thread )
  0x000000001729f000 JavaThread "pool-1-thread-4" [_thread_blocked, id=7240, stack(0x0000000018040000,0x0000000018140000)]
  0x000000001729c000 JavaThread "pool-1-thread-3" [_thread_blocked, id=3620, stack(0x0000000017040000,0x0000000017140000)]
  0x0000000017292800 JavaThread "pool-1-thread-2" [_thread_blocked, id=9880, stack(0x0000000017e70000,0x0000000017f70000)]
  0x0000000016779800 JavaThread "pool-2-thread-1" [_thread_blocked, id=7660, stack(0x0000000017c20000,0x0000000017d20000)]
  0x00000000166f9000 JavaThread "pool-1-thread-1" [_thread_blocked, id=9212, stack(0x0000000017af0000,0x0000000017bf0000)]
  0x0000000016492800 JavaThread "Service Thread" daemon [_thread_blocked, id=9364, stack(0x0000000017170000,0x0000000017270000)]
  0x000000001644f000 JavaThread "C1 CompilerThread2" daemon [_thread_blocked, id=6960, stack(0x0000000016f40000,0x0000000017040000)]
  0x000000001644e000 JavaThread "C2 CompilerThread1" daemon [_thread_in_native, id=8360, stack(0x0000000016cd0000,0x0000000016dd0000)]
=>0x0000000016448800 JavaThread "C2 CompilerThread0" daemon [_thread_in_native, id=10020, stack(0x0000000016b60000,0x0000000016c60000)]
  0x000000001643d000 JavaThread "Attach Listener" daemon [_thread_blocked, id=9432, stack(0x0000000016890000,0x0000000016990000)]
  0x000000001643c800 JavaThread "Signal Dispatcher" daemon [_thread_blocked, id=7196, stack(0x0000000016a10000,0x0000000016b10000)]
  0x0000000015167800 JavaThread "Finalizer" daemon [_thread_blocked, id=10148, stack(0x0000000016330000,0x0000000016430000)]
  0x0000000015160800 JavaThread "Reference Handler" daemon [_thread_blocked, id=9412, stack(0x0000000016220000,0x0000000016320000)]
  0x000000000257f000 JavaThread "main" [_thread_blocked, id=3696, stack(0x00000000027e0000,0x00000000028e0000)]

Other Threads:
  0x000000001515a800 VMThread [stack: 0x00000000160d0000,0x00000000161d0000] [id=5488]
  0x000000001649d800 WatcherThread [stack: 0x0000000016e40000,0x0000000016f40000] [id=9232]

VM state:not at safepoint (normal execution)

VM Mutex/Monitor currently owned by a thread: None

Heap:
 PSYoungGen      total 71680K, used 62096K [0x00000000eab00000, 0x00000000ef600000, 0x0000000100000000)
  eden space 66560K, 85% used [0x00000000eab00000,0x00000000ee2a9998,0x00000000eec00000)
  from space 5120K, 99% used [0x00000000ef100000,0x00000000ef5fa7c0,0x00000000ef600000)
  to   space 5120K, 0% used [0x00000000eec00000,0x00000000eec00000,0x00000000ef100000)
 ParOldGen       total 87552K, used 2883K [0x00000000c0000000, 0x00000000c5580000, 0x00000000eab00000)
  object space 87552K, 3% used [0x00000000c0000000,0x00000000c02d0ea0,0x00000000c5580000)
 Metaspace       used 6248K, capacity 7088K, committed 7296K, reserved 1056768K
  class space    used 598K, capacity 616K, committed 640K, reserved 1048576K

Card table byte_map: [0x0000000011ca0000,0x0000000011eb0000] byte_map_base: 0x00000000116a0000

Marking Bits: (ParMarkBitMap*) 0x00000000547c4040
 Begin Bits: [0x00000000125d0000, 0x00000000135d0000)
 End Bits:   [0x00000000135d0000, 0x00000000145d0000)

Polling page: 0x0000000000140000

CodeCache: size=245760Kb used=8397Kb max_used=8411Kb free=237362Kb
 bounds [0x00000000028e0000, 0x0000000003120000, 0x00000000118e0000]
 total_blobs=2096 nmethods=1825 adapters=184
 compilation: enabled

Compilation events (10 events):
Event: 7.098 Thread 0x000000001644f000 1838       3       java.util.RegularEnumSet::addAll (23 bytes)
Event: 7.098 Thread 0x000000001644f000 nmethod 1838 0x00000000030da710 code [0x00000000030da860, 0x00000000030daa10]
Event: 7.098 Thread 0x000000001644f000 1839       3       com.android.dx.ssa.Optimizer::optimize (67 bytes)
Event: 7.098 Thread 0x000000001644f000 nmethod 1839 0x0000000003105a50 code [0x0000000003105c60, 0x0000000003106558]
Event: 7.098 Thread 0x000000001644f000 1841       3       java.util.HashMap$EntryIterator::<init> (11 bytes)
Event: 7.098 Thread 0x000000001644f000 nmethod 1841 0x00000000030da290 code [0x00000000030da400, 0x00000000030da5a8]
Event: 7.102 Thread 0x000000001644f000 1848       3       java.util.concurrent.locks.AbstractQueuedSynchronizer::compareAndSetTail (13 bytes)
Event: 7.102 Thread 0x000000001644f000 nmethod 1848 0x0000000003105710 code [0x0000000003105860, 0x00000000031059f0]
Event: 7.123 Thread 0x0000000016448800 nmethod 1844% 0x000000000311aa50 code [0x000000000311aca0, 0x000000000311c3d8]
Event: 7.123 Thread 0x0000000016448800 1826 %     4       com.android.dx.ssa.SCCP::run @ 211 (298 bytes)

GC Heap History (4 events):
Event: 2.338 GC heap before
{Heap before GC invocations=1 (full 0):
 PSYoungGen      total 38400K, used 33280K [0x00000000eab00000, 0x00000000ed580000, 0x0000000100000000)
  eden space 33280K, 100% used [0x00000000eab00000,0x00000000ecb80000,0x00000000ecb80000)
  from space 5120K, 0% used [0x00000000ed080000,0x00000000ed080000,0x00000000ed580000)
  to   space 5120K, 0% used [0x00000000ecb80000,0x00000000ecb80000,0x00000000ed080000)
 ParOldGen       total 87552K, used 0K [0x00000000c0000000, 0x00000000c5580000, 0x00000000eab00000)
  object space 87552K, 0% used [0x00000000c0000000,0x00000000c0000000,0x00000000c5580000)
 Metaspace       used 5910K, capacity 6832K, committed 7040K, reserved 1056768K
  class space    used 595K, capacity 616K, committed 640K, reserved 1048576K
Event: 2.386 GC heap after
Heap after GC invocations=1 (full 0):
 PSYoungGen      total 38400K, used 5105K [0x00000000eab00000, 0x00000000ef600000, 0x0000000100000000)
  eden space 33280K, 0% used [0x00000000eab00000,0x00000000eab00000,0x00000000ecb80000)
  from space 5120K, 99% used [0x00000000ecb80000,0x00000000ed07c640,0x00000000ed080000)
  to   space 5120K, 0% used [0x00000000ef100000,0x00000000ef100000,0x00000000ef600000)
 ParOldGen       total 87552K, used 189K [0x00000000c0000000, 0x00000000c5580000, 0x00000000eab00000)
  object space 87552K, 0% used [0x00000000c0000000,0x00000000c002f500,0x00000000c5580000)
 Metaspace       used 5910K, capacity 6832K, committed 7040K, reserved 1056768K
  class space    used 595K, capacity 616K, committed 640K, reserved 1048576K
}
Event: 3.678 GC heap before
{Heap before GC invocations=2 (full 0):
 PSYoungGen      total 38400K, used 38385K [0x00000000eab00000, 0x00000000ef600000, 0x0000000100000000)
  eden space 33280K, 100% used [0x00000000eab00000,0x00000000ecb80000,0x00000000ecb80000)
  from space 5120K, 99% used [0x00000000ecb80000,0x00000000ed07c640,0x00000000ed080000)
  to   space 5120K, 0% used [0x00000000ef100000,0x00000000ef100000,0x00000000ef600000)
 ParOldGen       total 87552K, used 189K [0x00000000c0000000, 0x00000000c5580000, 0x00000000eab00000)
  object space 87552K, 0% used [0x00000000c0000000,0x00000000c002f500,0x00000000c5580000)
 Metaspace       used 6152K, capacity 7024K, committed 7296K, reserved 1056768K
  class space    used 597K, capacity 616K, committed 640K, reserved 1048576K
Event: 4.005 GC heap after
Heap after GC invocations=2 (full 0):
 PSYoungGen      total 71680K, used 5097K [0x00000000eab00000, 0x00000000ef600000, 0x0000000100000000)
  eden space 66560K, 0% used [0x00000000eab00000,0x00000000eab00000,0x00000000eec00000)
  from space 5120K, 99% used [0x00000000ef100000,0x00000000ef5fa7c0,0x00000000ef600000)
  to   space 5120K, 0% used [0x00000000eec00000,0x00000000eec00000,0x00000000ef100000)
 ParOldGen       total 87552K, used 2883K [0x00000000c0000000, 0x00000000c5580000, 0x00000000eab00000)
  object space 87552K, 3% used [0x00000000c0000000,0x00000000c02d0ea0,0x00000000c5580000)
 Metaspace       used 6152K, capacity 7024K, committed 7296K, reserved 1056768K
  class space    used 597K, capacity 616K, committed 640K, reserved 1048576K
}

Deoptimization events (10 events):
Event: 5.846 Thread 0x00000000166f9000 Uncommon trap: reason=class_check action=maybe_recompile pc=0x0000000002e3b73c method=java.util.HashMap.putVal(ILjava/lang/Object;Ljava/lang/Object;ZZ)Ljava/lang/Object; @ 203
Event: 5.846 Thread 0x00000000166f9000 Uncommon trap: reason=bimorphic action=maybe_recompile pc=0x0000000002be51dc method=java.util.HashMap.getNode(ILjava/lang/Object;)Ljava/util/HashMap$Node; @ 126
Event: 5.846 Thread 0x00000000166f9000 Uncommon trap: reason=class_check action=maybe_recompile pc=0x0000000002e3b73c method=java.util.HashMap.putVal(ILjava/lang/Object;Ljava/lang/Object;ZZ)Ljava/lang/Object; @ 203
Event: 5.846 Thread 0x00000000166f9000 Uncommon trap: reason=bimorphic action=maybe_recompile pc=0x0000000002b998b0 method=java.util.HashMap.getNode(ILjava/lang/Object;)Ljava/util/HashMap$Node; @ 126
Event: 5.846 Thread 0x00000000166f9000 Uncommon trap: reason=bimorphic action=maybe_recompile pc=0x0000000002b998b0 method=java.util.HashMap.getNode(ILjava/lang/Object;)Ljava/util/HashMap$Node; @ 126
Event: 5.846 Thread 0x00000000166f9000 Uncommon trap: reason=class_check action=maybe_recompile pc=0x0000000002e3b73c method=java.util.HashMap.putVal(ILjava/lang/Object;Ljava/lang/Object;ZZ)Ljava/lang/Object; @ 203
Event: 5.846 Thread 0x00000000166f9000 Uncommon trap: reason=bimorphic action=maybe_recompile pc=0x0000000002be51dc method=java.util.HashMap.getNode(ILjava/lang/Object;)Ljava/util/HashMap$Node; @ 126
Event: 6.278 Thread 0x0000000017292800 Uncommon trap: reason=unstable_if action=reinterpret pc=0x0000000002d94930 method=com.android.dx.ssa.SCCP.simulateBranch(Lcom/android/dx/ssa/SsaInsn;)V @ 64
Event: 6.278 Thread 0x0000000017292800 Uncommon trap: reason=unstable_if action=reinterpret pc=0x0000000002f0141c method=com.android.dx.ssa.LiteralOpUpgrader$1.visitNonMoveInsn(Lcom/android/dx/ssa/NormalSsaInsn;)V @ 55
Event: 6.285 Thread 0x0000000017292800 Uncommon trap: reason=unstable_if action=reinterpret pc=0x0000000002d3790c method=com.android.dx.ssa.SsaMethod.updateOneDefinition(Lcom/android/dx/ssa/SsaInsn;Lcom/android/dx/rop/code/RegisterSpec;)V @ 4

Internal exceptions (3 events):
Event: 0.522 Thread 0x000000000257f000 Exception <a 'java/lang/NoSuchMethodError': Method sun.misc.Unsafe.defineClass(Ljava/lang/String;[BII)Ljava/lang/Class; name or signature does not match> (0x00000000eab12f30) thrown at [C:\re\workspace\8-2-build-windows-amd64-cygwin\jdk8u45\3457\hotspot\sr	L9¼—±à?
Event: 0.522 Thread 0x000000000257f000 Exception <a 'java/lang/NoSuchMethodError': Method sun.misc.Unsafe.prefetchRead(Ljava/lang/Object;J)V name or signature does not match> (0x00000000eab131c0) thrown at [C:\re\workspace\8-2-build-windows-amd64-cygwin\jdk8u45\3457\hotspot\src\share\vm\prims\jç|¬òÒ@
Event: 2.728 Thread 0x00000000166f9000 Implicit null exception at 0x0000000002c70852 to 0x0000000002c70951

Events (10 events):
Event: 6.278 Thread 0x0000000017292800 DEOPT UNPACKING pc=0x000000000292582a sp=0x0000000017f6eaa0 mode 2
Event: 6.278 loading class com/android/dx/rop/code/RegOps
Event: 6.278 loading class com/android/dx/rop/code/RegOps done
Event: 6.285 Thread 0x0000000017292800 Uncommon trap: trap_request=0xffffff65 fr.pc=0x0000000002d3790c
Event: 6.285 Thread 0x0000000017292800 DEOPT PACKING pc=0x0000000002d3790c sp=0x0000000017f6e900
Event: 6.285 Thread 0x0000000017292800 DEOPT UNPACKING pc=0x000000000292582a sp=0x0000000017f6e8a8 mode 2
Event: 6.912 Thread 0x0000000017292800 DEOPT PACKING pc=0x0000000002cf352c sp=0x0000000017f6ea40
Event: 6.912 Thread 0x0000000017292800 DEOPT UNPACKING pc=0x000000000292787f sp=0x0000000017f6e7c0 mode 0
Event: 7.093 Thread 0x0000000017292800 DEOPT PACKING pc=0x0000000002cbebc7 sp=0x0000000017f6e620
Event: 7.093 Thread 0x0000000017292800 DEOPT UNPACKING pc=0x000000000292787f sp=0x0000000017f6e430 mode 0


Dynamic libraries:
0x000000013fba0000 - 0x000000013fbd7000 	C:\Program Files\Java\jdk1.8.0_45\bin\java.exe
0x0000000076ef0000 - 0x000000007709a000 	C:\Windows\SYSTEM32\ntdll.dll
0x0000000076dd0000 - 0x0000000076eef000 	C:\Windows\system32\kernel32.dll
0x000007fefcfa0000 - 0x000007fefd00b000 	C:\Windows\system32\KERNELBASE.dll
0x000007fefd8e0000 - 0x000007fefd9bb000 	C:\Windows\system32\ADVAPI32.dll
0x000007fefedc0000 - 0x000007fefee5f000 	C:\Windows\system32\msvcrt.dll
0x000007feff0e0000 - 0x000007feff0ff000 	C:\Windows\SYSTEM32\sechost.dll
0x000007fefd620000 - 0x000007fefd74d000 	C:\Windows\system32\RPCRT4.dll
0x0000000076cd0000 - 0x0000000076dca000 	C:\Windows\system32\USER32.dll
0x000007fefee60000 - 0x000007fefeec7000 	C:\Windows\system32\GDI32.dll
0x000007fefd9c0000 - 0x000007fefd9ce000 	C:\Windows\system32\LPK.dll
0x000007fefd280000 - 0x000007fefd34a000 	C:\Windows\system32\USP10.dll
0x000007fefb270000 - 0x000007fefb464000 	C:\Windows\WinSxS\amd64_microsoft.windows.common-controls_6595b64144ccf1df_6.0.7601.18837_none_fa3b1e3d17594757\COMCTL32.dll
0x000007fefe970000 - 0x000007fefe9e1000 	C:\Windows\system32\SHLWAPI.dll
0x000007fefd9d0000 - 0x000007fefd9fe000 	C:\Windows\system32\IMM32.DLL
0x000007fefd170000 - 0x000007fefd279000 	C:\Windows\system32\MSCTF.dll
0x000000006ba10000 - 0x000000006bae2000 	C:\Program Files\Java\jdk1.8.0_45\jre\bin\msvcr100.dll
0x0000000053fc0000 - 0x0000000054843000 	C:\Program Files\Java\jdk1.8.0_45\jre\bin\server\jvm.dll
0x000007fef9580000 - 0x000007fef9589000 	C:\Windows\system32\WSOCK32.dll
0x000007feff110000 - 0x000007feff15d000 	C:\Windows\system32\WS2_32.dll
0x000007feff100000 - 0x000007feff108000 	C:\Windows\system32\NSI.dll
0x000007fefae90000 - 0x000007fefaecb000 	C:\Windows\system32\WINMM.dll
0x000007fefbdf0000 - 0x000007fefbdfc000 	C:\Windows\system32\VERSION.dll
0x00000000770c0000 - 0x00000000770c7000 	C:\Windows\system32\PSAPI.DLL
0x0000000074800000 - 0x000000007480f000 	C:\Program Files\Java\jdk1.8.0_45\jre\bin\verify.dll
0x00000000747d0000 - 0x00000000747f9000 	C:\Program Files\Java\jdk1.8.0_45\jre\bin\java.dll
0x0000000074790000 - 0x00000000747a6000 	C:\Program Files\Java\jdk1.8.0_45\jre\bin\zip.dll
0x000007fefdbe0000 - 0x000007fefe96a000 	C:\Windows\system32\SHELL32.dll
0x000007fefeed0000 - 0x000007feff0d3000 	C:\Windows\system32\ole32.dll
0x000007fefcc80000 - 0x000007fefcc8f000 	C:\Windows\system32\profapi.dll

VM Arguments:
jvm_args: -Djava.awt.headless=true -Xmx1024M -Dfile.encoding=x-windows-949 -Duser.country=KR -Duser.language=ko -Duser.variant 
java_command: com.android.dx.command.Main --dex --num-threads=4 --output D:\Project\Android\Test\InterviewApp\app\build\intermediates\pre-dexed\debug\com.android.support-support-v4-23.2.0_254d40e382a6fc1d037a86e3d0ac6f980caec672.jar D:\Project\Android\Test\InterviewApp\app\build\intermediates\exploded-aar\com.android.support\support-v4\23.2.0\jars\classes.jar
java_class_path (initial): C:\Users\SISCOS\AppData\Local\Android\sdk\build-tools\23.0.2\lib\dx.jar
Launcher Type: SUN_STANDARD

Environment Variables:
JAVA_HOME=C:\Program Files\Java\jdk1.8.0_45
PATH=C:\ProgramData\Oracle\Java\javapath;C:\Program Files (x86)\Wizvera\Delfino;C:\Program Files (x86)\Intel\iCLS Client\;C:\Program Files\Intel\iCLS Client\;C:\Windows\system32;C:\Windows;C:\Windows\System32\Wbem;C:\Windows\System32\WindowsPowerShell\v1.0\;C:\Program Files\Intel\Intel(R) Management Engine Components\DAL;C:\Program Files\Intel\Intel(R) Management Engine Components\IPT;C:\Program Files (x86)\Intel\Intel(R) Management Engine Components\DAL;C:\Program Files (x86)\Intel\Intel(R) Management Engine Components\IPT;C:\Program Files\Microsoft SQL Server\110\Tools\Binn\;C:\Program Files (x86)\Intel\OpenCL SDK\2.0\bin\x86;C:\Program Files (x86)\Intel\OpenCL SDK\2.0\bin\x64;C:\Python33;C:\Program Files\Java\jdk1.8.0_45\bin;C:\Program Files\Java\jre1.8.0_45\bin;C:\Program Files (x86)\Microsoft SQL Server\100\Tools\Binn\;C:\Program Files\Microsoft SQL Server\100\Tools\Binn\;C:\Program Files\Microsoft SQL Server\100\DTS\Binn\;C:\Program Files (x86)\Skype\Phone\;C:\Program Files (x86)\GnuWin32\bin;C:\Users\SISCOS\AppData\Local\Android\sdk\platform-tools;C:\Program Files (x86)\ESTsoft\ALSee\x64
USERNAME=SISCOS
OS=Windows_NT
PROCESSOR_IDENTIFIER=Intel64 Family 6 Model 58 Stepping 9, GenuineIntel



---------------  S Y S T E M  ---------------

OS: Windows 7 , 64 bit Build 7601 (6.1.7601.19135)

CPU:total 4 (4 cores per cpu, 1 threads per core) family 6 model 58 stepping 9, cmov, cx8, fxsr, mmx, sse, sse2, sse3, ssse3, sse4.1, sse4.2, popcnt, avx, aes, clmul, erms, tsc, tscinvbit, tscinv

Memory: 4k page, physical 8273604k(1788796k free), swap 10346392k(4888k free)

vm_info: Java HotSpot(TM) 64-Bit Server VM (25.45-b02) for windows-amd64 JRE (1.8.0_45-b14), built on Apr 10 2015 10:34:15 by "java_re" with MS VC++ 10.0 (VS2010)

time: Wed Mar 09 15:59:47 2016
elapsed time: 7 seconds (0d 0h 0m 7s)

