#
# There is insufficient memory for the Java Runtime Environment to continue.
# Native memory allocation (malloc) failed to allocate 1654176 bytes for Chunk::new
# Possible reasons:
#   The system is out of physical RAM or swap space
#   In 32 bit mode, the process size limit was hit
# Possible solutions:
#   Reduce memory load on the system
#   Increase physical memory or swap space
#   Check if swap backing store is full
#   Use 64 bit Java on a 64 bit OS
#   Decrease Java heap size (-Xmx/-Xms)
#   Decrease number of Java threads
#   Decrease Java thread stack sizes (-Xss)
#   Set larger code cache with -XX:ReservedCodeCacheSize=
# This output file may be truncated or incomplete.
#
#  Out of Memory Error (allocation.cpp:390), pid=7640, tid=9312
#
# JRE version: Java(TM) SE Runtime Environment (8.0_45-b14) (build 1.8.0_45-b14)
# Java VM: Java HotSpot(TM) 64-Bit Server VM (25.45-b02 mixed mode windows-amd64 compressed oops)
# Failed to write core dump. Minidumps are not enabled by default on client versions of Windows
#

---------------  T H R E A D  ---------------

Current thread (0x0000000016435000):  JavaThread "C2 CompilerThread1" daemon [_thread_in_native, id=9312, stack(0x0000000016db0000,0x0000000016eb0000)]

Stack: [0x0000000016db0000,0x0000000016eb0000]
Native frames: (J=compiled Java code, j=interpreted, Vv=VM code, C=native code)
V  [jvm.dll+0x32b57a]


Current CompileTask:
C2:   9055 2089   !   4       com.android.dx.cf.code.Ropper::processBlock (1101 bytes)


---------------  P R O C E S S  ---------------

Java Threads: ( => current thread )
  0x00000000167e4000 JavaThread "pool-1-thread-4" [_thread_blocked, id=8852, stack(0x0000000017c20000,0x0000000017d20000)]
  0x00000000167e1000 JavaThread "pool-1-thread-3" [_thread_blocked, id=6836, stack(0x0000000017f60000,0x0000000018060000)]
  0x00000000167d8000 JavaThread "pool-1-thread-2" [_thread_blocked, id=4372, stack(0x0000000017de0000,0x0000000017ee0000)]
  0x00000000167d7000 JavaThread "pool-2-thread-1" [_thread_blocked, id=2868, stack(0x0000000016ed0000,0x0000000016fd0000)]
  0x00000000167d2800 JavaThread "pool-1-thread-1" [_thread_blocked, id=6804, stack(0x0000000017b20000,0x0000000017c20000)]
  0x00000000164d4800 JavaThread "Service Thread" daemon [_thread_blocked, id=2132, stack(0x00000000171f0000,0x00000000172f0000)]
  0x000000001644a000 JavaThread "C1 CompilerThread2" daemon [_thread_blocked, id=8092, stack(0x0000000016ff0000,0x00000000170f0000)]
=>0x0000000016435000 JavaThread "C2 CompilerThread1" daemon [_thread_in_native, id=9312, stack(0x0000000016db0000,0x0000000016eb0000)]
  0x0000000016428800 JavaThread "C2 CompilerThread0" daemon [_thread_blocked, id=3044, stack(0x0000000016c20000,0x0000000016d20000)]
  0x000000001526d000 JavaThread "Attach Listener" daemon [_thread_blocked, id=10168, stack(0x0000000016ab0000,0x0000000016bb0000)]
  0x000000001525f000 JavaThread "Signal Dispatcher" daemon [_thread_blocked, id=9980, stack(0x0000000016890000,0x0000000016990000)]
  0x0000000015207000 JavaThread "Finalizer" daemon [_thread_blocked, id=9940, stack(0x0000000016320000,0x0000000016420000)]
  0x0000000015200800 JavaThread "Reference Handler" daemon [_thread_blocked, id=1120, stack(0x00000000160a0000,0x00000000161a0000)]
  0x000000000252f000 JavaThread "main" [_thread_blocked, id=9192, stack(0x0000000002740000,0x0000000002840000)]

Other Threads:
  0x00000000151fb000 VMThread [stack: 0x0000000016200000,0x0000000016300000] [id=9080]
  0x00000000164d7800 WatcherThread [stack: 0x00000000169a0000,0x0000000016aa0000] [id=10228]

VM state:not at safepoint (normal execution)

VM Mutex/Monitor currently owned by a thread: None

Heap:
 PSYoungGen      total 71680K, used 11075K [0x00000000eab00000, 0x00000000f3700000, 0x0000000100000000)
  eden space 66560K, 8% used [0x00000000eab00000,0x00000000eb0d6600,0x00000000eec00000)
  from space 5120K, 99% used [0x00000000eec00000,0x00000000ef0fa910,0x00000000ef100000)
  to   space 5120K, 0% used [0x00000000f3200000,0x00000000f3200000,0x00000000f3700000)
 ParOldGen       total 87552K, used 15372K [0x00000000c0000000, 0x00000000c5580000, 0x00000000eab00000)
  object space 87552K, 17% used [0x00000000c0000000,0x00000000c0f030a8,0x00000000c5580000)
 Metaspace       used 6283K, capacity 7152K, committed 7296K, reserved 1056768K
  class space    used 598K, capacity 616K, committed 640K, reserved 1048576K

Card table byte_map: [0x0000000011c00000,0x0000000011e10000] byte_map_base: 0x0000000011600000

Marking Bits: (ParMarkBitMap*) 0x00000000547c4040
 Begin Bits: [0x0000000012670000, 0x0000000013670000)
 End Bits:   [0x0000000013670000, 0x0000000014670000)

Polling page: 0x0000000001b60000

CodeCache: size=245760Kb used=9559Kb max_used=9572Kb free=236200Kb
 bounds [0x0000000002840000, 0x00000000031b0000, 0x0000000011840000]
 total_blobs=2322 nmethods=2051 adapters=184
 compilation: enabled

Compilation events (10 events):
Event: 8.921 Thread 0x0000000016435000 2087       4       com.android.dx.ssa.back.LivenessAnalyzer::coInterferePhis (128 bytes)
Event: 8.932 Thread 0x0000000016435000 nmethod 2087 0x00000000031951d0 code [0x0000000003195380, 0x0000000003195c88]
Event: 8.934 Thread 0x0000000016435000 2088       4       com.android.dx.cf.code.ExecutionStack::<init> (34 bytes)
Event: 8.934 Thread 0x000000001644a000 2090   !   3       com.android.dx.rop.cst.CstType::intern (48 bytes)
Event: 8.935 Thread 0x000000001644a000 nmethod 2090 0x0000000003174850 code [0x0000000003174a60, 0x0000000003175668]
Event: 8.935 Thread 0x0000000016435000 nmethod 2088 0x0000000003143e90 code [0x0000000003143fe0, 0x00000000031441d8]
Event: 8.935 Thread 0x0000000016435000 2089   !   4       com.android.dx.cf.code.Ropper::processBlock (1101 bytes)
Event: 8.949 Thread 0x0000000016428800 nmethod 2085 0x00000000031a1d90 code [0x00000000031a2020, 0x00000000031a36b0]
Event: 8.949 Thread 0x0000000016428800 2091       4       com.android.dx.cf.code.Ropper::addBlock (37 bytes)
Event: 8.955 Thread 0x0000000016428800 nmethod 2091 0x0000000003178d10 code [0x0000000003178e80, 0x00000000031794f8]

GC Heap History (6 events):
Event: 1.569 GC heap before
{Heap before GC invocations=1 (full 0):
 PSYoungGen      total 38400K, used 33280K [0x00000000eab00000, 0x00000000ed580000, 0x0000000100000000)
  eden space 33280K, 100% used [0x00000000eab00000,0x00000000ecb80000,0x00000000ecb80000)
  from space 5120K, 0% used [0x00000000ed080000,0x00000000ed080000,0x00000000ed580000)
  to   space 5120K, 0% used [0x00000000ecb80000,0x00000000ecb80000,0x00000000ed080000)
 ParOldGen       total 87552K, used 0K [0x00000000c0000000, 0x00000000c5580000, 0x00000000eab00000)
  object space 87552K, 0% used [0x00000000c0000000,0x00000000c0000000,0x00000000c5580000)
 Metaspace       used 5878K, capacity 6832K, committed 7040K, reserved 1056768K
  class space    used 595K, capacity 616K, committed 640K, reserved 1048576K
Event: 1.744 GC heap after
Heap after GC invocations=1 (full 0):
 PSYoungGen      total 38400K, used 5090K [0x00000000eab00000, 0x00000000ef600000, 0x0000000100000000)
  eden space 33280K, 0% used [0x00000000eab00000,0x00000000eab00000,0x00000000ecb80000)
  from space 5120K, 99% used [0x00000000ecb80000,0x00000000ed0788f8,0x00000000ed080000)
  to   space 5120K, 0% used [0x00000000ef100000,0x00000000ef100000,0x00000000ef600000)
 ParOldGen       total 87552K, used 961K [0x00000000c0000000, 0x00000000c5580000, 0x00000000eab00000)
  object space 87552K, 1% used [0x00000000c0000000,0x00000000c00f06a0,0x00000000c5580000)
 Metaspace       used 5878K, capacity 6832K, committed 7040K, reserved 1056768K
  class space    used 595K, capacity 616K, committed 640K, reserved 1048576K
}
Event: 3.354 GC heap before
{Heap before GC invocations=2 (full 0):
 PSYoungGen      total 38400K, used 38370K [0x00000000eab00000, 0x00000000ef600000, 0x0000000100000000)
  eden space 33280K, 100% used [0x00000000eab00000,0x00000000ecb80000,0x00000000ecb80000)
  from space 5120K, 99% used [0x00000000ecb80000,0x00000000ed0788f8,0x00000000ed080000)
  to   space 5120K, 0% used [0x00000000ef100000,0x00000000ef100000,0x00000000ef600000)
 ParOldGen       total 87552K, used 961K [0x00000000c0000000, 0x00000000c5580000, 0x00000000eab00000)
  object space 87552K, 1% used [0x00000000c0000000,0x00000000c00f06a0,0x00000000c5580000)
 Metaspace       used 6151K, capacity 7024K, committed 7296K, reserved 1056768K
  class space    used 596K, capacity 616K, committed 640K, reserved 1048576K
Event: 3.487 GC heap after
Heap after GC invocations=2 (full 0):
 PSYoungGen      total 71680K, used 5092K [0x00000000eab00000, 0x00000000ef600000, 0x0000000100000000)
  eden space 66560K, 0% used [0x00000000eab00000,0x00000000eab00000,0x00000000eec00000)
  from space 5120K, 99% used [0x00000000ef100000,0x00000000ef5f92d0,0x00000000ef600000)
  to   space 5120K, 0% used [0x00000000eec00000,0x00000000eec00000,0x00000000ef100000)
 ParOldGen       total 87552K, used 5845K [0x00000000c0000000, 0x00000000c5580000, 0x00000000eab00000)
  object space 87552K, 6% used [0x00000000c0000000,0x00000000c05b5740,0x00000000c5580000)
 Metaspace       used 6151K, capacity 7024K, committed 7296K, reserved 1056768K
  class space    used 596K, capacity 616K, committed 640K, reserved 1048576K
}
Event: 8.632 GC heap before
{Heap before GC invocations=3 (full 0):
 PSYoungGen      total 71680K, used 71652K [0x00000000eab00000, 0x00000000ef600000, 0x0000000100000000)
  eden space 66560K, 100% used [0x00000000eab00000,0x00000000eec00000,0x00000000eec00000)
  from space 5120K, 99% used [0x00000000ef100000,0x00000000ef5f92d0,0x00000000ef600000)
  to   space 5120K, 0% used [0x00000000eec00000,0x00000000eec00000,0x00000000ef100000)
 ParOldGen       total 87552K, used 5845K [0x00000000c0000000, 0x00000000c5580000, 0x00000000eab00000)
  object space 87552K, 6% used [0x00000000c0000000,0x00000000c05b5740,0x00000000c5580000)
 Metaspace       used 6283K, capacity 7152K, committed 7296K, reserved 1056768K
  class space    used 598K, capacity 616K, committed 640K, reserved 1048576K
Event: 8.741 GC heap after
Heap after GC invocations=3 (full 0):
 PSYoungGen      total 71680K, used 5098K [0x00000000eab00000, 0x00000000f3700000, 0x0000000100000000)
  eden space 66560K, 0% used [0x00000000eab00000,0x00000000eab00000,0x00000000eec00000)
  from space 5120K, 99% used [0x00000000eec00000,0x00000000ef0fa910,0x00000000ef100000)
  to   space 5120K, 0% used [0x00000000f3200000,0x00000000f3200000,0x00000000f3700000)
 ParOldGen       total 87552K, used 15372K [0x00000000c0000000, 0x00000000c5580000, 0x00000000eab00000)
  object space 87552K, 17% used [0x00000000c0000000,0x00000000c0f030a8,0x00000000c5580000)
 Metaspace       used 6283K, capacity 7152K, committed 7296K, reserved 1056768K
  class space    used 598K, capacity 616K, committed 640K, reserved 1048576K
}

Deoptimization events (10 events):
Event: 7.548 Thread 0x00000000167d2800 Uncommon trap: reason=bimorphic action=maybe_recompile pc=0x000000000306e760 method=com.android.dx.cf.code.BytecodeArray.parseInstruction(ILcom/android/dx/cf/code/BytecodeArray$Visitor;)I @ 1597
Event: 7.548 Thread 0x00000000167d2800 Uncommon trap: reason=bimorphic action=maybe_recompile pc=0x000000000306e760 method=com.android.dx.cf.code.BytecodeArray.parseInstruction(ILcom/android/dx/cf/code/BytecodeArray$Visitor;)I @ 1597
Event: 7.838 Thread 0x00000000167d2800 Uncommon trap: reason=null_assert action=make_not_entrant pc=0x0000000002e7a80c method=com.android.dx.cf.code.RopperMachine.run(Lcom/android/dx/cf/code/Frame;II)V @ 1112
Event: 7.932 Thread 0x00000000167d2800 Uncommon trap: reason=bimorphic action=maybe_recompile pc=0x0000000002f65e24 method=com.android.dx.rop.code.RegisterSpec.withSimpleType()Lcom/android/dx/rop/code/RegisterSpec; @ 21
Event: 7.935 Thread 0x00000000167d2800 Uncommon trap: reason=unstable_if action=reinterpret pc=0x00000000030b3fec method=com.android.dx.ssa.SsaBasicBlock.scheduleMovesFromPhis()V @ 63
Event: 7.935 Thread 0x00000000167d2800 Uncommon trap: reason=unstable_if action=reinterpret pc=0x0000000002ec7ae4 method=com.android.dx.ssa.SsaBasicBlock.scheduleMovesFromPhis()V @ 63
Event: 7.950 Thread 0x00000000167d2800 Uncommon trap: reason=unstable_if action=reinterpret pc=0x00000000030d7dcc method=com.android.dx.dex.code.RopTranslator.pickOrder()V @ 130
Event: 8.299 Thread 0x00000000167d2800 Uncommon trap: reason=bimorphic action=maybe_recompile pc=0x0000000003151344 method=com.android.dx.cf.code.BytecodeArray.parseInstruction(ILcom/android/dx/cf/code/BytecodeArray$Visitor;)I @ 1161
Event: 8.299 Thread 0x00000000167d2800 Uncommon trap: reason=bimorphic action=maybe_recompile pc=0x0000000003151344 method=com.android.dx.cf.code.BytecodeArray.parseInstruction(ILcom/android/dx/cf/code/BytecodeArray$Visitor;)I @ 1161
Event: 8.423 Thread 0x00000000167d2800 Uncommon trap: reason=unstable_if action=reinterpret pc=0x0000000002cca348 method=com.android.dx.ssa.SCCP.simulateStmt(Lcom/android/dx/ssa/SsaInsn;)V @ 59

Internal exceptions (3 events):
Event: 0.034 Thread 0x000000000252f000 Exception <a 'java/lang/NoSuchMethodError': Method sun.misc.Unsafe.defineClass(Ljava/lang/String;[BII)Ljava/lang/Class; name or signature does not match> (0x00000000eab12f30) thrown at [C:\re\workspace\8-2-build-windows-amd64-cygwin\jdk8u45\3457\hotspot\srŒO×]½Q¡?
Event: 0.034 Thread 0x000000000252f000 Exception <a 'java/lang/NoSuchMethodError': Method sun.misc.Unsafe.prefetchRead(Ljava/lang/Object;J)V name or signature does not match> (0x00000000eab131c0) thrown at [C:\re\workspace\8-2-build-windows-amd64-cygwin\jdk8u45\3457\hotspot\src\share\vm\prims\j·vo2“ï?
Event: 0.970 Thread 0x00000000167d8000 Implicit null exception at 0x0000000002aaf3dd to 0x0000000002ab1bad

Events (10 events):
Event: 8.299 Thread 0x00000000167d2800 DEOPT PACKING pc=0x0000000003151344 sp=0x0000000017c1e840
Event: 8.299 Thread 0x00000000167d2800 DEOPT UNPACKING pc=0x000000000288582a sp=0x0000000017c1e808 mode 2
Event: 8.299 Thread 0x00000000167d2800 Uncommon trap: trap_request=0xffffffc6 fr.pc=0x0000000003151344
Event: 8.299 Thread 0x00000000167d2800 DEOPT PACKING pc=0x0000000003151344 sp=0x0000000017c1e6e0
Event: 8.299 Thread 0x00000000167d2800 DEOPT UNPACKING pc=0x000000000288582a sp=0x0000000017c1e6a8 mode 2
Event: 8.423 Thread 0x00000000167d2800 Uncommon trap: trap_request=0xffffff65 fr.pc=0x0000000002cca348
Event: 8.423 Thread 0x00000000167d2800 DEOPT PACKING pc=0x0000000002cca348 sp=0x0000000017c1ea30
Event: 8.423 Thread 0x00000000167d2800 DEOPT UNPACKING pc=0x000000000288582a sp=0x0000000017c1ea18 mode 2
Event: 8.632 Executing VM operation: ParallelGCFailedAllocation
Event: 8.741 Executing VM operation: ParallelGCFailedAllocation done


Dynamic libraries:
0x000000013fba0000 - 0x000000013fbd7000 	C:\Program Files\Java\jdk1.8.0_45\bin\java.exe
0x0000000076ef0000 - 0x000000007709a000 	C:\Windows\SYSTEM32\ntdll.dll
0x0000000076dd0000 - 0x0000000076eef000 	C:\Windows\system32\kernel32.dll
0x000007fefcfa0000 - 0x000007fefd00b000 	C:\Windows\system32\KERNELBASE.dll
0x000007fefd8e0000 - 0x000007fefd9bb000 	C:\Windows\system32\ADVAPI32.dll
0x000007fefedc0000 - 0x000007fefee5f000 	C:\Windows\system32\msvcrt.dll
0x000007feff0e0000 - 0x000007feff0ff000 	C:\Windows\SYSTEM32\sechost.dll
0x000007fefd620000 - 0x000007fefd74d000 	C:\Windows\system32\RPCRT4.dll
0x0000000076cd0000 - 0x0000000076dca000 	C:\Windows\system32\USER32.dll
0x000007fefee60000 - 0x000007fefeec7000 	C:\Windows\system32\GDI32.dll
0x000007fefd9c0000 - 0x000007fefd9ce000 	C:\Windows\system32\LPK.dll
0x000007fefd280000 - 0x000007fefd34a000 	C:\Windows\system32\USP10.dll
0x000007fefb270000 - 0x000007fefb464000 	C:\Windows\WinSxS\amd64_microsoft.windows.common-controls_6595b64144ccf1df_6.0.7601.18837_none_fa3b1e3d17594757\COMCTL32.dll
0x000007fefe970000 - 0x000007fefe9e1000 	C:\Windows\system32\SHLWAPI.dll
0x000007fefd9d0000 - 0x000007fefd9fe000 	C:\Windows\system32\IMM32.DLL
0x000007fefd170000 - 0x000007fefd279000 	C:\Windows\system32\MSCTF.dll
0x000000006ba10000 - 0x000000006bae2000 	C:\Program Files\Java\jdk1.8.0_45\jre\bin\msvcr100.dll
0x0000000053fc0000 - 0x0000000054843000 	C:\Program Files\Java\jdk1.8.0_45\jre\bin\server\jvm.dll
0x000007fef9580000 - 0x000007fef9589000 	C:\Windows\system32\WSOCK32.dll
0x000007feff110000 - 0x000007feff15d000 	C:\Windows\system32\WS2_32.dll
0x000007feff100000 - 0x000007feff108000 	C:\Windows\system32\NSI.dll
0x000007fefae90000 - 0x000007fefaecb000 	C:\Windows\system32\WINMM.dll
0x000007fefbdf0000 - 0x000007fefbdfc000 	C:\Windows\system32\VERSION.dll
0x00000000770c0000 - 0x00000000770c7000 	C:\Windows\system32\PSAPI.DLL
0x0000000074800000 - 0x000000007480f000 	C:\Program Files\Java\jdk1.8.0_45\jre\bin\verify.dll
0x00000000747d0000 - 0x00000000747f9000 	C:\Program Files\Java\jdk1.8.0_45\jre\bin\java.dll
0x0000000074790000 - 0x00000000747a6000 	C:\Program Files\Java\jdk1.8.0_45\jre\bin\zip.dll
0x000007fefdbe0000 - 0x000007fefe96a000 	C:\Windows\system32\SHELL32.dll
0x000007fefeed0000 - 0x000007feff0d3000 	C:\Windows\system32\ole32.dll
0x000007fefcc80000 - 0x000007fefcc8f000 	C:\Windows\system32\profapi.dll

VM Arguments:
jvm_args: -Djava.awt.headless=true -Xmx1024M -Dfile.encoding=x-windows-949 -Duser.country=KR -Duser.language=ko -Duser.variant 
java_command: com.android.dx.command.Main --dex --num-threads=4 --output D:\Project\Android\Test\InterviewApp\app\build\intermediates\pre-dexed\debug\com.facebook.android-facebook-android-sdk-4.10.0_16f6aa270e88c994f25fe953a8dee7ed2662fee6.jar D:\Project\Android\Test\InterviewApp\app\build\intermediates\exploded-aar\com.facebook.android\facebook-android-sdk\4.10.0\jars\classes.jar
java_class_path (initial): C:\Users\SISCOS\AppData\Local\Android\sdk\build-tools\23.0.2\lib\dx.jar
Launcher Type: SUN_STANDARD

Environment Variables:
JAVA_HOME=C:\Program Files\Java\jdk1.8.0_45
PATH=C:\ProgramData\Oracle\Java\javapath;C:\Program Files (x86)\Wizvera\Delfino;C:\Program Files (x86)\Intel\iCLS Client\;C:\Program Files\Intel\iCLS Client\;C:\Windows\system32;C:\Windows;C:\Windows\System32\Wbem;C:\Windows\System32\WindowsPowerShell\v1.0\;C:\Program Files\Intel\Intel(R) Management Engine Components\DAL;C:\Program Files\Intel\Intel(R) Management Engine Components\IPT;C:\Program Files (x86)\Intel\Intel(R) Management Engine Components\DAL;C:\Program Files (x86)\Intel\Intel(R) Management Engine Components\IPT;C:\Program Files\Microsoft SQL Server\110\Tools\Binn\;C:\Program Files (x86)\Intel\OpenCL SDK\2.0\bin\x86;C:\Program Files (x86)\Intel\OpenCL SDK\2.0\bin\x64;C:\Python33;C:\Program Files\Java\jdk1.8.0_45\bin;C:\Program Files\Java\jre1.8.0_45\bin;C:\Program Files (x86)\Microsoft SQL Server\100\Tools\Binn\;C:\Program Files\Microsoft SQL Server\100\Tools\Binn\;C:\Program Files\Microsoft SQL Server\100\DTS\Binn\;C:\Program Files (x86)\Skype\Phone\;C:\Program Files (x86)\GnuWin32\bin;C:\Users\SISCOS\AppData\Local\Android\sdk\platform-tools;C:\Program Files (x86)\ESTsoft\ALSee\x64
USERNAME=SISCOS
OS=Windows_NT
PROCESSOR_IDENTIFIER=Intel64 Family 6 Model 58 Stepping 9, GenuineIntel



---------------  S Y S T E M  ---------------

OS: Windows 7 , 64 bit Build 7601 (6.1.7601.19135)

CPU:total 4 (4 cores per cpu, 1 threads per core) family 6 model 58 stepping 9, cmov, cx8, fxsr, mmx, sse, sse2, sse3, ssse3, sse4.1, sse4.2, popcnt, avx, aes, clmul, erms, tsc, tscinvbit, tscinv

Memory: 4k page, physical 8273604k(1788720k free), swap 10346392k(4888k free)

vm_info: Java HotSpot(TM) 64-Bit Server VM (25.45-b02) for windows-amd64 JRE (1.8.0_45-b14), built on Apr 10 2015 10:34:15 by "java_re" with MS VC++ 10.0 (VS2010)

time: Wed Mar 09 15:59:47 2016
elapsed time: 9 seconds (0d 0h 0m 9s)

