#
# There is insufficient memory for the Java Runtime Environment to continue.
# Native memory allocation (malloc) failed to allocate 32744 bytes for ChunkPool::allocate
# Possible reasons:
#   The system is out of physical RAM or swap space
#   In 32 bit mode, the process size limit was hit
# Possible solutions:
#   Reduce memory load on the system
#   Increase physical memory or swap space
#   Check if swap backing store is full
#   Use 64 bit Java on a 64 bit OS
#   Decrease Java heap size (-Xmx/-Xms)
#   Decrease number of Java threads
#   Decrease Java thread stack sizes (-Xss)
#   Set larger code cache with -XX:ReservedCodeCacheSize=
# This output file may be truncated or incomplete.
#
#  Out of Memory Error (allocation.cpp:273), pid=8912, tid=9772
#
# JRE version: Java(TM) SE Runtime Environment (8.0_45-b14) (build 1.8.0_45-b14)
# Java VM: Java HotSpot(TM) 64-Bit Server VM (25.45-b02 mixed mode windows-amd64 compressed oops)
# Failed to write core dump. Minidumps are not enabled by default on client versions of Windows
#

---------------  T H R E A D  ---------------

Current thread (0x00000000002af000):  JavaThread "main" [_thread_in_vm, id=9772, stack(0x0000000002760000,0x0000000002860000)]

Stack: [0x0000000002760000,0x0000000002860000]
Native frames: (J=compiled Java code, j=interpreted, Vv=VM code, C=native code)
V  [jvm.dll+0x32b57a]

Java frames: (J=compiled Java code, j=interpreted, Vv=VM code)
j  com.android.dx.cf.direct.DirectClassFile.makeTypeList(II)Lcom/android/dx/rop/type/TypeList;+25
j  com.android.dx.cf.direct.StdAttributeFactory.exceptions(Lcom/android/dx/cf/direct/DirectClassFile;IILcom/android/dx/cf/iface/ParseObserver;)Lcom/android/dx/cf/iface/Attribute;+90
j  com.android.dx.cf.direct.StdAttributeFactory.parse0(Lcom/android/dx/cf/direct/DirectClassFile;ILjava/lang/String;IILcom/android/dx/cf/iface/ParseObserver;)Lcom/android/dx/cf/iface/Attribute;+352
j  com.android.dx.cf.direct.AttributeFactory.parse(Lcom/android/dx/cf/direct/DirectClassFile;IILcom/android/dx/cf/iface/ParseObserver;)Lcom/android/dx/cf/iface/Attribute;+171
j  com.android.dx.cf.direct.AttributeListParser.parse()V+147
j  com.android.dx.cf.direct.AttributeListParser.parseIfNecessary()V+8
j  com.android.dx.cf.direct.AttributeListParser.getEndOffset()I+1
j  com.android.dx.cf.direct.MemberListParser.parse()V+387
j  com.android.dx.cf.direct.MemberListParser.parseIfNecessary()V+8
j  com.android.dx.cf.direct.MethodListParser.getList()Lcom/android/dx/cf/iface/StdMethodList;+1
j  com.android.dx.cf.direct.DirectClassFile.parse0()V+776
j  com.android.dx.cf.direct.DirectClassFile.parse()V+1
j  com.android.dx.cf.direct.DirectClassFile.parseToInterfacesIfNecessary()V+9
j  com.android.dx.cf.direct.DirectClassFile.getMagic()I+1
j  com.android.dx.command.dexer.Main.parseClass(Ljava/lang/String;[B)Lcom/android/dx/cf/direct/DirectClassFile;+27
j  com.android.dx.command.dexer.Main.access$1500(Ljava/lang/String;[B)Lcom/android/dx/cf/direct/DirectClassFile;+2
j  com.android.dx.command.dexer.Main$ClassParserTask.call()Lcom/android/dx/cf/direct/DirectClassFile;+8
j  com.android.dx.command.dexer.Main.processClass(Ljava/lang/String;[B)Z+34
j  com.android.dx.command.dexer.Main.processFileBytes(Ljava/lang/String;J[B)Z+188
j  com.android.dx.command.dexer.Main.access$1200(Ljava/lang/String;J[B)Z+3
j  com.android.dx.command.dexer.Main$FileBytesConsumer.processFileBytes(Ljava/lang/String;J[B)Z+4
j  com.android.dx.cf.direct.ClassPathOpener.processArchive(Ljava/io/File;)Z+203
j  com.android.dx.cf.direct.ClassPathOpener.processOne(Ljava/io/File;Z)Z+48
j  com.android.dx.cf.direct.ClassPathOpener.process()Z+15
j  com.android.dx.command.dexer.Main.processOne(Ljava/lang/String;Lcom/android/dx/cf/direct/ClassPathOpener$FileNameFilter;)V+20
j  com.android.dx.command.dexer.Main.processAllFiles()Z+272
j  com.android.dx.command.dexer.Main.runMonoDex()I+58
j  com.android.dx.command.dexer.Main.run(Lcom/android/dx/command/dexer/Main$Arguments;)I+76
j  com.android.dx.command.dexer.Main.main([Ljava/lang/String;)V+14
j  com.android.dx.command.Main.main([Ljava/lang/String;)V+61
v  ~StubRoutines::call_stub

---------------  P R O C E S S  ---------------

Java Threads: ( => current thread )
  0x00000000566f7000 JavaThread "pool-1-thread-2" [_thread_blocked, id=9392, stack(0x0000000057710000,0x0000000057810000)]
  0x00000000567d0000 JavaThread "pool-2-thread-1" [_thread_blocked, id=9844, stack(0x00000000574c0000,0x00000000575c0000)]
  0x00000000566f2800 JavaThread "pool-1-thread-1" [_thread_in_vm, id=3196, stack(0x00000000560a0000,0x00000000561a0000)]
  0x00000000565f8800 JavaThread "Service Thread" daemon [_thread_blocked, id=9120, stack(0x0000000056ae0000,0x0000000056be0000)]
  0x000000005656b000 JavaThread "C1 CompilerThread2" daemon [_thread_in_native, id=9256, stack(0x0000000057090000,0x0000000057190000)]
  0x0000000056566000 JavaThread "C2 CompilerThread1" daemon [_thread_blocked, id=3272, stack(0x0000000056f00000,0x0000000057000000)]
  0x0000000056548800 JavaThread "C2 CompilerThread0" daemon [_thread_blocked, id=7528, stack(0x0000000056d70000,0x0000000056e70000)]
  0x00000000552cd000 JavaThread "Attach Listener" daemon [_thread_blocked, id=9568, stack(0x0000000056c70000,0x0000000056d70000)]
  0x00000000552bf000 JavaThread "Signal Dispatcher" daemon [_thread_blocked, id=924, stack(0x00000000569c0000,0x0000000056ac0000)]
  0x0000000055267800 JavaThread "Finalizer" daemon [_thread_blocked, id=4372, stack(0x00000000562c0000,0x00000000563c0000)]
  0x0000000055260800 JavaThread "Reference Handler" daemon [_thread_blocked, id=9504, stack(0x0000000056440000,0x0000000056540000)]
=>0x00000000002af000 JavaThread "main" [_thread_in_vm, id=9772, stack(0x0000000002760000,0x0000000002860000)]

Other Threads:
  0x000000005525b000 VMThread [stack: 0x00000000561c0000,0x00000000562c0000] [id=10076]
  0x000000005660b800 WatcherThread [stack: 0x00000000572c0000,0x00000000573c0000] [id=8220]

VM state:not at safepoint (normal execution)

VM Mutex/Monitor currently owned by a thread: None

Heap:
 PSYoungGen      total 38400K, used 6675K [0x00000000eab00000, 0x00000000ed580000, 0x0000000100000000)
  eden space 33280K, 20% used [0x00000000eab00000,0x00000000eb184f40,0x00000000ecb80000)
  from space 5120K, 0% used [0x00000000ed080000,0x00000000ed080000,0x00000000ed580000)
  to   space 5120K, 0% used [0x00000000ecb80000,0x00000000ecb80000,0x00000000ed080000)
 ParOldGen       total 87552K, used 0K [0x00000000c0000000, 0x00000000c5580000, 0x00000000eab00000)
  object space 87552K, 0% used [0x00000000c0000000,0x00000000c0000000,0x00000000c5580000)
 Metaspace       used 3967K, capacity 5168K, committed 5376K, reserved 1056768K
  class space    used 444K, capacity 488K, committed 512K, reserved 1048576K

Card table byte_map: [0x0000000011c20000,0x0000000011e30000] byte_map_base: 0x0000000011620000

Marking Bits: (ParMarkBitMap*) 0x0000000077f74040
 Begin Bits: [0x00000000126d0000, 0x00000000136d0000)
 End Bits:   [0x00000000136d0000, 0x00000000146d0000)

Polling page: 0x0000000000250000

CodeCache: size=245760Kb used=1430Kb max_used=1441Kb free=244329Kb
 bounds [0x0000000002860000, 0x0000000002ad0000, 0x0000000011860000]
 total_blobs=455 nmethods=195 adapters=173
 compilation: enabled

Compilation events (10 events):
Event: 0.268 Thread 0x000000005656b000 nmethod 185 0x00000000029c4a10 code [0x00000000029c4b60, 0x00000000029c4c70]
Event: 0.268 Thread 0x000000005656b000  186       1       java.util.jar.JarFile::access$300 (5 bytes)
Event: 0.268 Thread 0x000000005656b000 nmethod 186 0x00000000029c3a10 code [0x00000000029c3b60, 0x00000000029c3c50]
Event: 0.268 Thread 0x000000005656b000  193       1       com.android.dx.rop.cst.CstString::getString (5 bytes)
Event: 0.268 Thread 0x000000005656b000 nmethod 193 0x00000000029c3750 code [0x00000000029c38a0, 0x00000000029c39b0]
Event: 0.268 Thread 0x000000005656b000  195   !   3       com.android.dx.cf.cst.ConstantPoolParser::parse0 (731 bytes)
Event: 0.269 Thread 0x0000000056566000  199       4       com.android.dx.util.ByteArray::checkOffsets (66 bytes)
Event: 0.269 Thread 0x0000000056566000 nmethod 199 0x00000000029c3490 code [0x00000000029c35c0, 0x00000000029c3678]
Event: 0.269 Thread 0x0000000056548800  202       4       com.android.dx.util.ByteArray::getUnsignedByte (14 bytes)
Event: 0.270 Thread 0x0000000056548800 nmethod 202 0x00000000029c30d0 code [0x00000000029c3220, 0x00000000029c3318]

GC Heap History (0 events):
No events

Deoptimization events (0 events):
No events

Internal exceptions (2 events):
Event: 0.114 Thread 0x00000000002af000 Exception <a 'java/lang/NoSuchMethodError': Method sun.misc.Unsafe.defineClass(Ljava/lang/String;[BII)Ljava/lang/Class; name or signature does not match> (0x00000000eab12f30) thrown at [C:\re\workspace\8-2-build-windows-amd64-cygwin\jdk8u45\3457\hotspot\sr1–±ES½?
Event: 0.114 Thread 0x00000000002af000 Exception <a 'java/lang/NoSuchMethodError': Method sun.misc.Unsafe.prefetchRead(Ljava/lang/Object;J)V name or signature does not match> (0x00000000eab131c0) thrown at [C:\re\workspace\8-2-build-windows-amd64-cygwin\jdk8u45\3457\hotspot\src\share\vm\prims\j

Events (10 events):
Event: 0.270 loading class com/android/dx/cf/attrib/AttConstantValue
Event: 0.270 loading class com/android/dx/cf/attrib/AttConstantValue done
Event: 0.270 loading class com/android/dx/dex/file/ClassDataItem
Event: 0.270 loading class com/android/dx/dex/file/ClassDataItem done
Event: 0.270 loading class com/android/dx/dex/file/AnnotationsDirectoryItem
Event: 0.270 loading class com/android/dx/dex/file/AnnotationsDirectoryItem done
Event: 0.271 loading class com/android/dx/cf/direct/DirectClassFile$DcfTypeList
Event: 0.271 loading class com/android/dx/cf/direct/DirectClassFile$DcfTypeList done
Event: 0.271 loading class com/android/dx/dex/file/AnnotationSetItem
Event: 0.271 loading class com/android/dx/dex/file/AnnotationSetItem done


Dynamic libraries:
0x000000013f100000 - 0x000000013f137000 	C:\Program Files\Java\jdk1.8.0_45\bin\java.exe
0x0000000076ef0000 - 0x000000007709a000 	C:\Windows\SYSTEM32\ntdll.dll
0x0000000076dd0000 - 0x0000000076eef000 	C:\Windows\system32\kernel32.dll
0x000007fefcfa0000 - 0x000007fefd00b000 	C:\Windows\system32\KERNELBASE.dll
0x000007fefd8e0000 - 0x000007fefd9bb000 	C:\Windows\system32\ADVAPI32.dll
0x000007fefedc0000 - 0x000007fefee5f000 	C:\Windows\system32\msvcrt.dll
0x000007feff0e0000 - 0x000007feff0ff000 	C:\Windows\SYSTEM32\sechost.dll
0x000007fefd620000 - 0x000007fefd74d000 	C:\Windows\system32\RPCRT4.dll
0x0000000076cd0000 - 0x0000000076dca000 	C:\Windows\system32\USER32.dll
0x000007fefee60000 - 0x000007fefeec7000 	C:\Windows\system32\GDI32.dll
0x000007fefd9c0000 - 0x000007fefd9ce000 	C:\Windows\system32\LPK.dll
0x000007fefd280000 - 0x000007fefd34a000 	C:\Windows\system32\USP10.dll
0x000007fefb270000 - 0x000007fefb464000 	C:\Windows\WinSxS\amd64_microsoft.windows.common-controls_6595b64144ccf1df_6.0.7601.18837_none_fa3b1e3d17594757\COMCTL32.dll
0x000007fefe970000 - 0x000007fefe9e1000 	C:\Windows\system32\SHLWAPI.dll
0x000007fefd9d0000 - 0x000007fefd9fe000 	C:\Windows\system32\IMM32.DLL
0x000007fefd170000 - 0x000007fefd279000 	C:\Windows\system32\MSCTF.dll
0x000000006b950000 - 0x000000006ba22000 	C:\Program Files\Java\jdk1.8.0_45\jre\bin\msvcr100.dll
0x0000000077770000 - 0x0000000077ff3000 	C:\Program Files\Java\jdk1.8.0_45\jre\bin\server\jvm.dll
0x000007fef9580000 - 0x000007fef9589000 	C:\Windows\system32\WSOCK32.dll
0x000007feff110000 - 0x000007feff15d000 	C:\Windows\system32\WS2_32.dll
0x000007feff100000 - 0x000007feff108000 	C:\Windows\system32\NSI.dll
0x000007fefae90000 - 0x000007fefaecb000 	C:\Windows\system32\WINMM.dll
0x000007fefbdf0000 - 0x000007fefbdfc000 	C:\Windows\system32\VERSION.dll
0x00000000770c0000 - 0x00000000770c7000 	C:\Windows\system32\PSAPI.DLL
0x0000000074810000 - 0x000000007481f000 	C:\Program Files\Java\jdk1.8.0_45\jre\bin\verify.dll
0x00000000747e0000 - 0x0000000074809000 	C:\Program Files\Java\jdk1.8.0_45\jre\bin\java.dll
0x00000000747c0000 - 0x00000000747d6000 	C:\Program Files\Java\jdk1.8.0_45\jre\bin\zip.dll
0x000007fefdbe0000 - 0x000007fefe96a000 	C:\Windows\system32\SHELL32.dll
0x000007fefeed0000 - 0x000007feff0d3000 	C:\Windows\system32\ole32.dll
0x000007fefcc80000 - 0x000007fefcc8f000 	C:\Windows\system32\profapi.dll

VM Arguments:
jvm_args: -Djava.awt.headless=true -Xmx1024M -Dfile.encoding=x-windows-949 -Duser.country=KR -Duser.language=ko -Duser.variant 
java_command: com.android.dx.command.Main --dex --num-threads=4 --output D:\Project\Android\Test\InterviewApp\app\build\intermediates\pre-dexed\debug\bolts-applinks-1.3.0_8848096a8faa3000a95e505ccf04d797b236e70d.jar C:\Users\SISCOS\.gradle\caches\modules-2\files-2.1\com.parse.bolts\bolts-applinks\1.3.0\bc535105332645408ef5f1380215cc954b842178\bolts-applinks-1.3.0.jar
java_class_path (initial): C:\Users\SISCOS\AppData\Local\Android\sdk\build-tools\23.0.2\lib\dx.jar
Launcher Type: SUN_STANDARD

Environment Variables:
JAVA_HOME=C:\Program Files\Java\jdk1.8.0_45
PATH=C:\ProgramData\Oracle\Java\javapath;C:\Program Files (x86)\Wizvera\Delfino;C:\Program Files (x86)\Intel\iCLS Client\;C:\Program Files\Intel\iCLS Client\;C:\Windows\system32;C:\Windows;C:\Windows\System32\Wbem;C:\Windows\System32\WindowsPowerShell\v1.0\;C:\Program Files\Intel\Intel(R) Management Engine Components\DAL;C:\Program Files\Intel\Intel(R) Management Engine Components\IPT;C:\Program Files (x86)\Intel\Intel(R) Management Engine Components\DAL;C:\Program Files (x86)\Intel\Intel(R) Management Engine Components\IPT;C:\Program Files\Microsoft SQL Server\110\Tools\Binn\;C:\Program Files (x86)\Intel\OpenCL SDK\2.0\bin\x86;C:\Program Files (x86)\Intel\OpenCL SDK\2.0\bin\x64;C:\Python33;C:\Program Files\Java\jdk1.8.0_45\bin;C:\Program Files\Java\jre1.8.0_45\bin;C:\Program Files (x86)\Microsoft SQL Server\100\Tools\Binn\;C:\Program Files\Microsoft SQL Server\100\Tools\Binn\;C:\Program Files\Microsoft SQL Server\100\DTS\Binn\;C:\Program Files (x86)\Skype\Phone\;C:\Program Files (x86)\GnuWin32\bin;C:\Users\SISCOS\AppData\Local\Android\sdk\platform-tools;C:\Program Files (x86)\ESTsoft\ALSee\x64
USERNAME=SISCOS
OS=Windows_NT
PROCESSOR_IDENTIFIER=Intel64 Family 6 Model 58 Stepping 9, GenuineIntel



---------------  S Y S T E M  ---------------

OS: Windows 7 , 64 bit Build 7601 (6.1.7601.19135)

CPU:total 4 (4 cores per cpu, 1 threads per core) family 6 model 58 stepping 9, cmov, cx8, fxsr, mmx, sse, sse2, sse3, ssse3, sse4.1, sse4.2, popcnt, avx, aes, clmul, erms, tsc, tscinvbit, tscinv

Memory: 4k page, physical 8273604k(1444552k free), swap 10346392k(4728k free)

vm_info: Java HotSpot(TM) 64-Bit Server VM (25.45-b02) for windows-amd64 JRE (1.8.0_45-b14), built on Apr 10 2015 10:34:15 by "java_re" with MS VC++ 10.0 (VS2010)

time: Wed Mar 09 14:50:09 2016
elapsed time: 0 seconds (0d 0h 0m 0s)

