#
# There is insufficient memory for the Java Runtime Environment to continue.
# Native memory allocation (malloc) failed to allocate 1559616 bytes for Chunk::new
# Possible reasons:
#   The system is out of physical RAM or swap space
#   In 32 bit mode, the process size limit was hit
# Possible solutions:
#   Reduce memory load on the system
#   Increase physical memory or swap space
#   Check if swap backing store is full
#   Use 64 bit Java on a 64 bit OS
#   Decrease Java heap size (-Xmx/-Xms)
#   Decrease number of Java threads
#   Decrease Java thread stack sizes (-Xss)
#   Set larger code cache with -XX:ReservedCodeCacheSize=
# This output file may be truncated or incomplete.
#
#  Out of Memory Error (allocation.cpp:390), pid=9824, tid=5836
#
# JRE version: Java(TM) SE Runtime Environment (8.0_45-b14) (build 1.8.0_45-b14)
# Java VM: Java HotSpot(TM) 64-Bit Server VM (25.45-b02 mixed mode windows-amd64 compressed oops)
# Failed to write core dump. Minidumps are not enabled by default on client versions of Windows
#

---------------  T H R E A D  ---------------

Current thread (0x0000000016625000):  JavaThread "C2 CompilerThread1" daemon [_thread_in_native, id=5836, stack(0x0000000016d80000,0x0000000016e80000)]

Stack: [0x0000000016d80000,0x0000000016e80000]
Native frames: (J=compiled Java code, j=interpreted, Vv=VM code, C=native code)
V  [jvm.dll+0x32b57a]


Current CompileTask:
C2:   4862 1663   !   4       com.android.dx.cf.code.Ropper::processBlock (1101 bytes)


---------------  P R O C E S S  ---------------

Java Threads: ( => current thread )
  0x0000000017312000 JavaThread "pool-1-thread-4" [_thread_blocked, id=1192, stack(0x0000000018140000,0x0000000018240000)]
  0x0000000017302800 JavaThread "pool-1-thread-3" [_thread_blocked, id=2428, stack(0x0000000017f20000,0x0000000018020000)]
  0x0000000016815000 JavaThread "pool-1-thread-2" [_thread_blocked, id=6996, stack(0x0000000017d50000,0x0000000017e50000)]
  0x0000000016812800 JavaThread "pool-2-thread-1" [_thread_blocked, id=9964, stack(0x0000000017030000,0x0000000017130000)]
  0x0000000016811000 JavaThread "pool-1-thread-1" [_thread_blocked, id=5296, stack(0x0000000017b90000,0x0000000017c90000)]
  0x00000000166a1000 JavaThread "Service Thread" daemon [_thread_blocked, id=5972, stack(0x0000000016b10000,0x0000000016c10000)]
  0x000000001669c800 JavaThread "C1 CompilerThread2" daemon [_thread_blocked, id=5936, stack(0x0000000016f20000,0x0000000017020000)]
=>0x0000000016625000 JavaThread "C2 CompilerThread1" daemon [_thread_in_native, id=5836, stack(0x0000000016d80000,0x0000000016e80000)]
  0x000000001661b000 JavaThread "C2 CompilerThread0" daemon [_thread_in_native, id=4724, stack(0x0000000016c60000,0x0000000016d60000)]
  0x000000001661a000 JavaThread "Attach Listener" daemon [_thread_blocked, id=4480, stack(0x0000000016a10000,0x0000000016b10000)]
  0x000000001524d800 JavaThread "Signal Dispatcher" daemon [_thread_blocked, id=7020, stack(0x0000000016200000,0x0000000016300000)]
  0x00000000151f0800 JavaThread "Finalizer" daemon [_thread_blocked, id=5320, stack(0x0000000016510000,0x0000000016610000)]
  0x00000000151ef000 JavaThread "Reference Handler" daemon [_thread_blocked, id=4680, stack(0x00000000163e0000,0x00000000164e0000)]
  0x000000000260f000 JavaThread "main" [_thread_blocked, id=10000, stack(0x0000000002910000,0x0000000002a10000)]

Other Threads:
  0x00000000151eb800 VMThread [stack: 0x0000000016100000,0x0000000016200000] [id=9060]
  0x00000000166a4000 WatcherThread [stack: 0x0000000017200000,0x0000000017300000] [id=8164]

VM state:not at safepoint (normal execution)

VM Mutex/Monitor currently owned by a thread: None

Heap:
 PSYoungGen      total 71680K, used 16191K [0x00000000eab00000, 0x00000000ef600000, 0x0000000100000000)
  eden space 66560K, 16% used [0x00000000eab00000,0x00000000eb5d7250,0x00000000eec00000)
  from space 5120K, 99% used [0x00000000ef100000,0x00000000ef5f89c8,0x00000000ef600000)
  to   space 5120K, 0% used [0x00000000eec00000,0x00000000eec00000,0x00000000ef100000)
 ParOldGen       total 87552K, used 4752K [0x00000000c0000000, 0x00000000c5580000, 0x00000000eab00000)
  object space 87552K, 5% used [0x00000000c0000000,0x00000000c04a4228,0x00000000c5580000)
 Metaspace       used 6182K, capacity 7088K, committed 7296K, reserved 1056768K
  class space    used 596K, capacity 616K, committed 640K, reserved 1048576K

Card table byte_map: [0x0000000011dd0000,0x0000000011fe0000] byte_map_base: 0x00000000117d0000

Marking Bits: (ParMarkBitMap*) 0x0000000051ef4040
 Begin Bits: [0x0000000012660000, 0x0000000013660000)
 End Bits:   [0x0000000013660000, 0x0000000014660000)

Polling page: 0x0000000000130000

CodeCache: size=245760Kb used=7145Kb max_used=7145Kb free=238614Kb
 bounds [0x0000000002a10000, 0x0000000003120000, 0x0000000011a10000]
 total_blobs=1953 nmethods=1682 adapters=184
 compilation: enabled

Compilation events (10 events):
Event: 4.760 Thread 0x000000001669c800 1696       3       com.android.dx.cf.code.BasicBlocker::<init> (79 bytes)
Event: 4.760 Thread 0x000000001669c800 nmethod 1696 0x000000000310c950 code [0x000000000310cb20, 0x000000000310d4e8]
Event: 4.760 Thread 0x000000001669c800 1698       3       com.android.dx.cf.code.BaseMachine::<init> (46 bytes)
Event: 4.760 Thread 0x000000001669c800 nmethod 1698 0x000000000310d890 code [0x000000000310da20, 0x000000000310deb8]
Event: 4.760 Thread 0x000000001669c800 1699       3       java.util.EnumSet::noneOf (63 bytes)
Event: 4.761 Thread 0x000000001669c800 nmethod 1699 0x000000000310e010 code [0x000000000310e2a0, 0x000000000310f2c8]
Event: 4.761 Thread 0x000000001669c800 1700   !   3       java.lang.Class::getEnumConstantsShared (73 bytes)
Event: 4.762 Thread 0x000000001669c800 nmethod 1700 0x000000000310fb10 code [0x000000000310fd00, 0x00000000031106e8]
Event: 4.762 Thread 0x000000001669c800 1701       3       com.android.dx.ssa.Optimizer::optimize (67 bytes)
Event: 4.762 Thread 0x000000001669c800 nmethod 1701 0x0000000003110a50 code [0x0000000003110c60, 0x0000000003111558]

GC Heap History (4 events):
Event: 1.243 GC heap before
{Heap before GC invocations=1 (full 0):
 PSYoungGen      total 38400K, used 33280K [0x00000000eab00000, 0x00000000ed580000, 0x0000000100000000)
  eden space 33280K, 100% used [0x00000000eab00000,0x00000000ecb80000,0x00000000ecb80000)
  from space 5120K, 0% used [0x00000000ed080000,0x00000000ed080000,0x00000000ed580000)
  to   space 5120K, 0% used [0x00000000ecb80000,0x00000000ecb80000,0x00000000ed080000)
 ParOldGen       total 87552K, used 0K [0x00000000c0000000, 0x00000000c5580000, 0x00000000eab00000)
  object space 87552K, 0% used [0x00000000c0000000,0x00000000c0000000,0x00000000c5580000)
 Metaspace       used 5931K, capacity 6896K, committed 7040K, reserved 1056768K
  class space    used 595K, capacity 616K, committed 640K, reserved 1048576K
Event: 1.267 GC heap after
Heap after GC invocations=1 (full 0):
 PSYoungGen      total 38400K, used 5113K [0x00000000eab00000, 0x00000000ef600000, 0x0000000100000000)
  eden space 33280K, 0% used [0x00000000eab00000,0x00000000eab00000,0x00000000ecb80000)
  from space 5120K, 99% used [0x00000000ecb80000,0x00000000ed07e698,0x00000000ed080000)
  to   space 5120K, 0% used [0x00000000ef100000,0x00000000ef100000,0x00000000ef600000)
 ParOldGen       total 87552K, used 815K [0x00000000c0000000, 0x00000000c5580000, 0x00000000eab00000)
  object space 87552K, 0% used [0x00000000c0000000,0x00000000c00cbfd0,0x00000000c5580000)
 Metaspace       used 5931K, capacity 6896K, committed 7040K, reserved 1056768K
  class space    used 595K, capacity 616K, committed 640K, reserved 1048576K
}
Event: 3.975 GC heap before
{Heap before GC invocations=2 (full 0):
 PSYoungGen      total 38400K, used 38393K [0x00000000eab00000, 0x00000000ef600000, 0x0000000100000000)
  eden space 33280K, 100% used [0x00000000eab00000,0x00000000ecb80000,0x00000000ecb80000)
  from space 5120K, 99% used [0x00000000ecb80000,0x00000000ed07e698,0x00000000ed080000)
  to   space 5120K, 0% used [0x00000000ef100000,0x00000000ef100000,0x00000000ef600000)
 ParOldGen       total 87552K, used 815K [0x00000000c0000000, 0x00000000c5580000, 0x00000000eab00000)
  object space 87552K, 0% used [0x00000000c0000000,0x00000000c00cbfd0,0x00000000c5580000)
 Metaspace       used 6163K, capacity 7088K, committed 7296K, reserved 1056768K
  class space    used 596K, capacity 616K, committed 640K, reserved 1048576K
Event: 4.281 GC heap after
Heap after GC invocations=2 (full 0):
 PSYoungGen      total 71680K, used 5090K [0x00000000eab00000, 0x00000000ef600000, 0x0000000100000000)
  eden space 66560K, 0% used [0x00000000eab00000,0x00000000eab00000,0x00000000eec00000)
  from space 5120K, 99% used [0x00000000ef100000,0x00000000ef5f89c8,0x00000000ef600000)
  to   space 5120K, 0% used [0x00000000eec00000,0x00000000eec00000,0x00000000ef100000)
 ParOldGen       total 87552K, used 4752K [0x00000000c0000000, 0x00000000c5580000, 0x00000000eab00000)
  object space 87552K, 5% used [0x00000000c0000000,0x00000000c04a4228,0x00000000c5580000)
 Metaspace       used 6163K, capacity 7088K, committed 7296K, reserved 1056768K
  class space    used 596K, capacity 616K, committed 640K, reserved 1048576K
}

Deoptimization events (10 events):
Event: 1.537 Thread 0x0000000016815000 Uncommon trap: reason=unstable_if action=reinterpret pc=0x0000000002cc549c method=com.android.dx.rop.code.RegisterSpecSet.put(Lcom/android/dx/rop/code/RegisterSpec;)V @ 77
Event: 1.537 Thread 0x0000000016815000 Uncommon trap: reason=unstable_if action=reinterpret pc=0x0000000002d00fc4 method=com.android.dx.rop.code.RegisterSpecSet.put(Lcom/android/dx/rop/code/RegisterSpec;)V @ 77
Event: 1.539 Thread 0x0000000016815000 Uncommon trap: reason=unstable_if action=reinterpret pc=0x0000000002d81844 method=com.android.dx.rop.cst.Constant.compareTo(Lcom/android/dx/rop/cst/Constant;)I @ 12
Event: 1.539 Thread 0x0000000016815000 Uncommon trap: reason=class_check action=maybe_recompile pc=0x0000000002ea3dec method=java.util.HashMap.putVal(ILjava/lang/Object;Ljava/lang/Object;ZZ)Ljava/lang/Object; @ 203
Event: 2.358 Thread 0x0000000017302800 Uncommon trap: reason=unstable_if action=reinterpret pc=0x0000000002dd9690 method=com.android.dx.ssa.SsaRenamer$BlockRenamer.addMapping(ILcom/android/dx/rop/code/RegisterSpec;)V @ 120
Event: 4.661 Thread 0x0000000017312000 Uncommon trap: reason=unstable_if action=reinterpret pc=0x0000000002fc8488 method=com.android.dx.ssa.SCCP.simulateBranch(Lcom/android/dx/ssa/SsaInsn;)V @ 64
Event: 4.666 Thread 0x0000000017312000 Uncommon trap: reason=bimorphic action=maybe_recompile pc=0x000000000301b794 method=com.android.dx.cf.code.BytecodeArray.parseInstruction(ILcom/android/dx/cf/code/BytecodeArray$Visitor;)I @ 2484
Event: 4.666 Thread 0x0000000017312000 Uncommon trap: reason=bimorphic action=maybe_recompile pc=0x000000000301b794 method=com.android.dx.cf.code.BytecodeArray.parseInstruction(ILcom/android/dx/cf/code/BytecodeArray$Visitor;)I @ 2484
Event: 4.666 Thread 0x0000000017312000 Uncommon trap: reason=bimorphic action=maybe_recompile pc=0x000000000301b794 method=com.android.dx.cf.code.BytecodeArray.parseInstruction(ILcom/android/dx/cf/code/BytecodeArray$Visitor;)I @ 2484
Event: 4.666 Thread 0x0000000017312000 Uncommon trap: reason=bimorphic action=maybe_recompile pc=0x000000000301b794 method=com.android.dx.cf.code.BytecodeArray.parseInstruction(ILcom/android/dx/cf/code/BytecodeArray$Visitor;)I @ 2484

Internal exceptions (4 events):
Event: 0.167 Thread 0x000000000260f000 Exception <a 'java/lang/NoSuchMethodError': Method sun.misc.Unsafe.defineClass(Ljava/lang/String;[BII)Ljava/lang/Class; name or signature does not match> (0x00000000eab12f30) thrown at [C:\re\workspace\8-2-build-windows-amd64-cygwin\jdk8u45\3457\hotspot\srµ°+<jÅ?
Event: 0.167 Thread 0x000000000260f000 Exception <a 'java/lang/NoSuchMethodError': Method sun.misc.Unsafe.prefetchRead(Ljava/lang/Object;J)V name or signature does not match> (0x00000000eab131c0) thrown at [C:\re\workspace\8-2-build-windows-amd64-cygwin\jdk8u45\3457\hotspot\src\share\vm\prims\j¥e}ï?
Event: 0.972 Thread 0x0000000016815000 Implicit null exception at 0x0000000002d5589c to 0x0000000002d56c25
Event: 0.999 Thread 0x0000000017312000 Implicit null exception at 0x0000000002d6b01f to 0x0000000002d6c6a5

Events (10 events):
Event: 4.666 Thread 0x0000000017312000 DEOPT UNPACKING pc=0x0000000002a5582a sp=0x000000001823e958 mode 2
Event: 4.666 Thread 0x0000000017312000 Uncommon trap: trap_request=0xffffffc6 fr.pc=0x000000000301b794
Event: 4.666 Thread 0x0000000017312000 DEOPT PACKING pc=0x000000000301b794 sp=0x000000001823e980
Event: 4.666 Thread 0x0000000017312000 DEOPT UNPACKING pc=0x0000000002a5582a sp=0x000000001823e958 mode 2
Event: 4.666 Thread 0x0000000017312000 Uncommon trap: trap_request=0xffffffc6 fr.pc=0x000000000301b794
Event: 4.666 Thread 0x0000000017312000 DEOPT PACKING pc=0x000000000301b794 sp=0x000000001823e980
Event: 4.666 Thread 0x0000000017312000 DEOPT UNPACKING pc=0x0000000002a5582a sp=0x000000001823e958 mode 2
Event: 4.666 Thread 0x0000000017312000 Uncommon trap: trap_request=0xffffffc6 fr.pc=0x000000000301b794
Event: 4.666 Thread 0x0000000017312000 DEOPT PACKING pc=0x000000000301b794 sp=0x000000001823e980
Event: 4.666 Thread 0x0000000017312000 DEOPT UNPACKING pc=0x0000000002a5582a sp=0x000000001823e958 mode 2


Dynamic libraries:
0x000000013fb00000 - 0x000000013fb37000 	C:\Program Files\Java\jdk1.8.0_45\bin\java.exe
0x0000000077730000 - 0x00000000778da000 	C:\Windows\SYSTEM32\ntdll.dll
0x0000000077610000 - 0x000000007772f000 	C:\Windows\system32\kernel32.dll
0x000007fefd7c0000 - 0x000007fefd82b000 	C:\Windows\system32\KERNELBASE.dll
0x000007fefe520000 - 0x000007fefe5fb000 	C:\Windows\system32\ADVAPI32.dll
0x000007feff780000 - 0x000007feff81f000 	C:\Windows\system32\msvcrt.dll
0x000007feff8f0000 - 0x000007feff90f000 	C:\Windows\SYSTEM32\sechost.dll
0x000007fefe3d0000 - 0x000007fefe4fd000 	C:\Windows\system32\RPCRT4.dll
0x0000000077510000 - 0x000000007760a000 	C:\Windows\system32\USER32.dll
0x000007fefe860000 - 0x000007fefe8c7000 	C:\Windows\system32\GDI32.dll
0x000007fefe500000 - 0x000007fefe50e000 	C:\Windows\system32\LPK.dll
0x000007feff820000 - 0x000007feff8ea000 	C:\Windows\system32\USP10.dll
0x000007fefc060000 - 0x000007fefc254000 	C:\Windows\WinSxS\amd64_microsoft.windows.common-controls_6595b64144ccf1df_6.0.7601.18837_none_fa3b1e3d17594757\COMCTL32.dll
0x000007fefe600000 - 0x000007fefe671000 	C:\Windows\system32\SHLWAPI.dll
0x000007fefd870000 - 0x000007fefd89e000 	C:\Windows\system32\IMM32.DLL
0x000007feff910000 - 0x000007feffa19000 	C:\Windows\system32\MSCTF.dll
0x0000000054bd0000 - 0x0000000054ca2000 	C:\Program Files\Java\jdk1.8.0_45\jre\bin\msvcr100.dll
0x00000000516f0000 - 0x0000000051f73000 	C:\Program Files\Java\jdk1.8.0_45\jre\bin\server\jvm.dll
0x000007fefa450000 - 0x000007fefa459000 	C:\Windows\system32\WSOCK32.dll
0x000007fefd8a0000 - 0x000007fefd8ed000 	C:\Windows\system32\WS2_32.dll
0x000007fefe510000 - 0x000007fefe518000 	C:\Windows\system32\NSI.dll
0x000007fefb160000 - 0x000007fefb19b000 	C:\Windows\system32\WINMM.dll
0x000007fefc630000 - 0x000007fefc63c000 	C:\Windows\system32\VERSION.dll
0x0000000077900000 - 0x0000000077907000 	C:\Windows\system32\PSAPI.DLL
0x000000006d090000 - 0x000000006d09f000 	C:\Program Files\Java\jdk1.8.0_45\jre\bin\verify.dll
0x000000005ba70000 - 0x000000005ba99000 	C:\Program Files\Java\jdk1.8.0_45\jre\bin\java.dll
0x0000000061970000 - 0x0000000061986000 	C:\Program Files\Java\jdk1.8.0_45\jre\bin\zip.dll
0x000007fefe8d0000 - 0x000007feff65a000 	C:\Windows\system32\SHELL32.dll
0x000007fefe1c0000 - 0x000007fefe3c3000 	C:\Windows\system32\ole32.dll
0x000007fefd4b0000 - 0x000007fefd4bf000 	C:\Windows\system32\profapi.dll

VM Arguments:
jvm_args: -Djava.awt.headless=true -Xmx1024M -Dfile.encoding=x-windows-949 -Duser.country=KR -Duser.language=ko -Duser.variant 
java_command: com.android.dx.command.Main --dex --num-threads=4 --output D:\Project\Android\Test\InterviewApp\app\build\intermediates\pre-dexed\debug\com.facebook.android-facebook-android-sdk-4.10.0_16f6aa270e88c994f25fe953a8dee7ed2662fee6.jar D:\Project\Android\Test\InterviewApp\app\build\intermediates\exploded-aar\com.facebook.android\facebook-android-sdk\4.10.0\jars\classes.jar
java_class_path (initial): C:\Users\SISCOS\AppData\Local\Android\sdk\build-tools\23.0.2\lib\dx.jar
Launcher Type: SUN_STANDARD

Environment Variables:
JAVA_HOME=C:\Program Files\Java\jdk1.8.0_45
PATH=C:\ProgramData\Oracle\Java\javapath;C:\Program Files (x86)\Wizvera\Delfino;C:\Program Files (x86)\Intel\iCLS Client\;C:\Program Files\Intel\iCLS Client\;C:\Windows\system32;C:\Windows;C:\Windows\System32\Wbem;C:\Windows\System32\WindowsPowerShell\v1.0\;C:\Program Files\Intel\Intel(R) Management Engine Components\DAL;C:\Program Files\Intel\Intel(R) Management Engine Components\IPT;C:\Program Files (x86)\Intel\Intel(R) Management Engine Components\DAL;C:\Program Files (x86)\Intel\Intel(R) Management Engine Components\IPT;C:\Program Files\Microsoft SQL Server\110\Tools\Binn\;C:\Program Files (x86)\Intel\OpenCL SDK\2.0\bin\x86;C:\Program Files (x86)\Intel\OpenCL SDK\2.0\bin\x64;C:\Python33;C:\Program Files\Java\jdk1.8.0_45\bin;C:\Program Files\Java\jre1.8.0_45\bin;C:\Program Files (x86)\Microsoft SQL Server\100\Tools\Binn\;C:\Program Files\Microsoft SQL Server\100\Tools\Binn\;C:\Program Files\Microsoft SQL Server\100\DTS\Binn\;C:\Program Files (x86)\Skype\Phone\;C:\Program Files (x86)\GnuWin32\bin
USERNAME=SISCOS
OS=Windows_NT
PROCESSOR_IDENTIFIER=Intel64 Family 6 Model 58 Stepping 9, GenuineIntel



---------------  S Y S T E M  ---------------

OS: Windows 7 , 64 bit Build 7601 (6.1.7601.19135)

CPU:total 4 (4 cores per cpu, 1 threads per core) family 6 model 58 stepping 9, cmov, cx8, fxsr, mmx, sse, sse2, sse3, ssse3, sse4.1, sse4.2, popcnt, avx, aes, clmul, erms, tsc, tscinvbit, tscinv

Memory: 4k page, physical 8273604k(1520304k free), swap 10346392k(9684k free)

vm_info: Java HotSpot(TM) 64-Bit Server VM (25.45-b02) for windows-amd64 JRE (1.8.0_45-b14), built on Apr 10 2015 10:34:15 by "java_re" with MS VC++ 10.0 (VS2010)

time: Wed Mar 09 02:22:20 2016
elapsed time: 4 seconds (0d 0h 0m 4s)

