#
# There is insufficient memory for the Java Runtime Environment to continue.
# Native memory allocation (malloc) failed to allocate 8192 bytes for AllocateHeap
# Possible reasons:
#   The system is out of physical RAM or swap space
#   In 32 bit mode, the process size limit was hit
# Possible solutions:
#   Reduce memory load on the system
#   Increase physical memory or swap space
#   Check if swap backing store is full
#   Use 64 bit Java on a 64 bit OS
#   Decrease Java heap size (-Xmx/-Xms)
#   Decrease number of Java threads
#   Decrease Java thread stack sizes (-Xss)
#   Set larger code cache with -XX:ReservedCodeCacheSize=
# This output file may be truncated or incomplete.
#
#  Out of Memory Error (memory/allocation.inline.hpp:61), pid=4268, tid=8652
#
# JRE version:  (8.0_45-b14) (build )
# Java VM: Java HotSpot(TM) 64-Bit Server VM (25.45-b02 mixed mode windows-amd64 compressed oops)
# Failed to write core dump. Minidumps are not enabled by default on client versions of Windows
#

---------------  T H R E A D  ---------------

Current thread (0x000000000242f000):  JavaThread "main" [_thread_in_vm, id=8652, stack(0x00000000027b0000,0x00000000028b0000)]

Stack: [0x00000000027b0000,0x00000000028b0000]
Native frames: (J=compiled Java code, j=interpreted, Vv=VM code, C=native code)
V  [jvm.dll+0x32b57a]

Java frames: (J=compiled Java code, j=interpreted, Vv=VM code)
j  java.lang.Throwable.<clinit>()V+31
v  ~StubRoutines::call_stub
j  java.lang.Thread.start0()V+0
j  java.lang.Thread.start()V+26
j  java.lang.ref.Finalizer.<clinit>()V+68
v  ~StubRoutines::call_stub

---------------  P R O C E S S  ---------------

Java Threads: ( => current thread )
  0x0000000014f2f000 JavaThread "Reference Handler" daemon [_thread_blocked, id=10224, stack(0x0000000016120000,0x0000000016220000)]
=>0x000000000242f000 JavaThread "main" [_thread_in_vm, id=8652, stack(0x00000000027b0000,0x00000000028b0000)]

Other Threads:
  0x0000000014f2b800 VMThread [stack: 0x0000000015ff0000,0x00000000160f0000] [id=8712]

VM state:not at safepoint (normal execution)

VM Mutex/Monitor currently owned by a thread:  ([mutex/lock_event])
[0x000000000242c570] SymbolTable_lock - owner thread: 0x000000000242f000

Heap:
 PSYoungGen      total 38400K, used 665K [0x00000000eab00000, 0x00000000ed580000, 0x0000000100000000)
  eden space 33280K, 2% used [0x00000000eab00000,0x00000000eaba6670,0x00000000ecb80000)
  from space 5120K, 0% used [0x00000000ed080000,0x00000000ed080000,0x00000000ed580000)
  to   space 5120K, 0% used [0x00000000ecb80000,0x00000000ecb80000,0x00000000ed080000)
 ParOldGen       total 87552K, used 0K [0x00000000c0000000, 0x00000000c5580000, 0x00000000eab00000)
  object space 87552K, 0% used [0x00000000c0000000,0x00000000c0000000,0x00000000c5580000)
 Metaspace       used 936K, capacity 4480K, committed 4480K, reserved 1056768K
  class space    used 98K, capacity 384K, committed 384K, reserved 1048576K

Card table byte_map: [0x0000000011c70000,0x0000000011e80000] byte_map_base: 0x0000000011670000

Marking Bits: (ParMarkBitMap*) 0x0000000051ef4040
 Begin Bits: [0x00000000123a0000, 0x00000000133a0000)
 End Bits:   [0x00000000133a0000, 0x00000000143a0000)

Polling page: 0x0000000001c60000

CodeCache: size=245760Kb used=397Kb max_used=397Kb free=245363Kb
 bounds [0x00000000028b0000, 0x0000000002b20000, 0x00000000118b0000]
 total_blobs=89 nmethods=0 adapters=63
 compilation: enabled

Compilation events (0 events):
No events

GC Heap History (0 events):
No events

Deoptimization events (0 events):
No events

Internal exceptions (0 events):
No events

Events (10 events):
Event: 0.034 loading class java/lang/ref/ReferenceQueue done
Event: 0.034 loading class java/lang/ref/ReferenceQueue$Null
Event: 0.034 loading class java/lang/ref/ReferenceQueue$Null done
Event: 0.034 loading class java/lang/ref/ReferenceQueue$Lock
Event: 0.034 loading class java/lang/ref/ReferenceQueue$Lock done
Event: 0.034 loading class java/lang/ref/Finalizer$FinalizerThread
Event: 0.034 loading class java/lang/ref/Finalizer$FinalizerThread done
Event: 0.034 loading class java/util/ArrayList
Event: 0.034 loading class java/util/ArrayList done
Event: 0.034 loading class java/util/Collections


Dynamic libraries:
0x000000013f350000 - 0x000000013f387000 	C:\Program Files\Java\jdk1.8.0_45\bin\java.exe
0x0000000077730000 - 0x00000000778da000 	C:\Windows\SYSTEM32\ntdll.dll
0x0000000077610000 - 0x000000007772f000 	C:\Windows\system32\kernel32.dll
0x000007fefd7c0000 - 0x000007fefd82b000 	C:\Windows\system32\KERNELBASE.dll
0x000007fefe520000 - 0x000007fefe5fb000 	C:\Windows\system32\ADVAPI32.dll
0x000007feff780000 - 0x000007feff81f000 	C:\Windows\system32\msvcrt.dll
0x000007feff8f0000 - 0x000007feff90f000 	C:\Windows\SYSTEM32\sechost.dll
0x000007fefe3d0000 - 0x000007fefe4fd000 	C:\Windows\system32\RPCRT4.dll
0x0000000077510000 - 0x000000007760a000 	C:\Windows\system32\USER32.dll
0x000007fefe860000 - 0x000007fefe8c7000 	C:\Windows\system32\GDI32.dll
0x000007fefe500000 - 0x000007fefe50e000 	C:\Windows\system32\LPK.dll
0x000007feff820000 - 0x000007feff8ea000 	C:\Windows\system32\USP10.dll
0x000007fefc060000 - 0x000007fefc254000 	C:\Windows\WinSxS\amd64_microsoft.windows.common-controls_6595b64144ccf1df_6.0.7601.18837_none_fa3b1e3d17594757\COMCTL32.dll
0x000007fefe600000 - 0x000007fefe671000 	C:\Windows\system32\SHLWAPI.dll
0x000007fefd870000 - 0x000007fefd89e000 	C:\Windows\system32\IMM32.DLL
0x000007feff910000 - 0x000007feffa19000 	C:\Windows\system32\MSCTF.dll
0x0000000055940000 - 0x0000000055a12000 	C:\Program Files\Java\jdk1.8.0_45\jre\bin\msvcr100.dll
0x00000000516f0000 - 0x0000000051f73000 	C:\Program Files\Java\jdk1.8.0_45\jre\bin\server\jvm.dll
0x000007fefa450000 - 0x000007fefa459000 	C:\Windows\system32\WSOCK32.dll
0x000007fefd8a0000 - 0x000007fefd8ed000 	C:\Windows\system32\WS2_32.dll
0x000007fefe510000 - 0x000007fefe518000 	C:\Windows\system32\NSI.dll
0x000007fefb160000 - 0x000007fefb19b000 	C:\Windows\system32\WINMM.dll
0x000007fefc630000 - 0x000007fefc63c000 	C:\Windows\system32\VERSION.dll
0x0000000077900000 - 0x0000000077907000 	C:\Windows\system32\PSAPI.DLL
0x000000006d090000 - 0x000000006d09f000 	C:\Program Files\Java\jdk1.8.0_45\jre\bin\verify.dll
0x000000005ba70000 - 0x000000005ba99000 	C:\Program Files\Java\jdk1.8.0_45\jre\bin\java.dll
0x0000000061970000 - 0x0000000061986000 	C:\Program Files\Java\jdk1.8.0_45\jre\bin\zip.dll
0x000007fef2dc0000 - 0x000007fef2ee5000 	C:\Windows\system32\dbghelp.dll

VM Arguments:
jvm_args: -Djava.awt.headless=true -Xmx1024M -Dfile.encoding=x-windows-949 -Duser.country=KR -Duser.language=ko -Duser.variant 
java_command: com.android.dx.command.Main --dex --num-threads=4 --output D:\Project\Android\Test\InterviewApp\app\build\intermediates\pre-dexed\debug\debug_1d551ee5f306aa44ac7f808d61a0b198d716ddac.jar D:\Project\Android\Test\InterviewApp\app\build\intermediates\classes\debug
java_class_path (initial): C:\Users\SISCOS\AppData\Local\Android\sdk\build-tools\23.0.2\lib\dx.jar
Launcher Type: SUN_STANDARD

Environment Variables:
JAVA_HOME=C:\Program Files\Java\jdk1.8.0_45
PATH=C:\ProgramData\Oracle\Java\javapath;C:\Program Files (x86)\Wizvera\Delfino;C:\Program Files (x86)\Intel\iCLS Client\;C:\Program Files\Intel\iCLS Client\;C:\Windows\system32;C:\Windows;C:\Windows\System32\Wbem;C:\Windows\System32\WindowsPowerShell\v1.0\;C:\Program Files\Intel\Intel(R) Management Engine Components\DAL;C:\Program Files\Intel\Intel(R) Management Engine Components\IPT;C:\Program Files (x86)\Intel\Intel(R) Management Engine Components\DAL;C:\Program Files (x86)\Intel\Intel(R) Management Engine Components\IPT;C:\Program Files\Microsoft SQL Server\110\Tools\Binn\;C:\Program Files (x86)\Intel\OpenCL SDK\2.0\bin\x86;C:\Program Files (x86)\Intel\OpenCL SDK\2.0\bin\x64;C:\Python33;C:\Program Files\Java\jdk1.8.0_45\bin;C:\Program Files\Java\jre1.8.0_45\bin;C:\Program Files (x86)\Microsoft SQL Server\100\Tools\Binn\;C:\Program Files\Microsoft SQL Server\100\Tools\Binn\;C:\Program Files\Microsoft SQL Server\100\DTS\Binn\;C:\Program Files (x86)\Skype\Phone\;C:\Program Files (x86)\GnuWin32\bin
USERNAME=SISCOS
OS=Windows_NT
PROCESSOR_IDENTIFIER=Intel64 Family 6 Model 58 Stepping 9, GenuineIntel



---------------  S Y S T E M  ---------------

OS: Windows 7 , 64 bit Build 7601 (6.1.7601.19135)

CPU:total 4 (4 cores per cpu, 1 threads per core) family 6 model 58 stepping 9, cmov, cx8, fxsr, mmx, sse, sse2, sse3, ssse3, sse4.1, sse4.2, popcnt, avx, aes, clmul, erms, tsc, tscinvbit, tscinv

Memory: 4k page, physical 8273604k(1492136k free), swap 10346392k(196052k free)

vm_info: Java HotSpot(TM) 64-Bit Server VM (25.45-b02) for windows-amd64 JRE (1.8.0_45-b14), built on Apr 10 2015 10:34:15 by "java_re" with MS VC++ 10.0 (VS2010)

time: Wed Mar 09 02:20:51 2016
elapsed time: 0 seconds (0d 0h 0m 0s)

