#
# There is insufficient memory for the Java Runtime Environment to continue.
# Native memory allocation (malloc) failed to allocate 72976 bytes for Chunk::new
# Possible reasons:
#   The system is out of physical RAM or swap space
#   In 32 bit mode, the process size limit was hit
# Possible solutions:
#   Reduce memory load on the system
#   Increase physical memory or swap space
#   Check if swap backing store is full
#   Use 64 bit Java on a 64 bit OS
#   Decrease Java heap size (-Xmx/-Xms)
#   Decrease number of Java threads
#   Decrease Java thread stack sizes (-Xss)
#   Set larger code cache with -XX:ReservedCodeCacheSize=
# This output file may be truncated or incomplete.
#
#  Out of Memory Error (allocation.cpp:390), pid=4784, tid=10120
#
# JRE version: Java(TM) SE Runtime Environment (8.0_45-b14) (build 1.8.0_45-b14)
# Java VM: Java HotSpot(TM) 64-Bit Server VM (25.45-b02 mixed mode windows-amd64 compressed oops)
# Failed to write core dump. Minidumps are not enabled by default on client versions of Windows
#

---------------  T H R E A D  ---------------

Current thread (0x000000001654a800):  JavaThread "C2 CompilerThread1" daemon [_thread_in_native, id=10120, stack(0x0000000016930000,0x0000000016a30000)]

Stack: [0x0000000016930000,0x0000000016a30000]
Native frames: (J=compiled Java code, j=interpreted, Vv=VM code, C=native code)
V  [jvm.dll+0x32b57a]


Current CompileTask:
C2:   1270 1006       4       com.android.dex.Leb128::writeUnsignedLeb128 (46 bytes)


---------------  P R O C E S S  ---------------

Java Threads: ( => current thread )
  0x00000000165cf800 JavaThread "Service Thread" daemon [_thread_blocked, id=3844, stack(0x0000000016fc0000,0x00000000170c0000)]
  0x000000001654f800 JavaThread "C1 CompilerThread2" daemon [_thread_blocked, id=3464, stack(0x0000000016e30000,0x0000000016f30000)]
=>0x000000001654a800 JavaThread "C2 CompilerThread1" daemon [_thread_in_native, id=10120, stack(0x0000000016930000,0x0000000016a30000)]
  0x000000001653b000 JavaThread "C2 CompilerThread0" daemon [_thread_in_native, id=6980, stack(0x0000000016bb0000,0x0000000016cb0000)]
  0x00000000150c0000 JavaThread "Attach Listener" daemon [_thread_blocked, id=6772, stack(0x0000000016a40000,0x0000000016b40000)]
  0x00000000150cf000 JavaThread "Signal Dispatcher" daemon [_thread_blocked, id=4424, stack(0x0000000016320000,0x0000000016420000)]
  0x0000000015066800 JavaThread "Finalizer" daemon [_thread_blocked, id=7668, stack(0x0000000016430000,0x0000000016530000)]
  0x000000001505f800 JavaThread "Reference Handler" daemon [_thread_blocked, id=9988, stack(0x00000000161e0000,0x00000000162e0000)]
  0x000000000257f000 JavaThread "main" [_thread_in_vm, id=9936, stack(0x00000000027a0000,0x00000000028a0000)]

Other Threads:
  0x000000001505c000 VMThread [stack: 0x0000000016090000,0x0000000016190000] [id=9628]
  0x00000000165d2000 WatcherThread [stack: 0x00000000170d0000,0x00000000171d0000] [id=6372]

VM state:not at safepoint (normal execution)

VM Mutex/Monitor currently owned by a thread: None

Heap:
 PSYoungGen      total 38400K, used 20007K [0x00000000eab00000, 0x00000000ed580000, 0x0000000100000000)
  eden space 33280K, 60% used [0x00000000eab00000,0x00000000ebe89d00,0x00000000ecb80000)
  from space 5120K, 0% used [0x00000000ed080000,0x00000000ed080000,0x00000000ed580000)
  to   space 5120K, 0% used [0x00000000ecb80000,0x00000000ecb80000,0x00000000ed080000)
 ParOldGen       total 87552K, used 0K [0x00000000c0000000, 0x00000000c5580000, 0x00000000eab00000)
  object space 87552K, 0% used [0x00000000c0000000,0x00000000c0000000,0x00000000c5580000)
 Metaspace       used 5936K, capacity 6896K, committed 7040K, reserved 1056768K
  class space    used 604K, capacity 616K, committed 640K, reserved 1048576K

Card table byte_map: [0x0000000011c60000,0x0000000011e70000] byte_map_base: 0x0000000011660000

Marking Bits: (ParMarkBitMap*) 0x00000000547c4040
 Begin Bits: [0x00000000124d0000, 0x00000000134d0000)
 End Bits:   [0x00000000134d0000, 0x00000000144d0000)

Polling page: 0x00000000005c0000

CodeCache: size=245760Kb used=3822Kb max_used=3822Kb free=241937Kb
 bounds [0x00000000028a0000, 0x0000000002c70000, 0x00000000118a0000]
 total_blobs=1298 nmethods=1026 adapters=185
 compilation: enabled

Compilation events (10 events):
Event: 1.256 Thread 0x000000001654f800 nmethod 1004 0x0000000002c47f50 code [0x0000000002c480e0, 0x0000000002c48438]
Event: 1.256 Thread 0x000000001654f800 1005       3       com.android.dx.dex.file.ClassDataItem::encodeList (92 bytes)
Event: 1.257 Thread 0x000000001654f800 nmethod 1005 0x0000000002c45a10 code [0x0000000002c45c80, 0x0000000002c46c18]
Event: 1.258 Thread 0x000000001654a800 1006       4       com.android.dex.Leb128::writeUnsignedLeb128 (46 bytes)
Event: 1.259 Thread 0x000000001654f800 1008       3       com.android.dx.dex.file.StringIdItem::itemType (4 bytes)
Event: 1.259 Thread 0x000000001654f800 nmethod 1008 0x0000000002c47c10 code [0x0000000002c47d60, 0x0000000002c47eb0]
Event: 1.259 Thread 0x000000001654f800 1009       1       com.android.dx.dex.file.StringIdItem::itemType (4 bytes)
Event: 1.259 Thread 0x000000001654f800 nmethod 1009 0x0000000002c45750 code [0x0000000002c458a0, 0x0000000002c459b0]
Event: 1.259 Thread 0x000000001654f800 1010       3       com.android.dx.dex.file.FieldIdItem::itemType (4 bytes)
Event: 1.259 Thread 0x000000001654f800 nmethod 1010 0x0000000002c45410 code [0x0000000002c45560, 0x0000000002c456b0]

GC Heap History (0 events):
No events

Deoptimization events (10 events):
Event: 0.332 Thread 0x0000000016796800 Uncommon trap: reason=class_check action=maybe_recompile pc=0x0000000002a88c80 method=com.android.dx.rop.cst.CstMemberRef.compareTo0(Lcom/android/dx/rop/cst/Constant;)I @ 1
Event: 0.332 Thread 0x0000000016796800 Uncommon trap: reason=class_check action=maybe_recompile pc=0x0000000002a88c80 method=com.android.dx.rop.cst.CstMemberRef.compareTo0(Lcom/android/dx/rop/cst/Constant;)I @ 1
Event: 0.332 Thread 0x0000000016796800 Uncommon trap: reason=class_check action=maybe_recompile pc=0x0000000002a88c80 method=com.android.dx.rop.cst.CstMemberRef.compareTo0(Lcom/android/dx/rop/cst/Constant;)I @ 1
Event: 0.332 Thread 0x00000000166cc800 Uncommon trap: reason=class_check action=maybe_recompile pc=0x0000000002a88c80 method=com.android.dx.rop.cst.CstMemberRef.compareTo0(Lcom/android/dx/rop/cst/Constant;)I @ 1
Event: 0.385 Thread 0x000000000257f000 Uncommon trap: reason=unstable_if action=reinterpret pc=0x0000000002a82644 method=com.android.dx.rop.cst.CstFieldRef.compareTo0(Lcom/android/dx/rop/cst/Constant;)I @ 7
Event: 1.208 Thread 0x000000000257f000 Uncommon trap: reason=bimorphic action=maybe_recompile pc=0x0000000002b70058 method=java.util.HashMap.getNode(ILjava/lang/Object;)Ljava/util/HashMap$Node; @ 126
Event: 1.208 Thread 0x000000000257f000 Uncommon trap: reason=bimorphic action=maybe_recompile pc=0x0000000002b70058 method=java.util.HashMap.getNode(ILjava/lang/Object;)Ljava/util/HashMap$Node; @ 126
Event: 1.208 Thread 0x000000000257f000 Uncommon trap: reason=bimorphic action=maybe_recompile pc=0x0000000002b70058 method=java.util.HashMap.getNode(ILjava/lang/Object;)Ljava/util/HashMap$Node; @ 126
Event: 1.208 Thread 0x000000000257f000 Uncommon trap: reason=bimorphic action=maybe_recompile pc=0x0000000002b70058 method=java.util.HashMap.getNode(ILjava/lang/Object;)Ljava/util/HashMap$Node; @ 126
Event: 1.208 Thread 0x000000000257f000 Uncommon trap: reason=bimorphic action=maybe_recompile pc=0x0000000002ae7f3c method=java.util.HashMap.getNode(ILjava/lang/Object;)Ljava/util/HashMap$Node; @ 126

Internal exceptions (2 events):
Event: 0.034 Thread 0x000000000257f000 Exception <a 'java/lang/NoSuchMethodError': Method sun.misc.Unsafe.defineClass(Ljava/lang/String;[BII)Ljava/lang/Class; name or signature does not match> (0x00000000eab12f30) thrown at [C:\re\workspace\8-2-build-windows-amd64-cygwin\jdk8u45\3457\hotspot\srç@˘67o°?
Event: 0.034 Thread 0x000000000257f000 Exception <a 'java/lang/NoSuchMethodError': Method sun.misc.Unsafe.prefetchRead(Ljava/lang/Object;J)V name or signature does not match> (0x00000000eab131c0) thrown at [C:\re\workspace\8-2-build-windows-amd64-cygwin\jdk8u45\3457\hotspot\src\share\vm\prims\j

Events (10 events):
Event: 1.245 loading class com/android/dx/dex/file/DebugInfoEncoder$1
Event: 1.245 loading class com/android/dx/dex/file/DebugInfoEncoder$1 done
Event: 1.246 loading class com/android/dx/dex/file/DebugInfoEncoder$2
Event: 1.246 loading class com/android/dx/dex/file/DebugInfoEncoder$2 done
Event: 1.249 loading class com/android/dex/EncodedValueCodec
Event: 1.249 loading class com/android/dex/EncodedValueCodec done
Event: 1.258 loading class com/android/dx/dex/file/MapItem
Event: 1.258 loading class com/android/dx/dex/file/MapItem done
Event: 1.258 loading class com/android/dx/dex/file/UniformListItem
Event: 1.258 loading class com/android/dx/dex/file/UniformListItem done


Dynamic libraries:
0x000000013fba0000 - 0x000000013fbd7000 	C:\Program Files\Java\jdk1.8.0_45\bin\java.exe
0x0000000076ef0000 - 0x000000007709a000 	C:\Windows\SYSTEM32\ntdll.dll
0x0000000076dd0000 - 0x0000000076eef000 	C:\Windows\system32\kernel32.dll
0x000007fefcfa0000 - 0x000007fefd00b000 	C:\Windows\system32\KERNELBASE.dll
0x000007fefd8e0000 - 0x000007fefd9bb000 	C:\Windows\system32\ADVAPI32.dll
0x000007fefedc0000 - 0x000007fefee5f000 	C:\Windows\system32\msvcrt.dll
0x000007feff0e0000 - 0x000007feff0ff000 	C:\Windows\SYSTEM32\sechost.dll
0x000007fefd620000 - 0x000007fefd74d000 	C:\Windows\system32\RPCRT4.dll
0x0000000076cd0000 - 0x0000000076dca000 	C:\Windows\system32\USER32.dll
0x000007fefee60000 - 0x000007fefeec7000 	C:\Windows\system32\GDI32.dll
0x000007fefd9c0000 - 0x000007fefd9ce000 	C:\Windows\system32\LPK.dll
0x000007fefd280000 - 0x000007fefd34a000 	C:\Windows\system32\USP10.dll
0x000007fefb270000 - 0x000007fefb464000 	C:\Windows\WinSxS\amd64_microsoft.windows.common-controls_6595b64144ccf1df_6.0.7601.18837_none_fa3b1e3d17594757\COMCTL32.dll
0x000007fefe970000 - 0x000007fefe9e1000 	C:\Windows\system32\SHLWAPI.dll
0x000007fefd9d0000 - 0x000007fefd9fe000 	C:\Windows\system32\IMM32.DLL
0x000007fefd170000 - 0x000007fefd279000 	C:\Windows\system32\MSCTF.dll
0x000000006ba10000 - 0x000000006bae2000 	C:\Program Files\Java\jdk1.8.0_45\jre\bin\msvcr100.dll
0x0000000053fc0000 - 0x0000000054843000 	C:\Program Files\Java\jdk1.8.0_45\jre\bin\server\jvm.dll
0x000007fef9580000 - 0x000007fef9589000 	C:\Windows\system32\WSOCK32.dll
0x000007feff110000 - 0x000007feff15d000 	C:\Windows\system32\WS2_32.dll
0x000007feff100000 - 0x000007feff108000 	C:\Windows\system32\NSI.dll
0x000007fefae90000 - 0x000007fefaecb000 	C:\Windows\system32\WINMM.dll
0x000007fefbdf0000 - 0x000007fefbdfc000 	C:\Windows\system32\VERSION.dll
0x00000000770c0000 - 0x00000000770c7000 	C:\Windows\system32\PSAPI.DLL
0x0000000074800000 - 0x000000007480f000 	C:\Program Files\Java\jdk1.8.0_45\jre\bin\verify.dll
0x00000000747d0000 - 0x00000000747f9000 	C:\Program Files\Java\jdk1.8.0_45\jre\bin\java.dll
0x0000000074790000 - 0x00000000747a6000 	C:\Program Files\Java\jdk1.8.0_45\jre\bin\zip.dll
0x000007fefdbe0000 - 0x000007fefe96a000 	C:\Windows\system32\SHELL32.dll
0x000007fefeed0000 - 0x000007feff0d3000 	C:\Windows\system32\ole32.dll
0x000007fefcc80000 - 0x000007fefcc8f000 	C:\Windows\system32\profapi.dll

VM Arguments:
jvm_args: -Djava.awt.headless=true -Xmx1024M -Dfile.encoding=x-windows-949 -Duser.country=KR -Duser.language=ko -Duser.variant 
java_command: com.android.dx.command.Main --dex --num-threads=4 --output D:\Project\Android\Test\InterviewApp\app\build\intermediates\pre-dexed\debug\debug_1d551ee5f306aa44ac7f808d61a0b198d716ddac.jar D:\Project\Android\Test\InterviewApp\app\build\intermediates\classes\debug
java_class_path (initial): C:\Users\SISCOS\AppData\Local\Android\sdk\build-tools\23.0.2\lib\dx.jar
Launcher Type: SUN_STANDARD

Environment Variables:



---------------  S Y S T E M  ---------------

OS: Windows 7 , 64 bit Build 7601 (6.1.7601.19135)

CPU:total 4 (4 cores per cpu, 1 threads per core) family 6 model 58 stepping 9, cmov, cx8, fxsr, mmx, sse, sse2, sse3, ssse3, sse4.1, sse4.2, popcnt, avx, aes, clmul, erms, tsc, tscinvbit, tscinv

Memory: 4k page, physical 8273604k(1974688k free), swap 10346392k(5076k free)

vm_info: Java HotSpot(TM) 64-Bit Server VM (25.45-b02) for windows-amd64 JRE (1.8.0_45-b14), built on Apr 10 2015 10:34:15 by "java_re" with MS VC++ 10.0 (VS2010)

time: Wed Mar 09 15:59:38 2016
elapsed time: 1 seconds (0d 0h 0m 1s)

