#
# There is insufficient memory for the Java Runtime Environment to continue.
# Native memory allocation (malloc) failed to allocate 1621616 bytes for Chunk::new
# Possible reasons:
#   The system is out of physical RAM or swap space
#   In 32 bit mode, the process size limit was hit
# Possible solutions:
#   Reduce memory load on the system
#   Increase physical memory or swap space
#   Check if swap backing store is full
#   Use 64 bit Java on a 64 bit OS
#   Decrease Java heap size (-Xmx/-Xms)
#   Decrease number of Java threads
#   Decrease Java thread stack sizes (-Xss)
#   Set larger code cache with -XX:ReservedCodeCacheSize=
# This output file may be truncated or incomplete.
#
#  Out of Memory Error (allocation.cpp:390), pid=9192, tid=9756
#
# JRE version: Java(TM) SE Runtime Environment (8.0_45-b14) (build 1.8.0_45-b14)
# Java VM: Java HotSpot(TM) 64-Bit Server VM (25.45-b02 mixed mode windows-amd64 compressed oops)
# Failed to write core dump. Minidumps are not enabled by default on client versions of Windows
#

---------------  T H R E A D  ---------------

Current thread (0x000000001688e000):  JavaThread "C2 CompilerThread1" daemon [_thread_in_native, id=9756, stack(0x0000000017060000,0x0000000017160000)]

Stack: [0x0000000017060000,0x0000000017160000],  sp=0x0000000018fd7f20,  free space=32223k
Native frames: (J=compiled Java code, j=interpreted, Vv=VM code, C=native code)
V  [jvm.dll+0x32b57a]
V  [jvm.dll+0x279873]
V  [jvm.dll+0x27a509]
V  [jvm.dll+0x271825]
V  [jvm.dll+0xcb9e2]
V  [jvm.dll+0xcbeac]
V  [jvm.dll+0x476ef2]
V  [jvm.dll+0x4b955f]
V  [jvm.dll+0x46baa8]
V  [jvm.dll+0x46ccbe]
V  [jvm.dll+0x4500f2]
V  [jvm.dll+0xa4352]
V  [jvm.dll+0xa4c8f]
V  [jvm.dll+0x241984]
V  [jvm.dll+0x29853a]
C  [msvcr100.dll+0x21d9f]
C  [msvcr100.dll+0x21e3b]
C  [kernel32.dll+0x159ed]
C  [ntdll.dll+0x2b371]


Current CompileTask:
C2:   4627 1867   !   4       com.android.dx.cf.code.BytecodeArray::parseInstruction (2764 bytes)


---------------  P R O C E S S  ---------------

Java Threads: ( => current thread )
  0x000000001736f800 JavaThread "pool-1-thread-4" [_thread_blocked, id=7060, stack(0x0000000018080000,0x0000000018180000)]
  0x000000001736a000 JavaThread "pool-1-thread-3" [_thread_blocked, id=8988, stack(0x00000000181e0000,0x00000000182e0000)]
  0x0000000017369000 JavaThread "pool-1-thread-2" [_thread_blocked, id=8284, stack(0x0000000017f40000,0x0000000018040000)]
  0x0000000017345000 JavaThread "pool-2-thread-1" [_thread_blocked, id=4232, stack(0x0000000017b70000,0x0000000017c70000)]
  0x0000000017344800 JavaThread "pool-1-thread-1" [_thread_blocked, id=10148, stack(0x0000000017d20000,0x0000000017e20000)]
  0x000000001689a000 JavaThread "Service Thread" daemon [_thread_blocked, id=6728, stack(0x00000000165f0000,0x00000000166f0000)]
  0x000000001688e800 JavaThread "C1 CompilerThread2" daemon [_thread_blocked, id=3480, stack(0x0000000016f60000,0x0000000017060000)]
=>0x000000001688e000 JavaThread "C2 CompilerThread1" daemon [_thread_in_native, id=9756, stack(0x0000000017060000,0x0000000017160000)]
  0x000000001682b800 JavaThread "C2 CompilerThread0" daemon [_thread_in_native, id=1836, stack(0x00000000163a0000,0x00000000164a0000)]
  0x000000001682a800 JavaThread "Attach Listener" daemon [_thread_blocked, id=7056, stack(0x0000000016e30000,0x0000000016f30000)]
  0x00000000152a7800 JavaThread "Signal Dispatcher" daemon [_thread_blocked, id=8304, stack(0x0000000016c90000,0x0000000016d90000)]
  0x0000000015251800 JavaThread "Finalizer" daemon [_thread_blocked, id=4424, stack(0x0000000016720000,0x0000000016820000)]
  0x0000000015250800 JavaThread "Reference Handler" daemon [_thread_blocked, id=3160, stack(0x00000000164a0000,0x00000000165a0000)]
  0x000000000261f000 JavaThread "main" [_thread_blocked, id=3452, stack(0x0000000002780000,0x0000000002880000)]

Other Threads:
  0x000000001524a800 VMThread [stack: 0x0000000016280000,0x0000000016380000] [id=8016]
  0x0000000016894000 WatcherThread [stack: 0x0000000017240000,0x0000000017340000] [id=7776]

VM state:not at safepoint (normal execution)

VM Mutex/Monitor currently owned by a thread: None

Heap:
 PSYoungGen      total 71680K, used 62482K [0x00000000eab00000, 0x00000000ef600000, 0x0000000100000000)
  eden space 66560K, 86% used [0x00000000eab00000,0x00000000ee30c0f8,0x00000000eec00000)
  from space 5120K, 99% used [0x00000000ef100000,0x00000000ef5f8920,0x00000000ef600000)
  to   space 5120K, 0% used [0x00000000eec00000,0x00000000eec00000,0x00000000ef100000)
 ParOldGen       total 87552K, used 5543K [0x00000000c0000000, 0x00000000c5580000, 0x00000000eab00000)
  object space 87552K, 6% used [0x00000000c0000000,0x00000000c0569d50,0x00000000c5580000)
 Metaspace       used 6273K, capacity 7152K, committed 7296K, reserved 1056768K
  class space    used 598K, capacity 616K, committed 640K, reserved 1048576K

Card table byte_map: [0x0000000011c40000,0x0000000011e50000] byte_map_base: 0x0000000011640000

Marking Bits: (ParMarkBitMap*) 0x00000000547c4040
 Begin Bits: [0x00000000126c0000, 0x00000000136c0000)
 End Bits:   [0x00000000136c0000, 0x00000000146c0000)

Polling page: 0x0000000000450000

CodeCache: size=245760Kb used=8505Kb max_used=8544Kb free=237254Kb
 bounds [0x0000000002880000, 0x00000000030f0000, 0x0000000011880000]
 total_blobs=2126 nmethods=1854 adapters=184
 compilation: enabled

Compilation events (10 events):
Event: 4.496 Thread 0x000000001688e800 1864       3       java.util.concurrent.ThreadPoolExecutor::afterExecute (1 bytes)
Event: 4.496 Thread 0x000000001688e800 nmethod 1864 0x00000000030b5d50 code [0x00000000030b5ea0, 0x00000000030b5ff0]
Event: 4.496 Thread 0x000000001688e800 1865   !   3       java.util.concurrent.ThreadPoolExecutor::getTask (179 bytes)
Event: 4.497 Thread 0x000000001688e800 nmethod 1865 0x00000000030b6050 code [0x00000000030b62a0, 0x00000000030b7398]
Event: 4.497 Thread 0x000000001688e800 1866       3       java.util.concurrent.locks.ReentrantLock::lockInterruptibly (9 bytes)
Event: 4.497 Thread 0x000000001688e800 nmethod 1866 0x00000000030b7a10 code [0x00000000030b7bc0, 0x00000000030b80d8]
Event: 4.531 Thread 0x000000001688e800 1868       3       com.android.dx.util.ByteArray::getShort (25 bytes)
Event: 4.531 Thread 0x000000001688e800 nmethod 1868 0x00000000030b8310 code [0x00000000030b8480, 0x00000000030b8748]
Event: 4.553 Thread 0x000000001688e000 nmethod 1847 0x00000000030be5d0 code [0x00000000030be8a0, 0x00000000030c1830]
Event: 4.554 Thread 0x000000001688e000 1867   !   4       com.android.dx.cf.code.BytecodeArray::parseInstruction (2764 bytes)

GC Heap History (4 events):
Event: 1.782 GC heap before
{Heap before GC invocations=1 (full 0):
 PSYoungGen      total 38400K, used 33280K [0x00000000eab00000, 0x00000000ed580000, 0x0000000100000000)
  eden space 33280K, 100% used [0x00000000eab00000,0x00000000ecb80000,0x00000000ecb80000)
  from space 5120K, 0% used [0x00000000ed080000,0x00000000ed080000,0x00000000ed580000)
  to   space 5120K, 0% used [0x00000000ecb80000,0x00000000ecb80000,0x00000000ed080000)
 ParOldGen       total 87552K, used 0K [0x00000000c0000000, 0x00000000c5580000, 0x00000000eab00000)
  object space 87552K, 0% used [0x00000000c0000000,0x00000000c0000000,0x00000000c5580000)
 Metaspace       used 6023K, capacity 6960K, committed 7040K, reserved 1056768K
  class space    used 596K, capacity 616K, committed 640K, reserved 1048576K
Event: 1.901 GC heap after
Heap after GC invocations=1 (full 0):
 PSYoungGen      total 38400K, used 5092K [0x00000000eab00000, 0x00000000ef600000, 0x0000000100000000)
  eden space 33280K, 0% used [0x00000000eab00000,0x00000000eab00000,0x00000000ecb80000)
  from space 5120K, 99% used [0x00000000ecb80000,0x00000000ed0790c8,0x00000000ed080000)
  to   space 5120K, 0% used [0x00000000ef100000,0x00000000ef100000,0x00000000ef600000)
 ParOldGen       total 87552K, used 1150K [0x00000000c0000000, 0x00000000c5580000, 0x00000000eab00000)
  object space 87552K, 1% used [0x00000000c0000000,0x00000000c011fac0,0x00000000c5580000)
 Metaspace       used 6023K, capacity 6960K, committed 7040K, reserved 1056768K
  class space    used 596K, capacity 616K, committed 640K, reserved 1048576K
}
Event: 2.843 GC heap before
{Heap before GC invocations=2 (full 0):
 PSYoungGen      total 38400K, used 38372K [0x00000000eab00000, 0x00000000ef600000, 0x0000000100000000)
  eden space 33280K, 100% used [0x00000000eab00000,0x00000000ecb80000,0x00000000ecb80000)
  from space 5120K, 99% used [0x00000000ecb80000,0x00000000ed0790c8,0x00000000ed080000)
  to   space 5120K, 0% used [0x00000000ef100000,0x00000000ef100000,0x00000000ef600000)
 ParOldGen       total 87552K, used 1150K [0x00000000c0000000, 0x00000000c5580000, 0x00000000eab00000)
  object space 87552K, 1% used [0x00000000c0000000,0x00000000c011fac0,0x00000000c5580000)
 Metaspace       used 6196K, capacity 7088K, committed 7296K, reserved 1056768K
  class space    used 597K, capacity 616K, committed 640K, reserved 1048576K
Event: 2.873 GC heap after
Heap after GC invocations=2 (full 0):
 PSYoungGen      total 71680K, used 5090K [0x00000000eab00000, 0x00000000ef600000, 0x0000000100000000)
  eden space 66560K, 0% used [0x00000000eab00000,0x00000000eab00000,0x00000000eec00000)
  from space 5120K, 99% used [0x00000000ef100000,0x00000000ef5f8920,0x00000000ef600000)
  to   space 5120K, 0% used [0x00000000eec00000,0x00000000eec00000,0x00000000ef100000)
 ParOldGen       total 87552K, used 5543K [0x00000000c0000000, 0x00000000c5580000, 0x00000000eab00000)
  object space 87552K, 6% used [0x00000000c0000000,0x00000000c0569d50,0x00000000c5580000)
 Metaspace       used 6196K, capacity 7088K, committed 7296K, reserved 1056768K
  class space    used 597K, capacity 616K, committed 640K, reserved 1048576K
}

Deoptimization events (10 events):
Event: 3.961 Thread 0x000000001736f800 Uncommon trap: reason=unstable_if action=reinterpret pc=0x0000000002d3ddac method=com.android.dx.util.IntList.binarysearch(I)I @ 105
Event: 3.961 Thread 0x000000001736f800 Uncommon trap: reason=unstable_if action=reinterpret pc=0x0000000002f42de8 method=com.android.dx.ssa.SsaBasicBlock.newFromRop(Lcom/android/dx/rop/code/RopMethod;ILcom/android/dx/ssa/SsaMethod;)Lcom/android/dx/ssa/SsaBasicBlock; @ 164
Event: 3.962 Thread 0x000000001736f800 Uncommon trap: reason=unstable_if action=reinterpret pc=0x0000000002ec3e44 method=com.android.dx.ssa.SsaMethod.blockIndexToRopLabel(I)I @ 1
Event: 4.225 Thread 0x000000001736f800 Uncommon trap: reason=unstable_if action=reinterpret pc=0x0000000003070b14 method=com.android.dx.dex.code.RopTranslator.pickOrder()V @ 130
Event: 4.264 Thread 0x0000000017369000 Uncommon trap: reason=unloaded action=reinterpret pc=0x0000000002e19a1c method=com.android.dx.ssa.LiteralOpUpgrader$1.visitNonMoveInsn(Lcom/android/dx/ssa/NormalSsaInsn;)V @ 72
Event: 4.265 Thread 0x0000000017369000 Uncommon trap: reason=unstable_if action=reinterpret pc=0x0000000002cd9bcc method=com.android.dx.ssa.SsaMethod.updateOneDefinition(Lcom/android/dx/ssa/SsaInsn;Lcom/android/dx/rop/code/RegisterSpec;)V @ 4
Event: 4.495 Thread 0x0000000017344800 Uncommon trap: reason=bimorphic action=maybe_recompile pc=0x000000000305c530 method=com.android.dx.cf.code.BytecodeArray.parseInstruction(ILcom/android/dx/cf/code/BytecodeArray$Visitor;)I @ 1130
Event: 4.495 Thread 0x0000000017344800 Uncommon trap: reason=bimorphic action=maybe_recompile pc=0x000000000305c120 method=com.android.dx.cf.code.BytecodeArray.parseInstruction(ILcom/android/dx/cf/code/BytecodeArray$Visitor;)I @ 971
Event: 4.495 Thread 0x0000000017344800 Uncommon trap: reason=bimorphic action=maybe_recompile pc=0x000000000305c094 method=com.android.dx.cf.code.BytecodeArray.parseInstruction(ILcom/android/dx/cf/code/BytecodeArray$Visitor;)I @ 955
Event: 4.495 Thread 0x0000000017344800 Uncommon trap: reason=bimorphic action=maybe_recompile pc=0x000000000305c094 method=com.android.dx.cf.code.BytecodeArray.parseInstruction(ILcom/android/dx/cf/code/BytecodeArray$Visitor;)I @ 955

Internal exceptions (2 events):
Event: 0.078 Thread 0x000000000261f000 Exception <a 'java/lang/NoSuchMethodError': Method sun.misc.Unsafe.defineClass(Ljava/lang/String;[BII)Ljava/lang/Class; name or signature does not match> (0x00000000eab12f30) thrown at [C:\re\workspace\8-2-build-windows-amd64-cygwin\jdk8u45\3457\hotspot\srØêÆ^ð³?
Event: 0.078 Thread 0x000000000261f000 Exception <a 'java/lang/NoSuchMethodError': Method sun.misc.Unsafe.prefetchRead(Ljava/lang/Object;J)V name or signature does not match> (0x00000000eab131c0) thrown at [C:\re\workspace\8-2-build-windows-amd64-cygwin\jdk8u45\3457\hotspot\src\share\vm\prims\j

Events (10 events):
Event: 4.495 Thread 0x0000000017344800 DEOPT UNPACKING pc=0x00000000028c582a sp=0x0000000017e1e5a8 mode 2
Event: 4.495 Thread 0x0000000017344800 Uncommon trap: trap_request=0xffffffc6 fr.pc=0x000000000305c120
Event: 4.495 Thread 0x0000000017344800 DEOPT PACKING pc=0x000000000305c120 sp=0x0000000017e1e5d0
Event: 4.495 Thread 0x0000000017344800 DEOPT UNPACKING pc=0x00000000028c582a sp=0x0000000017e1e5a8 mode 2
Event: 4.495 Thread 0x0000000017344800 Uncommon trap: trap_request=0xffffffc6 fr.pc=0x000000000305c094
Event: 4.495 Thread 0x0000000017344800 DEOPT PACKING pc=0x000000000305c094 sp=0x0000000017e1e5d0
Event: 4.495 Thread 0x0000000017344800 DEOPT UNPACKING pc=0x00000000028c582a sp=0x0000000017e1e5a8 mode 2
Event: 4.495 Thread 0x0000000017344800 Uncommon trap: trap_request=0xffffffc6 fr.pc=0x000000000305c094
Event: 4.495 Thread 0x0000000017344800 DEOPT PACKING pc=0x000000000305c094 sp=0x0000000017e1e5d0
Event: 4.495 Thread 0x0000000017344800 DEOPT UNPACKING pc=0x00000000028c582a sp=0x0000000017e1e5a8 mode 2


Dynamic libraries:
0x000000013fba0000 - 0x000000013fbd7000 	C:\Program Files\Java\jdk1.8.0_45\bin\java.exe
0x0000000076ef0000 - 0x000000007709a000 	C:\Windows\SYSTEM32\ntdll.dll
0x0000000076dd0000 - 0x0000000076eef000 	C:\Windows\system32\kernel32.dll
0x000007fefcfa0000 - 0x000007fefd00b000 	C:\Windows\system32\KERNELBASE.dll
0x000007fefd8e0000 - 0x000007fefd9bb000 	C:\Windows\system32\ADVAPI32.dll
0x000007fefedc0000 - 0x000007fefee5f000 	C:\Windows\system32\msvcrt.dll
0x000007feff0e0000 - 0x000007feff0ff000 	C:\Windows\SYSTEM32\sechost.dll
0x000007fefd620000 - 0x000007fefd74d000 	C:\Windows\system32\RPCRT4.dll
0x0000000076cd0000 - 0x0000000076dca000 	C:\Windows\system32\USER32.dll
0x000007fefee60000 - 0x000007fefeec7000 	C:\Windows\system32\GDI32.dll
0x000007fefd9c0000 - 0x000007fefd9ce000 	C:\Windows\system32\LPK.dll
0x000007fefd280000 - 0x000007fefd34a000 	C:\Windows\system32\USP10.dll
0x000007fefb270000 - 0x000007fefb464000 	C:\Windows\WinSxS\amd64_microsoft.windows.common-controls_6595b64144ccf1df_6.0.7601.18837_none_fa3b1e3d17594757\COMCTL32.dll
0x000007fefe970000 - 0x000007fefe9e1000 	C:\Windows\system32\SHLWAPI.dll
0x000007fefd9d0000 - 0x000007fefd9fe000 	C:\Windows\system32\IMM32.DLL
0x000007fefd170000 - 0x000007fefd279000 	C:\Windows\system32\MSCTF.dll
0x000000006ba10000 - 0x000000006bae2000 	C:\Program Files\Java\jdk1.8.0_45\jre\bin\msvcr100.dll
0x0000000053fc0000 - 0x0000000054843000 	C:\Program Files\Java\jdk1.8.0_45\jre\bin\server\jvm.dll
0x000007fef9580000 - 0x000007fef9589000 	C:\Windows\system32\WSOCK32.dll
0x000007feff110000 - 0x000007feff15d000 	C:\Windows\system32\WS2_32.dll
0x000007feff100000 - 0x000007feff108000 	C:\Windows\system32\NSI.dll
0x000007fefae90000 - 0x000007fefaecb000 	C:\Windows\system32\WINMM.dll
0x000007fefbdf0000 - 0x000007fefbdfc000 	C:\Windows\system32\VERSION.dll
0x00000000770c0000 - 0x00000000770c7000 	C:\Windows\system32\PSAPI.DLL
0x0000000074800000 - 0x000000007480f000 	C:\Program Files\Java\jdk1.8.0_45\jre\bin\verify.dll
0x00000000747d0000 - 0x00000000747f9000 	C:\Program Files\Java\jdk1.8.0_45\jre\bin\java.dll
0x0000000074790000 - 0x00000000747a6000 	C:\Program Files\Java\jdk1.8.0_45\jre\bin\zip.dll
0x000007fefdbe0000 - 0x000007fefe96a000 	C:\Windows\system32\SHELL32.dll
0x000007fefeed0000 - 0x000007feff0d3000 	C:\Windows\system32\ole32.dll
0x000007fefcc80000 - 0x000007fefcc8f000 	C:\Windows\system32\profapi.dll
0x000007fef7060000 - 0x000007fef7185000 	C:\Windows\system32\dbghelp.dll

VM Arguments:
jvm_args: -Djava.awt.headless=true -Xmx1024M -Dfile.encoding=x-windows-949 -Duser.country=KR -Duser.language=ko -Duser.variant 
java_command: com.android.dx.command.Main --dex --num-threads=4 --output D:\Project\Android\Test\InterviewApp\app\build\intermediates\pre-dexed\debug\com.android.support-appcompat-v7-23.2.0_e028bda6c812c8a45f0eb54e3e903290031e672b.jar D:\Project\Android\Test\InterviewApp\app\build\intermediates\exploded-aar\com.android.support\appcompat-v7\23.2.0\jars\classes.jar
java_class_path (initial): C:\Users\SISCOS\AppData\Local\Android\sdk\build-tools\23.0.2\lib\dx.jar
Launcher Type: SUN_STANDARD

Environment Variables:
JAVA_HOME=C:\Program Files\Java\jdk1.8.0_45
PATH=C:\ProgramData\Oracle\Java\javapath;C:\Program Files (x86)\Wizvera\Delfino;C:\Program Files (x86)\Intel\iCLS Client\;C:\Program Files\Intel\iCLS Client\;C:\Windows\system32;C:\Windows;C:\Windows\System32\Wbem;C:\Windows\System32\WindowsPowerShell\v1.0\;C:\Program Files\Intel\Intel(R) Management Engine Components\DAL;C:\Program Files\Intel\Intel(R) Management Engine Components\IPT;C:\Program Files (x86)\Intel\Intel(R) Management Engine Components\DAL;C:\Program Files (x86)\Intel\Intel(R) Management Engine Components\IPT;C:\Program Files\Microsoft SQL Server\110\Tools\Binn\;C:\Program Files (x86)\Intel\OpenCL SDK\2.0\bin\x86;C:\Program Files (x86)\Intel\OpenCL SDK\2.0\bin\x64;C:\Python33;C:\Program Files\Java\jdk1.8.0_45\bin;C:\Program Files\Java\jre1.8.0_45\bin;C:\Program Files (x86)\Microsoft SQL Server\100\Tools\Binn\;C:\Program Files\Microsoft SQL Server\100\Tools\Binn\;C:\Program Files\Microsoft SQL Server\100\DTS\Binn\;C:\Program Files (x86)\Skype\Phone\;C:\Program Files (x86)\GnuWin32\bin;C:\Users\SISCOS\AppData\Local\Android\sdk\platform-tools;C:\Program Files (x86)\ESTsoft\ALSee\x64
USERNAME=SISCOS
OS=Windows_NT
PROCESSOR_IDENTIFIER=Intel64 Family 6 Model 58 Stepping 9, GenuineIntel



---------------  S Y S T E M  ---------------

OS: Windows 7 , 64 bit Build 7601 (6.1.7601.19135)

CPU:total 4 (4 cores per cpu, 1 threads per core) family 6 model 58 stepping 9, cmov, cx8, fxsr, mmx, sse, sse2, sse3, ssse3, sse4.1, sse4.2, popcnt, avx, aes, clmul, erms, tsc, tscinvbit, tscinv

Memory: 4k page, physical 8273604k(1841792k free), swap 10346392k(6248k free)

vm_info: Java HotSpot(TM) 64-Bit Server VM (25.45-b02) for windows-amd64 JRE (1.8.0_45-b14), built on Apr 10 2015 10:34:15 by "java_re" with MS VC++ 10.0 (VS2010)

time: Wed Mar 09 16:04:27 2016
elapsed time: 4 seconds (0d 0h 0m 4s)

