#
# There is insufficient memory for the Java Runtime Environment to continue.
# Native memory allocation (malloc) failed to allocate 131088 bytes for Chunk::new
# Possible reasons:
#   The system is out of physical RAM or swap space
#   In 32 bit mode, the process size limit was hit
# Possible solutions:
#   Reduce memory load on the system
#   Increase physical memory or swap space
#   Check if swap backing store is full
#   Use 64 bit Java on a 64 bit OS
#   Decrease Java heap size (-Xmx/-Xms)
#   Decrease number of Java threads
#   Decrease Java thread stack sizes (-Xss)
#   Set larger code cache with -XX:ReservedCodeCacheSize=
# This output file may be truncated or incomplete.
#
#  Out of Memory Error (allocation.cpp:390), pid=6536, tid=9568
#
# JRE version: Java(TM) SE Runtime Environment (8.0_45-b14) (build 1.8.0_45-b14)
# Java VM: Java HotSpot(TM) 64-Bit Server VM (25.45-b02 mixed mode windows-amd64 compressed oops)
# Failed to write core dump. Minidumps are not enabled by default on client versions of Windows
#

---------------  T H R E A D  ---------------

Current thread (0x0000000016518000):  JavaThread "C2 CompilerThread0" daemon [_thread_in_native, id=9568, stack(0x0000000016920000,0x0000000016a20000)]

Stack: [0x0000000016920000,0x0000000016a20000]
Native frames: (J=compiled Java code, j=interpreted, Vv=VM code, C=native code)
V  [jvm.dll+0x32b57a]


Current CompileTask:
C2:   2948 1920       4       com.android.dx.ssa.SCCP::simulateBranch (666 bytes)


---------------  P R O C E S S  ---------------

Java Threads: ( => current thread )
  0x000000001504f000 JavaThread "Service Thread" daemon [_thread_blocked, id=2904, stack(0x0000000016f10000,0x0000000017010000)]
  0x000000001504d000 JavaThread "C1 CompilerThread2" daemon [_thread_blocked, id=7240, stack(0x0000000016df0000,0x0000000016ef0000)]
  0x000000001504c000 JavaThread "C2 CompilerThread1" daemon [_thread_blocked, id=8008, stack(0x0000000016c10000,0x0000000016d10000)]
=>0x0000000016518000 JavaThread "C2 CompilerThread0" daemon [_thread_in_native, id=9568, stack(0x0000000016920000,0x0000000016a20000)]
  0x000000001650c800 JavaThread "Attach Listener" daemon [_thread_blocked, id=8296, stack(0x0000000016ab0000,0x0000000016bb0000)]
  0x000000001504a000 JavaThread "Signal Dispatcher" daemon [_thread_blocked, id=3668, stack(0x0000000016060000,0x0000000016160000)]
  0x0000000014fe1800 JavaThread "Finalizer" daemon [_thread_blocked, id=5304, stack(0x00000000162a0000,0x00000000163a0000)]
  0x0000000014fe0000 JavaThread "Reference Handler" daemon [_thread_blocked, id=8156, stack(0x0000000016400000,0x0000000016500000)]
  0x000000000257f000 JavaThread "main" [_thread_blocked, id=4232, stack(0x0000000002700000,0x0000000002800000)]

Other Threads:
  0x0000000014fda800 VMThread [stack: 0x0000000016180000,0x0000000016280000] [id=10148]
  0x00000000165a9800 WatcherThread [stack: 0x0000000017100000,0x0000000017200000] [id=9268]

VM state:at safepoint (normal execution)

VM Mutex/Monitor currently owned by a thread:  ([mutex/lock_event])
[0x000000000257cad0] Threads_lock - owner thread: 0x0000000014fda800
[0x000000000257cfd0] Heap_lock - owner thread: 0x000000000257f000

Heap:
 PSYoungGen      total 138240K, used 138223K [0x00000000eab00000, 0x00000000f3700000, 0x0000000100000000)
  eden space 133120K, 100% used [0x00000000eab00000,0x00000000f2d00000,0x00000000f2d00000)
  from space 5120K, 99% used [0x00000000f3200000,0x00000000f36fbfe8,0x00000000f3700000)
  to   space 5120K, 99% used [0x00000000f2d00000,0x00000000f31fc260,0x00000000f3200000)
 ParOldGen       total 87552K, used 41989K [0x00000000c0000000, 0x00000000c5580000, 0x00000000eab00000)
  object space 87552K, 47% used [0x00000000c0000000,0x00000000c2903688,0x00000000c5580000)
 Metaspace       used 6515K, capacity 7256K, committed 7424K, reserved 1056768K
  class space    used 623K, capacity 656K, committed 768K, reserved 1048576K

Card table byte_map: [0x0000000011bc0000,0x0000000011dd0000] byte_map_base: 0x00000000115c0000

Marking Bits: (ParMarkBitMap*) 0x00000000547c4040
 Begin Bits: [0x0000000012450000, 0x0000000013450000)
 End Bits:   [0x0000000013450000, 0x0000000014450000)

Polling page: 0x0000000000330000

CodeCache: size=245760Kb used=8101Kb max_used=8116Kb free=237658Kb
 bounds [0x0000000002800000, 0x0000000003000000, 0x0000000011800000]
 total_blobs=2190 nmethods=1918 adapters=184
 compilation: enabled

Compilation events (10 events):
Event: 2.891 Thread 0x000000001504d000 1997 %     3       com.android.dx.dex.code.StdCatchBuilder::hasAnyCatches @ 15 (57 bytes)
Event: 2.892 Thread 0x000000001504d000 nmethod 1997% 0x0000000002fccdd0 code [0x0000000002fccfc0, 0x0000000002fcdcf8]
Event: 2.892 Thread 0x000000001504d000 1998       3       com.android.dx.dex.code.StdCatchBuilder::hasAnyCatches (57 bytes)
Event: 2.892 Thread 0x000000001504d000 nmethod 1998 0x0000000002fcb990 code [0x0000000002fcbb80, 0x0000000002fcc878]
Event: 2.900 Thread 0x000000001504d000 2000 %     3       com.android.dx.dex.file.CodeItem::addContents @ 142 (174 bytes)
Event: 2.902 Thread 0x000000001504d000 nmethod 2000% 0x0000000002fc86d0 code [0x0000000002fc89e0, 0x0000000002fca3a8]
Event: 2.902 Thread 0x000000001504d000 2001       3       com.android.dx.dex.file.CodeItem::addContents (174 bytes)
Event: 2.902 Thread 0x000000001504d000 nmethod 2001 0x0000000002fc5f90 code [0x0000000002fc62a0, 0x0000000002fc7be8]
Event: 2.905 Thread 0x000000001504c000 nmethod 1995 0x0000000002ff2550 code [0x0000000002ff2700, 0x0000000002ff35b8]
Event: 2.905 Thread 0x000000001504c000 1996       4       com.android.dx.dex.code.OutputFinisher::addConstants (93 bytes)

GC Heap History (9 events):
Event: 1.063 GC heap before
{Heap before GC invocations=1 (full 0):
 PSYoungGen      total 38400K, used 33280K [0x00000000eab00000, 0x00000000ed580000, 0x0000000100000000)
  eden space 33280K, 100% used [0x00000000eab00000,0x00000000ecb80000,0x00000000ecb80000)
  from space 5120K, 0% used [0x00000000ed080000,0x00000000ed080000,0x00000000ed580000)
  to   space 5120K, 0% used [0x00000000ecb80000,0x00000000ecb80000,0x00000000ed080000)
 ParOldGen       total 87552K, used 0K [0x00000000c0000000, 0x00000000c5580000, 0x00000000eab00000)
  object space 87552K, 0% used [0x00000000c0000000,0x00000000c0000000,0x00000000c5580000)
 Metaspace       used 5941K, capacity 6896K, committed 7040K, reserved 1056768K
  class space    used 597K, capacity 616K, committed 640K, reserved 1048576K
Event: 1.090 GC heap after
Heap after GC invocations=1 (full 0):
 PSYoungGen      total 38400K, used 5115K [0x00000000eab00000, 0x00000000ef600000, 0x0000000100000000)
  eden space 33280K, 0% used [0x00000000eab00000,0x00000000eab00000,0x00000000ecb80000)
  from space 5120K, 99% used [0x00000000ecb80000,0x00000000ed07ed08,0x00000000ed080000)
  to   space 5120K, 0% used [0x00000000ef100000,0x00000000ef100000,0x00000000ef600000)
 ParOldGen       total 87552K, used 1201K [0x00000000c0000000, 0x00000000c5580000, 0x00000000eab00000)
  object space 87552K, 1% used [0x00000000c0000000,0x00000000c012c538,0x00000000c5580000)
 Metaspace       used 5941K, capacity 6896K, committed 7040K, reserved 1056768K
  class space    used 597K, capacity 616K, committed 640K, reserved 1048576K
}
Event: 1.345 GC heap before
{Heap before GC invocations=2 (full 0):
 PSYoungGen      total 38400K, used 38395K [0x00000000eab00000, 0x00000000ef600000, 0x0000000100000000)
  eden space 33280K, 100% used [0x00000000eab00000,0x00000000ecb80000,0x00000000ecb80000)
  from space 5120K, 99% used [0x00000000ecb80000,0x00000000ed07ed08,0x00000000ed080000)
  to   space 5120K, 0% used [0x00000000ef100000,0x00000000ef100000,0x00000000ef600000)
 ParOldGen       total 87552K, used 1201K [0x00000000c0000000, 0x00000000c5580000, 0x00000000eab00000)
  object space 87552K, 1% used [0x00000000c0000000,0x00000000c012c538,0x00000000c5580000)
 Metaspace       used 6139K, capacity 7024K, committed 7296K, reserved 1056768K
  class space    used 597K, capacity 616K, committed 640K, reserved 1048576K
Event: 1.363 GC heap after
Heap after GC invocations=2 (full 0):
 PSYoungGen      total 71680K, used 5115K [0x00000000eab00000, 0x00000000ef600000, 0x0000000100000000)
  eden space 66560K, 0% used [0x00000000eab00000,0x00000000eab00000,0x00000000eec00000)
  from space 5120K, 99% used [0x00000000ef100000,0x00000000ef5fec00,0x00000000ef600000)
  to   space 5120K, 0% used [0x00000000eec00000,0x00000000eec00000,0x00000000ef100000)
 ParOldGen       total 87552K, used 5502K [0x00000000c0000000, 0x00000000c5580000, 0x00000000eab00000)
  object space 87552K, 6% used [0x00000000c0000000,0x00000000c055f960,0x00000000c5580000)
 Metaspace       used 6139K, capacity 7024K, committed 7296K, reserved 1056768K
  class space    used 597K, capacity 616K, committed 640K, reserved 1048576K
}
Event: 1.620 GC heap before
{Heap before GC invocations=3 (full 0):
 PSYoungGen      total 71680K, used 71675K [0x00000000eab00000, 0x00000000ef600000, 0x0000000100000000)
  eden space 66560K, 100% used [0x00000000eab00000,0x00000000eec00000,0x00000000eec00000)
  from space 5120K, 99% used [0x00000000ef100000,0x00000000ef5fec00,0x00000000ef600000)
  to   space 5120K, 0% used [0x00000000eec00000,0x00000000eec00000,0x00000000ef100000)
 ParOldGen       total 87552K, used 5502K [0x00000000c0000000, 0x00000000c5580000, 0x00000000eab00000)
  object space 87552K, 6% used [0x00000000c0000000,0x00000000c055f960,0x00000000c5580000)
 Metaspace       used 6253K, capacity 7152K, committed 7296K, reserved 1056768K
  class space    used 598K, capacity 616K, committed 640K, reserved 1048576K
Event: 1.682 GC heap after
Heap after GC invocations=3 (full 0):
 PSYoungGen      total 71680K, used 5100K [0x00000000eab00000, 0x00000000f3700000, 0x0000000100000000)
  eden space 66560K, 0% used [0x00000000eab00000,0x00000000eab00000,0x00000000eec00000)
  from space 5120K, 99% used [0x00000000eec00000,0x00000000ef0fb088,0x00000000ef100000)
  to   space 5120K, 0% used [0x00000000f3200000,0x00000000f3200000,0x00000000f3700000)
 ParOldGen       total 87552K, used 15591K [0x00000000c0000000, 0x00000000c5580000, 0x00000000eab00000)
  object space 87552K, 17% used [0x00000000c0000000,0x00000000c0f39f20,0x00000000c5580000)
 Metaspace       used 6253K, capacity 7152K, committed 7296K, reserved 1056768K
  class space    used 598K, capacity 616K, committed 640K, reserved 1048576K
}
Event: 2.109 GC heap before
{Heap before GC invocations=4 (full 0):
 PSYoungGen      total 71680K, used 71660K [0x00000000eab00000, 0x00000000f3700000, 0x0000000100000000)
  eden space 66560K, 100% used [0x00000000eab00000,0x00000000eec00000,0x00000000eec00000)
  from space 5120K, 99% used [0x00000000eec00000,0x00000000ef0fb088,0x00000000ef100000)
  to   space 5120K, 0% used [0x00000000f3200000,0x00000000f3200000,0x00000000f3700000)
 ParOldGen       total 87552K, used 15591K [0x00000000c0000000, 0x00000000c5580000, 0x00000000eab00000)
  object space 87552K, 17% used [0x00000000c0000000,0x00000000c0f39f20,0x00000000c5580000)
 Metaspace       used 6355K, capacity 7192K, committed 7424K, reserved 1056768K
  class space    used 618K, capacity 656K, committed 768K, reserved 1048576K
Event: 2.153 GC heap after
Heap after GC invocations=4 (full 0):
 PSYoungGen      total 138240K, used 5103K [0x00000000eab00000, 0x00000000f3700000, 0x0000000100000000)
  eden space 133120K, 0% used [0x00000000eab00000,0x00000000eab00000,0x00000000f2d00000)
  from space 5120K, 99% used [0x00000000f3200000,0x00000000f36fbfe8,0x00000000f3700000)
  to   space 5120K, 0% used [0x00000000f2d00000,0x00000000f2d00000,0x00000000f3200000)
 ParOldGen       total 87552K, used 24588K [0x00000000c0000000, 0x00000000c5580000, 0x00000000eab00000)
  object space 87552K, 28% used [0x00000000c0000000,0x00000000c18032b8,0x00000000c5580000)
 Metaspace       used 6355K, capacity 7192K, committed 7424K, reserved 1056768K
  class space    used 618K, capacity 656K, committed 768K, reserved 1048576K
}
Event: 2.915 GC heap before
{Heap before GC invocations=5 (full 0):
 PSYoungGen      total 138240K, used 138223K [0x00000000eab00000, 0x00000000f3700000, 0x0000000100000000)
  eden space 133120K, 100% used [0x00000000eab00000,0x00000000f2d00000,0x00000000f2d00000)
  from space 5120K, 99% used [0x00000000f3200000,0x00000000f36fbfe8,0x00000000f3700000)
  to   space 5120K, 0% used [0x00000000f2d00000,0x00000000f2d00000,0x00000000f3200000)
 ParOldGen       total 87552K, used 24588K [0x00000000c0000000, 0x00000000c5580000, 0x00000000eab00000)
  object space 87552K, 28% used [0x00000000c0000000,0x00000000c18032b8,0x00000000c5580000)
 Metaspace       used 6515K, capacity 7256K, committed 7424K, reserved 1056768K
  class space    used 623K, capacity 656K, committed 768K, reserved 1048576K

Deoptimization events (10 events):
Event: 2.344 Thread 0x000000001728d800 Uncommon trap: reason=unstable_if action=reinterpret pc=0x0000000002d29630 method=com.android.dx.ssa.MoveParamCombiner$1.visitNonMoveInsn(Lcom/android/dx/ssa/NormalSsaInsn;)V @ 27
Event: 2.478 Thread 0x000000001728d800 Uncommon trap: reason=bimorphic action=maybe_recompile pc=0x0000000002ebaf44 method=com.android.dx.rop.code.RegisterSpec.withSimpleType()Lcom/android/dx/rop/code/RegisterSpec; @ 21
Event: 2.484 Thread 0x000000001728d800 Uncommon trap: reason=bimorphic action=maybe_recompile pc=0x0000000002ebaf44 method=com.android.dx.rop.code.RegisterSpec.withSimpleType()Lcom/android/dx/rop/code/RegisterSpec; @ 21
Event: 2.582 Thread 0x000000001728d800 Uncommon trap: reason=unstable_if action=reinterpret pc=0x0000000002c39be0 method=com.android.dx.dex.code.OutputFinisher.hasLocalInfo(Lcom/android/dx/dex/code/DalvInsn;)Z @ 24
Event: 2.677 Thread 0x0000000016893000 Uncommon trap: reason=unstable_if action=reinterpret pc=0x0000000002f6dd9c method=com.android.dx.rop.cst.CstNat.equals(Ljava/lang/Object;)Z @ 25
Event: 2.828 Thread 0x000000000257f000 Uncommon trap: reason=class_check action=maybe_recompile pc=0x0000000002cfc738 method=java.util.Arrays.hashCode([Ljava/lang/Object;)I @ 43
Event: 2.829 Thread 0x000000000257f000 Uncommon trap: reason=class_check action=maybe_recompile pc=0x0000000002cfc738 method=java.util.Arrays.hashCode([Ljava/lang/Object;)I @ 43
Event: 2.829 Thread 0x000000000257f000 Uncommon trap: reason=class_check action=maybe_recompile pc=0x0000000002cfc738 method=java.util.Arrays.hashCode([Ljava/lang/Object;)I @ 43
Event: 2.829 Thread 0x000000000257f000 Uncommon trap: reason=class_check action=maybe_recompile pc=0x0000000002cfc738 method=java.util.Arrays.hashCode([Ljava/lang/Object;)I @ 43
Event: 2.829 Thread 0x000000000257f000 Uncommon trap: reason=class_check action=maybe_recompile pc=0x0000000002cfcd28 method=java.util.Arrays.hashCode([Ljava/lang/Object;)I @ 43

Internal exceptions (7 events):
Event: 0.038 Thread 0x000000000257f000 Exception <a 'java/lang/NoSuchMethodError': Method sun.misc.Unsafe.defineClass(Ljava/lang/String;[BII)Ljava/lang/Class; name or signature does not match> (0x00000000eab12f30) thrown at [C:\re\workspace\8-2-build-windows-amd64-cygwin\jdk8u45\3457\hotspot\sr¤—þûFF£?
Event: 0.038 Thread 0x000000000257f000 Exception <a 'java/lang/NoSuchMethodError': Method sun.misc.Unsafe.prefetchRead(Ljava/lang/Object;J)V name or signature does not match> (0x00000000eab131c0) thrown at [C:\re\workspace\8-2-build-windows-amd64-cygwin\jdk8u45\3457\hotspot\src\share\vm\prims\js‰>l‹ð?
Event: 1.034 Thread 0x00000000172a0800 Implicit null exception at 0x0000000002b47908 to 0x0000000002b4a7a9
Event: 1.189 Thread 0x00000000172a0800 Implicit null exception at 0x0000000002b6065d to 0x0000000002b62b45
Event: 1.857 Thread 0x0000000016893000 Exception <a 'java/lang/ArrayIndexOutOfBoundsException': 18> (0x00000000ed19c378) thrown at [C:\re\workspace\8-2-build-windows-amd64-cygwin\jdk8u45\3457\hotspot\src\share\vm\interpreter\interpreterRuntime.cpp, line 366]
Event: 1.860 Thread 0x0000000016893000 Exception <a 'java/lang/ArrayIndexOutOfBoundsException': 145> (0x00000000ed19de48) thrown at [C:\re\workspace\8-2-build-windows-amd64-cygwin\jdk8u45\3457\hotspot\src\share\vm\interpreter\interpreterRuntime.cpp, line 366]
Event: 1.862 Thread 0x0000000016893000 Exception <a 'java/lang/ArrayIndexOutOfBoundsException'> (0x00000000ed19f080) thrown at [C:\re\workspace\8-2-build-windows-amd64-cygwin\jdk8u45\3457\hotspot\src\share\vm\runtime\sharedRuntime.cpp, line 605]

Events (10 events):
Event: 2.865 loading class com/android/dx/dex/file/CatchStructs done
Event: 2.875 Thread 0x000000000257f000 DEOPT PACKING pc=0x0000000002fc19bc sp=0x00000000027ff0d0
Event: 2.875 Thread 0x000000000257f000 DEOPT UNPACKING pc=0x000000000284787f sp=0x00000000027fee60 mode 0
Event: 2.878 Thread 0x000000000257f000 DEOPT PACKING pc=0x0000000002fbfd38 sp=0x00000000027feff0
Event: 2.878 Thread 0x000000000257f000 DEOPT UNPACKING pc=0x000000000284787f sp=0x00000000027fed98 mode 0
Event: 2.892 Thread 0x000000000257f000 DEOPT PACKING pc=0x0000000002fc28fc sp=0x00000000027ff100
Event: 2.892 Thread 0x000000000257f000 DEOPT UNPACKING pc=0x000000000284787f sp=0x00000000027fee50 mode 0
Event: 2.902 Thread 0x000000000257f000 DEOPT PACKING pc=0x0000000002fc3528 sp=0x00000000027ff190
Event: 2.902 Thread 0x000000000257f000 DEOPT UNPACKING pc=0x000000000284787f sp=0x00000000027fef10 mode 0
Event: 2.915 Executing VM operation: ParallelGCFailedAllocation


Dynamic libraries:
0x000000013fba0000 - 0x000000013fbd7000 	C:\Program Files\Java\jdk1.8.0_45\bin\java.exe
0x0000000076ef0000 - 0x000000007709a000 	C:\Windows\SYSTEM32\ntdll.dll
0x0000000076dd0000 - 0x0000000076eef000 	C:\Windows\system32\kernel32.dll
0x000007fefcfa0000 - 0x000007fefd00b000 	C:\Windows\system32\KERNELBASE.dll
0x000007fefd8e0000 - 0x000007fefd9bb000 	C:\Windows\system32\ADVAPI32.dll
0x000007fefedc0000 - 0x000007fefee5f000 	C:\Windows\system32\msvcrt.dll
0x000007feff0e0000 - 0x000007feff0ff000 	C:\Windows\SYSTEM32\sechost.dll
0x000007fefd620000 - 0x000007fefd74d000 	C:\Windows\system32\RPCRT4.dll
0x0000000076cd0000 - 0x0000000076dca000 	C:\Windows\system32\USER32.dll
0x000007fefee60000 - 0x000007fefeec7000 	C:\Windows\system32\GDI32.dll
0x000007fefd9c0000 - 0x000007fefd9ce000 	C:\Windows\system32\LPK.dll
0x000007fefd280000 - 0x000007fefd34a000 	C:\Windows\system32\USP10.dll
0x000007fefb270000 - 0x000007fefb464000 	C:\Windows\WinSxS\amd64_microsoft.windows.common-controls_6595b64144ccf1df_6.0.7601.18837_none_fa3b1e3d17594757\COMCTL32.dll
0x000007fefe970000 - 0x000007fefe9e1000 	C:\Windows\system32\SHLWAPI.dll
0x000007fefd9d0000 - 0x000007fefd9fe000 	C:\Windows\system32\IMM32.DLL
0x000007fefd170000 - 0x000007fefd279000 	C:\Windows\system32\MSCTF.dll
0x000000006ba10000 - 0x000000006bae2000 	C:\Program Files\Java\jdk1.8.0_45\jre\bin\msvcr100.dll
0x0000000053fc0000 - 0x0000000054843000 	C:\Program Files\Java\jdk1.8.0_45\jre\bin\server\jvm.dll
0x000007fef9580000 - 0x000007fef9589000 	C:\Windows\system32\WSOCK32.dll
0x000007feff110000 - 0x000007feff15d000 	C:\Windows\system32\WS2_32.dll
0x000007feff100000 - 0x000007feff108000 	C:\Windows\system32\NSI.dll
0x000007fefae90000 - 0x000007fefaecb000 	C:\Windows\system32\WINMM.dll
0x000007fefbdf0000 - 0x000007fefbdfc000 	C:\Windows\system32\VERSION.dll
0x00000000770c0000 - 0x00000000770c7000 	C:\Windows\system32\PSAPI.DLL
0x0000000074800000 - 0x000000007480f000 	C:\Program Files\Java\jdk1.8.0_45\jre\bin\verify.dll
0x00000000747d0000 - 0x00000000747f9000 	C:\Program Files\Java\jdk1.8.0_45\jre\bin\java.dll
0x0000000074790000 - 0x00000000747a6000 	C:\Program Files\Java\jdk1.8.0_45\jre\bin\zip.dll
0x000007fefdbe0000 - 0x000007fefe96a000 	C:\Windows\system32\SHELL32.dll
0x000007fefeed0000 - 0x000007feff0d3000 	C:\Windows\system32\ole32.dll
0x000007fefcc80000 - 0x000007fefcc8f000 	C:\Windows\system32\profapi.dll

VM Arguments:
jvm_args: -Djava.awt.headless=true -Xmx1024M -Dfile.encoding=x-windows-949 -Duser.country=KR -Duser.language=ko -Duser.variant 
java_command: com.android.dx.command.Main --dex --num-threads=4 --output D:\Project\Android\Test\InterviewApp\app\build\intermediates\pre-dexed\debug\com.android.support-appcompat-v7-23.2.0_e028bda6c812c8a45f0eb54e3e903290031e672b.jar D:\Project\Android\Test\InterviewApp\app\build\intermediates\exploded-aar\com.android.support\appcompat-v7\23.2.0\jars\classes.jar
java_class_path (initial): C:\Users\SISCOS\AppData\Local\Android\sdk\build-tools\23.0.2\lib\dx.jar
Launcher Type: SUN_STANDARD

Environment Variables:
JAVA_HOME=C:\Program Files\Java\jdk1.8.0_45
PATH=C:\ProgramData\Oracle\Java\javapath;C:\Program Files (x86)\Wizvera\Delfino;C:\Program Files (x86)\Intel\iCLS Client\;C:\Program Files\Intel\iCLS Client\;C:\Windows\system32;C:\Windows;C:\Windows\System32\Wbem;C:\Windows\System32\WindowsPowerShell\v1.0\;C:\Program Files\Intel\Intel(R) Management Engine Components\DAL;C:\Program Files\Intel\Intel(R) Management Engine Components\IPT;C:\Program Files (x86)\Intel\Intel(R) Management Engine Components\DAL;C:\Program Files (x86)\Intel\Intel(R) Management Engine Components\IPT;C:\Program Files\Microsoft SQL Server\110\Tools\Binn\;C:\Program Files (x86)\Intel\OpenCL SDK\2.0\bin\x86;C:\Program Files (x86)\Intel\OpenCL SDK\2.0\bin\x64;C:\Python33;C:\Program Files\Java\jdk1.8.0_45\bin;C:\Program Files\Java\jre1.8.0_45\bin;C:\Program Files (x86)\Microsoft SQL Server\100\Tools\Binn\;C:\Program Files\Microsoft SQL Server\100\Tools\Binn\;C:\Program Files\Microsoft SQL Server\100\DTS\Binn\;C:\Program Files (x86)\Skype\Phone\;C:\Program Files (x86)\GnuWin32\bin;C:\Users\SISCOS\AppData\Local\Android\sdk\platform-tools;C:\Program Files (x86)\ESTsoft\ALSee\x64
USERNAME=SISCOS
OS=Windows_NT
PROCESSOR_IDENTIFIER=Intel64 Family 6 Model 58 Stepping 9, GenuineIntel



---------------  S Y S T E M  ---------------

OS: Windows 7 , 64 bit Build 7601 (6.1.7601.19135)

CPU:total 4 (4 cores per cpu, 1 threads per core) family 6 model 58 stepping 9, cmov, cx8, fxsr, mmx, sse, sse2, sse3, ssse3, sse4.1, sse4.2, popcnt, avx, aes, clmul, erms, tsc, tscinvbit, tscinv

Memory: 4k page, physical 8273604k(1888532k free), swap 10346392k(5056k free)

vm_info: Java HotSpot(TM) 64-Bit Server VM (25.45-b02) for windows-amd64 JRE (1.8.0_45-b14), built on Apr 10 2015 10:34:15 by "java_re" with MS VC++ 10.0 (VS2010)

time: Wed Mar 09 16:03:28 2016
elapsed time: 2 seconds (0d 0h 0m 2s)

