#
# A fatal error has been detected by the Java Runtime Environment:
#
#  Internal Error (0xc06d007e), pid=6700, tid=8848
#
# JRE version:  (8.0_45-b14) (build )
# Java VM: Java HotSpot(TM) 64-Bit Server VM (25.45-b02 mixed mode windows-amd64 compressed oops)
# Problematic frame:
# C  [KERNELBASE.dll+0x965d]
#
# Failed to write core dump. Minidumps are not enabled by default on client versions of Windows
#
# If you would like to submit a bug report, please visit:
#   http://bugreport.java.com/bugreport/crash.jsp
# The crash happened outside the Java Virtual Machine in native code.
# See problematic frame for where to report the bug.
#

---------------  T H R E A D  ---------------

Current thread (0x000000000263f000):  JavaThread "main" [_thread_in_native, id=8848, stack(0x0000000002690000,0x0000000002790000)]

siginfo: ExceptionCode=0xc06d007e, ExceptionInformation=0x000000000278e720 

Registers:
RAX=0x00000000757fd9ea, RBX=0x0000000000000000, RCX=0x000000000278e020, RDX=0x0000000000000160
RSP=0x000000000278e630, RBP=0x000000000278e778, RSI=0x000000005ba8d7ac, RDI=0x0000000000000000
R8 =0x0000000000000000, R9 =0x0000000000000000, R10=0x0000000000000013, R11=0x000000000278e670
R12=0x0000000000000001, R13=0x000000005ba95780, R14=0x000000005ba95510, R15=0x000000005ba8d838
RIP=0x000007fefd7c965d, EFLAGS=0x0000000000000202

Top of Stack: (sp=0x000000000278e630)
0x000000000278e630:   0000000000000000 000000005ba8d7ac
0x000000000278e640:   0000000000000000 00000000777810a8
0x000000000278e650:   00000000c06d007e 0000000000000000
0x000000000278e660:   000007fefd7c965d 0000000000000001
0x000000000278e670:   000000000278e720 000007fefd7d9f6f
0x000000000278e680:   0000000000000000 0000000000000000
0x000000000278e690:   0000000000000000 0000000000000001
0x000000000278e6a0:   0000000000000000 0000000000000000
0x000000000278e6b0:   00000000000c000b 000000005ba8caa0
0x000000000278e6c0:   0000000000000000 0000000077626564
0x000000000278e6d0:   000000005ba8caa0 0000000055994e7e
0x000000000278e6e0:   000000005ba8b68c 0000000055965695
0x000000000278e6f0:   0000000000000000 000000005ba88507
0x000000000278e700:   0000000000000040 0000000000000000
0x000000000278e710:   0000000000000001 00000000559938a8
0x000000000278e720:   0000000000000048 000000005ba8d7ac 

Instructions: (pc=0x000007fefd7c965d)
0x000007fefd7c963d:   54 24 24 48 89 4c 24 28 4d 85 c9 0f 85 5a 1a 01
0x000007fefd7c964d:   00 89 4c 24 38 48 8d 4c 24 20 ff 15 43 1c 04 00
0x000007fefd7c965d:   48 81 c4 c8 00 00 00 c3 90 90 90 90 90 90 90 90
0x000007fefd7c966d:   90 90 90 48 8b c4 48 89 58 08 48 89 68 10 48 89 


Register to memory mapping:

RAX=0x00000000757fd9ea is an unknown value
RBX=0x0000000000000000 is an unknown value
RCX=0x000000000278e020 is pointing into the stack for thread: 0x000000000263f000
RDX=0x0000000000000160 is an unknown value
RSP=0x000000000278e630 is pointing into the stack for thread: 0x000000000263f000
RBP=0x000000000278e778 is pointing into the stack for thread: 0x000000000263f000
RSI=0x000000005ba8d7ac is an unknown value
RDI=0x0000000000000000 is an unknown value
R8 =0x0000000000000000 is an unknown value
R9 =0x0000000000000000 is an unknown value
R10=0x0000000000000013 is an unknown value
R11=0x000000000278e670 is pointing into the stack for thread: 0x000000000263f000
R12=0x0000000000000001 is an unknown value
R13=0x000000005ba95780 is an unknown value
R14=0x000000005ba95510 is an unknown value
R15=0x000000005ba8d838 is an unknown value


Stack: [0x0000000002690000,0x0000000002790000],  sp=0x000000000278e630,  free space=1017k
Native frames: (J=compiled Java code, j=interpreted, Vv=VM code, C=native code)
C  [KERNELBASE.dll+0x965d]

Java frames: (J=compiled Java code, j=interpreted, Vv=VM code)
j  java.lang.System.initProperties(Ljava/util/Properties;)Ljava/util/Properties;+0
j  java.lang.System.initializeSystemClass()V+13
v  ~StubRoutines::call_stub

---------------  P R O C E S S  ---------------

Java Threads: ( => current thread )
  0x0000000015266000 JavaThread "Finalizer" daemon [_thread_blocked, id=9244, stack(0x00000000166a0000,0x00000000167a0000)]
  0x000000001525f000 JavaThread "Reference Handler" daemon [_thread_blocked, id=8404, stack(0x00000000164d0000,0x00000000165d0000)]
=>0x000000000263f000 JavaThread "main" [_thread_in_native, id=8848, stack(0x0000000002690000,0x0000000002790000)]

Other Threads:
  0x000000001525b800 VMThread [stack: 0x0000000016200000,0x0000000016300000] [id=3044]

VM state:not at safepoint (normal execution)

VM Mutex/Monitor currently owned by a thread: None

Heap:
 PSYoungGen      total 38400K, used 1331K [0x00000000eab00000, 0x00000000ed580000, 0x0000000100000000)
  eden space 33280K, 4% used [0x00000000eab00000,0x00000000eac4cd80,0x00000000ecb80000)
  from space 5120K, 0% used [0x00000000ed080000,0x00000000ed080000,0x00000000ed580000)
  to   space 5120K, 0% used [0x00000000ecb80000,0x00000000ecb80000,0x00000000ed080000)
 ParOldGen       total 87552K, used 0K [0x00000000c0000000, 0x00000000c5580000, 0x00000000eab00000)
  object space 87552K, 0% used [0x00000000c0000000,0x00000000c0000000,0x00000000c5580000)
 Metaspace       used 957K, capacity 4480K, committed 4480K, reserved 1056768K
  class space    used 99K, capacity 384K, committed 384K, reserved 1048576K

Card table byte_map: [0x0000000011c50000,0x0000000011e60000] byte_map_base: 0x0000000011650000

Marking Bits: (ParMarkBitMap*) 0x0000000051ef4040
 Begin Bits: [0x00000000126d0000, 0x00000000136d0000)
 End Bits:   [0x00000000136d0000, 0x00000000146d0000)

Polling page: 0x0000000000230000

CodeCache: size=245760Kb used=402Kb max_used=402Kb free=245358Kb
 bounds [0x0000000002890000, 0x0000000002b00000, 0x0000000011890000]
 total_blobs=99 nmethods=0 adapters=73
 compilation: enabled

Compilation events (0 events):
No events

GC Heap History (0 events):
No events

Deoptimization events (0 events):
No events

Internal exceptions (0 events):
No events

Events (10 events):
Event: 0.031 loading class java/lang/ref/Finalizer$FinalizerThread done
Event: 0.031 Thread 0x0000000015266000 Thread added: 0x0000000015266000
Event: 0.031 loading class sun/misc/VM
Event: 0.031 loading class java/util/Hashtable$Entry
Event: 0.031 loading class java/util/Map$Entry
Event: 0.031 loading class sun/misc/VM done
Event: 0.031 loading class java/util/Map$Entry done
Event: 0.031 loading class java/util/Hashtable$Entry done
Event: 0.031 loading class java/lang/Math
Event: 0.031 loading class java/lang/Math done


Dynamic libraries:
0x000000013f350000 - 0x000000013f387000 	C:\Program Files\Java\jdk1.8.0_45\bin\java.exe
0x0000000077730000 - 0x00000000778da000 	C:\Windows\SYSTEM32\ntdll.dll
0x0000000077610000 - 0x000000007772f000 	C:\Windows\system32\kernel32.dll
0x000007fefd7c0000 - 0x000007fefd82b000 	C:\Windows\system32\KERNELBASE.dll
0x000007fefe520000 - 0x000007fefe5fb000 	C:\Windows\system32\ADVAPI32.dll
0x000007feff780000 - 0x000007feff81f000 	C:\Windows\system32\msvcrt.dll
0x000007feff8f0000 - 0x000007feff90f000 	C:\Windows\SYSTEM32\sechost.dll
0x000007fefe3d0000 - 0x000007fefe4fd000 	C:\Windows\system32\RPCRT4.dll
0x0000000077510000 - 0x000000007760a000 	C:\Windows\system32\USER32.dll
0x000007fefe860000 - 0x000007fefe8c7000 	C:\Windows\system32\GDI32.dll
0x000007fefe500000 - 0x000007fefe50e000 	C:\Windows\system32\LPK.dll
0x000007feff820000 - 0x000007feff8ea000 	C:\Windows\system32\USP10.dll
0x000007fefc060000 - 0x000007fefc254000 	C:\Windows\WinSxS\amd64_microsoft.windows.common-controls_6595b64144ccf1df_6.0.7601.18837_none_fa3b1e3d17594757\COMCTL32.dll
0x000007fefe600000 - 0x000007fefe671000 	C:\Windows\system32\SHLWAPI.dll
0x000007fefd870000 - 0x000007fefd89e000 	C:\Windows\system32\IMM32.DLL
0x000007feff910000 - 0x000007feffa19000 	C:\Windows\system32\MSCTF.dll
0x0000000055940000 - 0x0000000055a12000 	C:\Program Files\Java\jdk1.8.0_45\jre\bin\msvcr100.dll
0x00000000516f0000 - 0x0000000051f73000 	C:\Program Files\Java\jdk1.8.0_45\jre\bin\server\jvm.dll
0x000007fefa450000 - 0x000007fefa459000 	C:\Windows\system32\WSOCK32.dll
0x000007fefd8a0000 - 0x000007fefd8ed000 	C:\Windows\system32\WS2_32.dll
0x000007fefe510000 - 0x000007fefe518000 	C:\Windows\system32\NSI.dll
0x000007fefb160000 - 0x000007fefb19b000 	C:\Windows\system32\WINMM.dll
0x000007fefc630000 - 0x000007fefc63c000 	C:\Windows\system32\VERSION.dll
0x0000000077900000 - 0x0000000077907000 	C:\Windows\system32\PSAPI.DLL
0x000000006d090000 - 0x000000006d09f000 	C:\Program Files\Java\jdk1.8.0_45\jre\bin\verify.dll
0x000000005ba70000 - 0x000000005ba99000 	C:\Program Files\Java\jdk1.8.0_45\jre\bin\java.dll
0x0000000061970000 - 0x0000000061986000 	C:\Program Files\Java\jdk1.8.0_45\jre\bin\zip.dll

VM Arguments:
jvm_args: -Djava.awt.headless=true -Xmx1024M -Dfile.encoding=x-windows-949 -Duser.country=KR -Duser.language=ko -Duser.variant 
java_command: com.android.dx.command.Main --dex --num-threads=4 --output D:\Project\Android\Test\InterviewApp\app\build\intermediates\pre-dexed\debug\com.android.support-support-vector-drawable-23.2.0_ee2b5ab2068f90fa4243a574b66d2a5276489c4d.jar D:\Project\Android\Test\InterviewApp\app\build\intermediates\exploded-aar\com.android.support\support-vector-drawable\23.2.0\jars\classes.jar
java_class_path (initial): C:\Users\SISCOS\AppData\Local\Android\sdk\build-tools\23.0.2\lib\dx.jar
Launcher Type: SUN_STANDARD

Environment Variables:
JAVA_HOME=C:\Program Files\Java\jdk1.8.0_45
PATH=C:\ProgramData\Oracle\Java\javapath;C:\Program Files (x86)\Wizvera\Delfino;C:\Program Files (x86)\Intel\iCLS Client\;C:\Program Files\Intel\iCLS Client\;C:\Windows\system32;C:\Windows;C:\Windows\System32\Wbem;C:\Windows\System32\WindowsPowerShell\v1.0\;C:\Program Files\Intel\Intel(R) Management Engine Components\DAL;C:\Program Files\Intel\Intel(R) Management Engine Components\IPT;C:\Program Files (x86)\Intel\Intel(R) Management Engine Components\DAL;C:\Program Files (x86)\Intel\Intel(R) Management Engine Components\IPT;C:\Program Files\Microsoft SQL Server\110\Tools\Binn\;C:\Program Files (x86)\Intel\OpenCL SDK\2.0\bin\x86;C:\Program Files (x86)\Intel\OpenCL SDK\2.0\bin\x64;C:\Python33;C:\Program Files\Java\jdk1.8.0_45\bin;C:\Program Files\Java\jre1.8.0_45\bin;C:\Program Files (x86)\Microsoft SQL Server\100\Tools\Binn\;C:\Program Files\Microsoft SQL Server\100\Tools\Binn\;C:\Program Files\Microsoft SQL Server\100\DTS\Binn\;C:\Program Files (x86)\Skype\Phone\;C:\Program Files (x86)\GnuWin32\bin
USERNAME=SISCOS
OS=Windows_NT
PROCESSOR_IDENTIFIER=Intel64 Family 6 Model 58 Stepping 9, GenuineIntel



---------------  S Y S T E M  ---------------

OS: Windows 7 , 64 bit Build 7601 (6.1.7601.19135)

CPU:total 4 (4 cores per cpu, 1 threads per core) family 6 model 58 stepping 9, cmov, cx8, fxsr, mmx, sse, sse2, sse3, ssse3, sse4.1, sse4.2, popcnt, avx, aes, clmul, erms, tsc, tscinvbit, tscinv

Memory: 4k page, physical 8273604k(1486552k free), swap 10346392k(1064k free)

vm_info: Java HotSpot(TM) 64-Bit Server VM (25.45-b02) for windows-amd64 JRE (1.8.0_45-b14), built on Apr 10 2015 10:34:15 by "java_re" with MS VC++ 10.0 (VS2010)

time: Wed Mar 09 02:20:51 2016
elapsed time: 0 seconds (0d 0h 0m 0s)

